2022-03-06 13:36:59.850  INFO 54387 --- [restartedMain] com.phms.PhmsApp                         : Starting PhmsApp on deMacBook-Pro.local with PID 54387 (/Users/xiaoluobo/Downloads/phms/target/classes started by xiaoluobo in /Users/xiaoluobo/Downloads/phms)
2022-03-06 13:36:59.851  INFO 54387 --- [restartedMain] com.phms.PhmsApp                         : No active profile set, falling back to default profiles: default
2022-03-06 13:36:59.878  INFO 54387 --- [restartedMain] .e.DevToolsPropertyDefaultsPostProcessor : Devtools property defaults active! Set 'spring.devtools.add-properties' to 'false' to disable
2022-03-06 13:36:59.879  INFO 54387 --- [restartedMain] .e.DevToolsPropertyDefaultsPostProcessor : For additional web related logging consider setting the 'logging.level.web' property to 'DEBUG'
2022-03-06 13:37:00.353  INFO 54387 --- [restartedMain] o.s.c.a.ConfigurationClassPostProcessor  : Cannot enhance @Configuration bean definition 'myBatisConfiguration' since its singleton instance has been created too early. The typical cause is a non-static @Bean method with a BeanDefinitionRegistryPostProcessor return type: Consider declaring such methods as 'static'.
2022-03-06 13:37:00.438  INFO 54387 --- [restartedMain] trationDelegate$BeanPostProcessorChecker : Bean 'shiroConfig' of type [com.phms.config.ShiroConfig$$EnhancerBySpringCGLIB$$9c5b1df6] is not eligible for getting processed by all BeanPostProcessors (for example: not eligible for auto-proxying)
2022-03-06 13:37:00.442  INFO 54387 --- [restartedMain] trationDelegate$BeanPostProcessorChecker : Bean 'org.springframework.transaction.annotation.ProxyTransactionManagementConfiguration' of type [org.springframework.transaction.annotation.ProxyTransactionManagementConfiguration] is not eligible for getting processed by all BeanPostProcessors (for example: not eligible for auto-proxying)
2022-03-06 13:37:00.458  INFO 54387 --- [restartedMain] trationDelegate$BeanPostProcessorChecker : Bean 'druidConfiguration' of type [com.phms.config.DruidConfiguration$$EnhancerBySpringCGLIB$$378c3c9] is not eligible for getting processed by all BeanPostProcessors (for example: not eligible for auto-proxying)
2022-03-06 13:37:00.490  INFO 54387 --- [restartedMain] trationDelegate$BeanPostProcessorChecker : Bean 'statFilter' of type [com.alibaba.druid.filter.stat.StatFilter] is not eligible for getting processed by all BeanPostProcessors (for example: not eligible for auto-proxying)
2022-03-06 13:37:00.545  INFO 54387 --- [restartedMain] com.alibaba.druid.pool.DruidDataSource   : {dataSource-1,test} inited
2022-03-06 13:37:00.545  INFO 54387 --- [restartedMain] trationDelegate$BeanPostProcessorChecker : Bean 'dataSource' of type [com.alibaba.druid.pool.DruidDataSource] is not eligible for getting processed by all BeanPostProcessors (for example: not eligible for auto-proxying)
2022-03-06 13:37:00.556  INFO 54387 --- [restartedMain] trationDelegate$BeanPostProcessorChecker : Bean 'spring.datasource-org.springframework.boot.autoconfigure.jdbc.DataSourceProperties' of type [org.springframework.boot.autoconfigure.jdbc.DataSourceProperties] is not eligible for getting processed by all BeanPostProcessors (for example: not eligible for auto-proxying)
2022-03-06 13:37:00.559  INFO 54387 --- [restartedMain] trationDelegate$BeanPostProcessorChecker : Bean 'org.springframework.boot.autoconfigure.jdbc.DataSourceInitializerInvoker' of type [org.springframework.boot.autoconfigure.jdbc.DataSourceInitializerInvoker] is not eligible for getting processed by all BeanPostProcessors (for example: not eligible for auto-proxying)
2022-03-06 13:37:00.621  INFO 54387 --- [restartedMain] trationDelegate$BeanPostProcessorChecker : Bean 'sqlSessionFactory' of type [org.mybatis.spring.SqlSessionFactoryBean] is not eligible for getting processed by all BeanPostProcessors (for example: not eligible for auto-proxying)
2022-03-06 13:37:00.622  INFO 54387 --- [restartedMain] trationDelegate$BeanPostProcessorChecker : Bean 'sqlSessionFactory' of type [org.apache.ibatis.session.defaults.DefaultSqlSessionFactory] is not eligible for getting processed by all BeanPostProcessors (for example: not eligible for auto-proxying)
2022-03-06 13:37:00.628  INFO 54387 --- [restartedMain] trationDelegate$BeanPostProcessorChecker : Bean 'mybatis-plus-com.baomidou.mybatisplus.autoconfigure.MybatisPlusProperties' of type [com.baomidou.mybatisplus.autoconfigure.MybatisPlusProperties] is not eligible for getting processed by all BeanPostProcessors (for example: not eligible for auto-proxying)
2022-03-06 13:37:00.633  INFO 54387 --- [restartedMain] trationDelegate$BeanPostProcessorChecker : Bean 'com.baomidou.mybatisplus.autoconfigure.MybatisPlusAutoConfiguration' of type [com.baomidou.mybatisplus.autoconfigure.MybatisPlusAutoConfiguration$$EnhancerBySpringCGLIB$$e2ff741] is not eligible for getting processed by all BeanPostProcessors (for example: not eligible for auto-proxying)
2022-03-06 13:37:00.637  INFO 54387 --- [restartedMain] trationDelegate$BeanPostProcessorChecker : Bean 'sqlSessionTemplate' of type [org.mybatis.spring.SqlSessionTemplate] is not eligible for getting processed by all BeanPostProcessors (for example: not eligible for auto-proxying)
2022-03-06 13:37:00.694  INFO 54387 --- [restartedMain] trationDelegate$BeanPostProcessorChecker : Bean 'userMapper' of type [org.mybatis.spring.mapper.MapperFactoryBean] is not eligible for getting processed by all BeanPostProcessors (for example: not eligible for auto-proxying)
2022-03-06 13:37:00.695  INFO 54387 --- [restartedMain] trationDelegate$BeanPostProcessorChecker : Bean 'userMapper' of type [com.sun.proxy.$Proxy59] is not eligible for getting processed by all BeanPostProcessors (for example: not eligible for auto-proxying)
2022-03-06 13:37:00.712  INFO 54387 --- [restartedMain] trationDelegate$BeanPostProcessorChecker : Bean 'userRoleMapper' of type [org.mybatis.spring.mapper.MapperFactoryBean] is not eligible for getting processed by all BeanPostProcessors (for example: not eligible for auto-proxying)
2022-03-06 13:37:00.713  INFO 54387 --- [restartedMain] trationDelegate$BeanPostProcessorChecker : Bean 'userRoleMapper' of type [com.sun.proxy.$Proxy61] is not eligible for getting processed by all BeanPostProcessors (for example: not eligible for auto-proxying)
2022-03-06 13:37:00.716  INFO 54387 --- [restartedMain] trationDelegate$BeanPostProcessorChecker : Bean 'customRealm' of type [com.phms.shiro.CustomRealm] is not eligible for getting processed by all BeanPostProcessors (for example: not eligible for auto-proxying)
2022-03-06 13:37:00.842  INFO 54387 --- [restartedMain] trationDelegate$BeanPostProcessorChecker : Bean 'sessionManager' of type [org.apache.shiro.web.session.mgt.DefaultWebSessionManager] is not eligible for getting processed by all BeanPostProcessors (for example: not eligible for auto-proxying)
2022-03-06 13:37:00.846  INFO 54387 --- [restartedMain] trationDelegate$BeanPostProcessorChecker : Bean 'securityManager' of type [org.apache.shiro.web.mgt.DefaultWebSecurityManager] is not eligible for getting processed by all BeanPostProcessors (for example: not eligible for auto-proxying)
2022-03-06 13:37:00.988  INFO 54387 --- [restartedMain] o.s.b.w.embedded.tomcat.TomcatWebServer  : Tomcat initialized with port(s): 8086 (http)
2022-03-06 13:37:00.994  INFO 54387 --- [restartedMain] o.a.coyote.http11.Http11NioProtocol      : Initializing ProtocolHandler ["http-nio-8086"]
2022-03-06 13:37:00.994  INFO 54387 --- [restartedMain] o.apache.catalina.core.StandardService   : Starting service [Tomcat]
2022-03-06 13:37:00.994  INFO 54387 --- [restartedMain] org.apache.catalina.core.StandardEngine  : Starting Servlet engine: [Apache Tomcat/9.0.29]
2022-03-06 13:37:01.061  INFO 54387 --- [restartedMain] o.a.c.c.C.[Tomcat].[localhost].[/]       : Initializing Spring embedded WebApplicationContext
2022-03-06 13:37:01.061  INFO 54387 --- [restartedMain] o.s.web.context.ContextLoader            : Root WebApplicationContext: initialization completed in 1182 ms
2022-03-06 13:37:01.112  INFO 54387 --- [restartedMain] com.phms.listener.ListenerTest           : -------监听器初始化-------
2022-03-06 13:37:01.114  INFO 54387 --- [restartedMain] com.phms.filter.TimeFilter               : =======初始化过滤器=========
2022-03-06 13:37:01.352  INFO 54387 --- [restartedMain] o.s.s.concurrent.ThreadPoolTaskExecutor  : Initializing ExecutorService 'applicationTaskExecutor'
2022-03-06 13:37:01.545  INFO 54387 --- [restartedMain] o.s.b.d.a.OptionalLiveReloadServer       : LiveReload server is running on port 35729
2022-03-06 13:37:01.572  INFO 54387 --- [restartedMain] o.a.coyote.http11.Http11NioProtocol      : Starting ProtocolHandler ["http-nio-8086"]
2022-03-06 13:37:01.586  INFO 54387 --- [restartedMain] o.s.b.w.embedded.tomcat.TomcatWebServer  : Tomcat started on port(s): 8086 (http) with context path ''
2022-03-06 13:37:01.588  INFO 54387 --- [restartedMain] com.phms.PhmsApp                         : Started PhmsApp in 1.981 seconds (JVM running for 2.479)
2022-03-06 13:37:22.398  INFO 54387 --- [http-nio-8086-exec-1] o.a.c.c.C.[Tomcat].[localhost].[/]       : Initializing Spring DispatcherServlet 'dispatcherServlet'
2022-03-06 13:37:22.399  INFO 54387 --- [http-nio-8086-exec-1] o.s.web.servlet.DispatcherServlet        : Initializing Servlet 'dispatcherServlet'
2022-03-06 13:37:22.403  INFO 54387 --- [http-nio-8086-exec-1] o.s.web.servlet.DispatcherServlet        : Completed initialization in 4 ms
2022-03-06 13:37:24.188  INFO 54387 --- [http-nio-8086-exec-10] com.phms.shiro.CustomRealm               : user---身份认证成功
2022-03-06 13:37:24.203  INFO 54387 --- [http-nio-8086-exec-10] com.phms.service.impl.UserServiceImpl    : 欢迎登录------您的权限是[User]
