2022-02-20 22:48:14.800  INFO 15004 --- [restartedMain] com.phms.PhmsApp                         : Starting PhmsApp on deMacBook-Pro.local with PID 15004 (started by xiaoluobo in /Users/xiaoluobo/Desktop/FYP /0000006宠物医院管理系统/源代码/phms)
2022-02-20 22:48:14.802  INFO 15004 --- [restartedMain] com.phms.PhmsApp                         : No active profile set, falling back to default profiles: default
2022-02-20 22:48:14.842  INFO 15004 --- [restartedMain] .e.DevToolsPropertyDefaultsPostProcessor : Devtools property defaults active! Set 'spring.devtools.add-properties' to 'false' to disable
2022-02-20 22:48:14.842  INFO 15004 --- [restartedMain] .e.DevToolsPropertyDefaultsPostProcessor : For additional web related logging consider setting the 'logging.level.web' property to 'DEBUG'
2022-02-20 22:48:15.501  INFO 15004 --- [restartedMain] o.s.c.a.ConfigurationClassPostProcessor  : Cannot enhance @Configuration bean definition 'myBatisConfiguration' since its singleton instance has been created too early. The typical cause is a non-static @Bean method with a BeanDefinitionRegistryPostProcessor return type: Consider declaring such methods as 'static'.
2022-02-20 22:48:15.622  INFO 15004 --- [restartedMain] trationDelegate$BeanPostProcessorChecker : Bean 'shiroConfig' of type [com.phms.config.ShiroConfig$$EnhancerBySpringCGLIB$$46dc09e0] is not eligible for getting processed by all BeanPostProcessors (for example: not eligible for auto-proxying)
2022-02-20 22:48:15.627  INFO 15004 --- [restartedMain] trationDelegate$BeanPostProcessorChecker : Bean 'org.springframework.transaction.annotation.ProxyTransactionManagementConfiguration' of type [org.springframework.transaction.annotation.ProxyTransactionManagementConfiguration] is not eligible for getting processed by all BeanPostProcessors (for example: not eligible for auto-proxying)
2022-02-20 22:48:15.656  INFO 15004 --- [restartedMain] trationDelegate$BeanPostProcessorChecker : Bean 'druidConfiguration' of type [com.phms.config.DruidConfiguration$$EnhancerBySpringCGLIB$$adf9afb3] is not eligible for getting processed by all BeanPostProcessors (for example: not eligible for auto-proxying)
2022-02-20 22:48:15.708  INFO 15004 --- [restartedMain] trationDelegate$BeanPostProcessorChecker : Bean 'statFilter' of type [com.alibaba.druid.filter.stat.StatFilter] is not eligible for getting processed by all BeanPostProcessors (for example: not eligible for auto-proxying)
2022-02-20 22:48:15.795  INFO 15004 --- [restartedMain] com.alibaba.druid.pool.DruidDataSource   : {dataSource-1,test} inited
2022-02-20 22:48:15.795  INFO 15004 --- [restartedMain] trationDelegate$BeanPostProcessorChecker : Bean 'dataSource' of type [com.alibaba.druid.pool.DruidDataSource] is not eligible for getting processed by all BeanPostProcessors (for example: not eligible for auto-proxying)
2022-02-20 22:48:15.812  INFO 15004 --- [restartedMain] trationDelegate$BeanPostProcessorChecker : Bean 'spring.datasource-org.springframework.boot.autoconfigure.jdbc.DataSourceProperties' of type [org.springframework.boot.autoconfigure.jdbc.DataSourceProperties] is not eligible for getting processed by all BeanPostProcessors (for example: not eligible for auto-proxying)
2022-02-20 22:48:15.815  INFO 15004 --- [restartedMain] trationDelegate$BeanPostProcessorChecker : Bean 'org.springframework.boot.autoconfigure.jdbc.DataSourceInitializerInvoker' of type [org.springframework.boot.autoconfigure.jdbc.DataSourceInitializerInvoker] is not eligible for getting processed by all BeanPostProcessors (for example: not eligible for auto-proxying)
2022-02-20 22:48:15.927  INFO 15004 --- [restartedMain] trationDelegate$BeanPostProcessorChecker : Bean 'sqlSessionFactory' of type [org.mybatis.spring.SqlSessionFactoryBean] is not eligible for getting processed by all BeanPostProcessors (for example: not eligible for auto-proxying)
2022-02-20 22:48:15.928  INFO 15004 --- [restartedMain] trationDelegate$BeanPostProcessorChecker : Bean 'sqlSessionFactory' of type [org.apache.ibatis.session.defaults.DefaultSqlSessionFactory] is not eligible for getting processed by all BeanPostProcessors (for example: not eligible for auto-proxying)
2022-02-20 22:48:15.936  INFO 15004 --- [restartedMain] trationDelegate$BeanPostProcessorChecker : Bean 'mybatis-plus-com.baomidou.mybatisplus.autoconfigure.MybatisPlusProperties' of type [com.baomidou.mybatisplus.autoconfigure.MybatisPlusProperties] is not eligible for getting processed by all BeanPostProcessors (for example: not eligible for auto-proxying)
2022-02-20 22:48:15.942  INFO 15004 --- [restartedMain] trationDelegate$BeanPostProcessorChecker : Bean 'com.baomidou.mybatisplus.autoconfigure.MybatisPlusAutoConfiguration' of type [com.baomidou.mybatisplus.autoconfigure.MybatisPlusAutoConfiguration$$EnhancerBySpringCGLIB$$b8b0e32b] is not eligible for getting processed by all BeanPostProcessors (for example: not eligible for auto-proxying)
2022-02-20 22:48:15.947  INFO 15004 --- [restartedMain] trationDelegate$BeanPostProcessorChecker : Bean 'sqlSessionTemplate' of type [org.mybatis.spring.SqlSessionTemplate] is not eligible for getting processed by all BeanPostProcessors (for example: not eligible for auto-proxying)
2022-02-20 22:48:16.020  INFO 15004 --- [restartedMain] trationDelegate$BeanPostProcessorChecker : Bean 'userMapper' of type [org.mybatis.spring.mapper.MapperFactoryBean] is not eligible for getting processed by all BeanPostProcessors (for example: not eligible for auto-proxying)
2022-02-20 22:48:16.022  INFO 15004 --- [restartedMain] trationDelegate$BeanPostProcessorChecker : Bean 'userMapper' of type [com.sun.proxy.$Proxy59] is not eligible for getting processed by all BeanPostProcessors (for example: not eligible for auto-proxying)
2022-02-20 22:48:16.041  INFO 15004 --- [restartedMain] trationDelegate$BeanPostProcessorChecker : Bean 'userRoleMapper' of type [org.mybatis.spring.mapper.MapperFactoryBean] is not eligible for getting processed by all BeanPostProcessors (for example: not eligible for auto-proxying)
2022-02-20 22:48:16.042  INFO 15004 --- [restartedMain] trationDelegate$BeanPostProcessorChecker : Bean 'userRoleMapper' of type [com.sun.proxy.$Proxy61] is not eligible for getting processed by all BeanPostProcessors (for example: not eligible for auto-proxying)
2022-02-20 22:48:16.046  INFO 15004 --- [restartedMain] trationDelegate$BeanPostProcessorChecker : Bean 'customRealm' of type [com.phms.shiro.CustomRealm] is not eligible for getting processed by all BeanPostProcessors (for example: not eligible for auto-proxying)
2022-02-20 22:48:16.216  INFO 15004 --- [restartedMain] trationDelegate$BeanPostProcessorChecker : Bean 'sessionManager' of type [org.apache.shiro.web.session.mgt.DefaultWebSessionManager] is not eligible for getting processed by all BeanPostProcessors (for example: not eligible for auto-proxying)
2022-02-20 22:48:16.222  INFO 15004 --- [restartedMain] trationDelegate$BeanPostProcessorChecker : Bean 'securityManager' of type [org.apache.shiro.web.mgt.DefaultWebSecurityManager] is not eligible for getting processed by all BeanPostProcessors (for example: not eligible for auto-proxying)
2022-02-20 22:48:16.432  INFO 15004 --- [restartedMain] o.s.b.w.embedded.tomcat.TomcatWebServer  : Tomcat initialized with port(s): 8086 (http)
2022-02-20 22:48:16.440  INFO 15004 --- [restartedMain] o.a.coyote.http11.Http11NioProtocol      : Initializing ProtocolHandler ["http-nio-8086"]
2022-02-20 22:48:16.441  INFO 15004 --- [restartedMain] o.apache.catalina.core.StandardService   : Starting service [Tomcat]
2022-02-20 22:48:16.441  INFO 15004 --- [restartedMain] org.apache.catalina.core.StandardEngine  : Starting Servlet engine: [Apache Tomcat/9.0.29]
2022-02-20 22:48:16.498  INFO 15004 --- [restartedMain] o.a.c.c.C.[Tomcat].[localhost].[/]       : Initializing Spring embedded WebApplicationContext
2022-02-20 22:48:16.499  INFO 15004 --- [restartedMain] o.s.web.context.ContextLoader            : Root WebApplicationContext: initialization completed in 1657 ms
2022-02-20 22:48:16.562  INFO 15004 --- [restartedMain] com.phms.listener.ListenerTest           : -------监听器初始化-------
2022-02-20 22:48:16.565  INFO 15004 --- [restartedMain] com.phms.filter.TimeFilter               : =======初始化过滤器=========
2022-02-20 22:48:16.873  INFO 15004 --- [restartedMain] o.s.s.concurrent.ThreadPoolTaskExecutor  : Initializing ExecutorService 'applicationTaskExecutor'
2022-02-20 22:48:17.222  INFO 15004 --- [restartedMain] o.s.b.d.a.OptionalLiveReloadServer       : LiveReload server is running on port 35729
2022-02-20 22:48:17.257  INFO 15004 --- [restartedMain] o.a.coyote.http11.Http11NioProtocol      : Starting ProtocolHandler ["http-nio-8086"]
2022-02-20 22:48:17.286  INFO 15004 --- [restartedMain] o.s.b.w.embedded.tomcat.TomcatWebServer  : Tomcat started on port(s): 8086 (http) with context path ''
2022-02-20 22:48:17.289  INFO 15004 --- [restartedMain] com.phms.PhmsApp                         : Started PhmsApp in 2.815 seconds (JVM running for 3.539)
2022-02-20 22:53:49.209  INFO 15004 --- [http-nio-8086-exec-1] o.a.c.c.C.[Tomcat].[localhost].[/]       : Initializing Spring DispatcherServlet 'dispatcherServlet'
2022-02-20 22:53:49.209  INFO 15004 --- [http-nio-8086-exec-1] o.s.web.servlet.DispatcherServlet        : Initializing Servlet 'dispatcherServlet'
2022-02-20 22:53:49.217  INFO 15004 --- [http-nio-8086-exec-1] o.s.web.servlet.DispatcherServlet        : Completed initialization in 8 ms
2022-02-20 22:53:51.423  INFO 15004 --- [http-nio-8086-exec-9] com.phms.shiro.CustomRealm               : user---身份认证成功
2022-02-20 22:53:51.443  INFO 15004 --- [http-nio-8086-exec-9] com.phms.service.impl.UserServiceImpl    : 欢迎登录------您的权限是[User]
2022-02-20 23:00:02.931  INFO 15004 --- [http-nio-8086-exec-10] c.phms.controller.open.LoginController   : user---Log out！
2022-02-20 23:00:06.509  INFO 15004 --- [http-nio-8086-exec-7] com.phms.shiro.CustomRealm               : vet1---身份认证成功
2022-02-20 23:00:06.524  INFO 15004 --- [http-nio-8086-exec-7] com.phms.service.impl.UserServiceImpl    : 欢迎登录------您的权限是[Vet]
2022-02-20 23:12:27.474  INFO 15004 --- [http-nio-8086-exec-8] c.phms.controller.open.LoginController   : vet1---Log out！
2022-02-20 23:12:30.907  INFO 15004 --- [http-nio-8086-exec-9] com.phms.shiro.CustomRealm               : user---身份认证成功
2022-02-20 23:12:30.909  INFO 15004 --- [http-nio-8086-exec-9] com.phms.service.impl.UserServiceImpl    : 欢迎登录------您的权限是[User]
2022-02-20 23:17:39.906  INFO 15004 --- [http-nio-8086-exec-5] c.phms.controller.open.LoginController   : user---Log out！
2022-02-20 23:17:42.828  INFO 15004 --- [http-nio-8086-exec-6] com.phms.shiro.CustomRealm               : admin---身份认证成功
2022-02-20 23:17:42.830  INFO 15004 --- [http-nio-8086-exec-6] com.phms.service.impl.UserServiceImpl    : 欢迎登录------您的权限是[Admin]
2022-02-20 23:19:31.662  INFO 15004 --- [http-nio-8086-exec-7] c.phms.controller.open.LoginController   : admin---Log out！
2022-02-20 23:19:41.074  INFO 15004 --- [RMI TCP Connection(2)-127.0.0.1] inMXBeanRegistrar$SpringApplicationAdmin : Application shutdown requested.
2022-02-20 23:19:41.077  INFO 15004 --- [RMI TCP Connection(2)-127.0.0.1] o.s.s.concurrent.ThreadPoolTaskExecutor  : Shutting down ExecutorService 'applicationTaskExecutor'
2022-02-20 23:19:41.084  INFO 15004 --- [RMI TCP Connection(2)-127.0.0.1] com.alibaba.druid.pool.DruidDataSource   : {dataSource-1} closed
2022-02-20 23:19:41.095  INFO 15004 --- [RMI TCP Connection(2)-127.0.0.1] com.phms.filter.TimeFilter               : =======销毁过滤器=========
2022-02-20 23:19:41.095  INFO 15004 --- [RMI TCP Connection(2)-127.0.0.1] com.phms.listener.ListenerTest           : -------销毁监听器-------
2022-02-20 23:21:43.160  INFO 29241 --- [restartedMain] com.phms.PhmsApp                         : Starting PhmsApp on deMacBook-Pro.local with PID 29241 (started by xiaoluobo in /Users/xiaoluobo/Desktop/FYP /0000006宠物医院管理系统/源代码/phms)
2022-02-20 23:21:43.161  INFO 29241 --- [restartedMain] com.phms.PhmsApp                         : No active profile set, falling back to default profiles: default
2022-02-20 23:21:43.195  INFO 29241 --- [restartedMain] .e.DevToolsPropertyDefaultsPostProcessor : Devtools property defaults active! Set 'spring.devtools.add-properties' to 'false' to disable
2022-02-20 23:21:43.196  INFO 29241 --- [restartedMain] .e.DevToolsPropertyDefaultsPostProcessor : For additional web related logging consider setting the 'logging.level.web' property to 'DEBUG'
2022-02-20 23:21:43.719  INFO 29241 --- [restartedMain] o.s.c.a.ConfigurationClassPostProcessor  : Cannot enhance @Configuration bean definition 'myBatisConfiguration' since its singleton instance has been created too early. The typical cause is a non-static @Bean method with a BeanDefinitionRegistryPostProcessor return type: Consider declaring such methods as 'static'.
2022-02-20 23:21:43.813  INFO 29241 --- [restartedMain] trationDelegate$BeanPostProcessorChecker : Bean 'shiroConfig' of type [com.phms.config.ShiroConfig$$EnhancerBySpringCGLIB$$24328d58] is not eligible for getting processed by all BeanPostProcessors (for example: not eligible for auto-proxying)
2022-02-20 23:21:43.818  INFO 29241 --- [restartedMain] trationDelegate$BeanPostProcessorChecker : Bean 'org.springframework.transaction.annotation.ProxyTransactionManagementConfiguration' of type [org.springframework.transaction.annotation.ProxyTransactionManagementConfiguration] is not eligible for getting processed by all BeanPostProcessors (for example: not eligible for auto-proxying)
2022-02-20 23:21:43.839  INFO 29241 --- [restartedMain] trationDelegate$BeanPostProcessorChecker : Bean 'druidConfiguration' of type [com.phms.config.DruidConfiguration$$EnhancerBySpringCGLIB$$8b50332b] is not eligible for getting processed by all BeanPostProcessors (for example: not eligible for auto-proxying)
2022-02-20 23:21:43.875  INFO 29241 --- [restartedMain] trationDelegate$BeanPostProcessorChecker : Bean 'statFilter' of type [com.alibaba.druid.filter.stat.StatFilter] is not eligible for getting processed by all BeanPostProcessors (for example: not eligible for auto-proxying)
2022-02-20 23:21:43.944  INFO 29241 --- [restartedMain] com.alibaba.druid.pool.DruidDataSource   : {dataSource-1,test} inited
2022-02-20 23:21:43.944  INFO 29241 --- [restartedMain] trationDelegate$BeanPostProcessorChecker : Bean 'dataSource' of type [com.alibaba.druid.pool.DruidDataSource] is not eligible for getting processed by all BeanPostProcessors (for example: not eligible for auto-proxying)
2022-02-20 23:21:43.959  INFO 29241 --- [restartedMain] trationDelegate$BeanPostProcessorChecker : Bean 'spring.datasource-org.springframework.boot.autoconfigure.jdbc.DataSourceProperties' of type [org.springframework.boot.autoconfigure.jdbc.DataSourceProperties] is not eligible for getting processed by all BeanPostProcessors (for example: not eligible for auto-proxying)
2022-02-20 23:21:43.963  INFO 29241 --- [restartedMain] trationDelegate$BeanPostProcessorChecker : Bean 'org.springframework.boot.autoconfigure.jdbc.DataSourceInitializerInvoker' of type [org.springframework.boot.autoconfigure.jdbc.DataSourceInitializerInvoker] is not eligible for getting processed by all BeanPostProcessors (for example: not eligible for auto-proxying)
2022-02-20 23:21:44.040  INFO 29241 --- [restartedMain] trationDelegate$BeanPostProcessorChecker : Bean 'sqlSessionFactory' of type [org.mybatis.spring.SqlSessionFactoryBean] is not eligible for getting processed by all BeanPostProcessors (for example: not eligible for auto-proxying)
2022-02-20 23:21:44.040  INFO 29241 --- [restartedMain] trationDelegate$BeanPostProcessorChecker : Bean 'sqlSessionFactory' of type [org.apache.ibatis.session.defaults.DefaultSqlSessionFactory] is not eligible for getting processed by all BeanPostProcessors (for example: not eligible for auto-proxying)
2022-02-20 23:21:44.049  INFO 29241 --- [restartedMain] trationDelegate$BeanPostProcessorChecker : Bean 'mybatis-plus-com.baomidou.mybatisplus.autoconfigure.MybatisPlusProperties' of type [com.baomidou.mybatisplus.autoconfigure.MybatisPlusProperties] is not eligible for getting processed by all BeanPostProcessors (for example: not eligible for auto-proxying)
2022-02-20 23:21:44.054  INFO 29241 --- [restartedMain] trationDelegate$BeanPostProcessorChecker : Bean 'com.baomidou.mybatisplus.autoconfigure.MybatisPlusAutoConfiguration' of type [com.baomidou.mybatisplus.autoconfigure.MybatisPlusAutoConfiguration$$EnhancerBySpringCGLIB$$960766a3] is not eligible for getting processed by all BeanPostProcessors (for example: not eligible for auto-proxying)
2022-02-20 23:21:44.060  INFO 29241 --- [restartedMain] trationDelegate$BeanPostProcessorChecker : Bean 'sqlSessionTemplate' of type [org.mybatis.spring.SqlSessionTemplate] is not eligible for getting processed by all BeanPostProcessors (for example: not eligible for auto-proxying)
2022-02-20 23:21:44.130  INFO 29241 --- [restartedMain] trationDelegate$BeanPostProcessorChecker : Bean 'userMapper' of type [org.mybatis.spring.mapper.MapperFactoryBean] is not eligible for getting processed by all BeanPostProcessors (for example: not eligible for auto-proxying)
2022-02-20 23:21:44.131  INFO 29241 --- [restartedMain] trationDelegate$BeanPostProcessorChecker : Bean 'userMapper' of type [com.sun.proxy.$Proxy59] is not eligible for getting processed by all BeanPostProcessors (for example: not eligible for auto-proxying)
2022-02-20 23:21:44.154  INFO 29241 --- [restartedMain] trationDelegate$BeanPostProcessorChecker : Bean 'userRoleMapper' of type [org.mybatis.spring.mapper.MapperFactoryBean] is not eligible for getting processed by all BeanPostProcessors (for example: not eligible for auto-proxying)
2022-02-20 23:21:44.154  INFO 29241 --- [restartedMain] trationDelegate$BeanPostProcessorChecker : Bean 'userRoleMapper' of type [com.sun.proxy.$Proxy61] is not eligible for getting processed by all BeanPostProcessors (for example: not eligible for auto-proxying)
2022-02-20 23:21:44.158  INFO 29241 --- [restartedMain] trationDelegate$BeanPostProcessorChecker : Bean 'customRealm' of type [com.phms.shiro.CustomRealm] is not eligible for getting processed by all BeanPostProcessors (for example: not eligible for auto-proxying)
2022-02-20 23:21:44.298  INFO 29241 --- [restartedMain] trationDelegate$BeanPostProcessorChecker : Bean 'sessionManager' of type [org.apache.shiro.web.session.mgt.DefaultWebSessionManager] is not eligible for getting processed by all BeanPostProcessors (for example: not eligible for auto-proxying)
2022-02-20 23:21:44.301  INFO 29241 --- [restartedMain] trationDelegate$BeanPostProcessorChecker : Bean 'securityManager' of type [org.apache.shiro.web.mgt.DefaultWebSecurityManager] is not eligible for getting processed by all BeanPostProcessors (for example: not eligible for auto-proxying)
2022-02-20 23:21:44.438  INFO 29241 --- [restartedMain] o.s.b.w.embedded.tomcat.TomcatWebServer  : Tomcat initialized with port(s): 8086 (http)
2022-02-20 23:21:44.444  INFO 29241 --- [restartedMain] o.a.coyote.http11.Http11NioProtocol      : Initializing ProtocolHandler ["http-nio-8086"]
2022-02-20 23:21:44.445  INFO 29241 --- [restartedMain] o.apache.catalina.core.StandardService   : Starting service [Tomcat]
2022-02-20 23:21:44.445  INFO 29241 --- [restartedMain] org.apache.catalina.core.StandardEngine  : Starting Servlet engine: [Apache Tomcat/9.0.29]
2022-02-20 23:21:44.489  INFO 29241 --- [restartedMain] o.a.c.c.C.[Tomcat].[localhost].[/]       : Initializing Spring embedded WebApplicationContext
2022-02-20 23:21:44.489  INFO 29241 --- [restartedMain] o.s.web.context.ContextLoader            : Root WebApplicationContext: initialization completed in 1293 ms
2022-02-20 23:21:44.539  INFO 29241 --- [restartedMain] com.phms.listener.ListenerTest           : -------监听器初始化-------
2022-02-20 23:21:44.541  INFO 29241 --- [restartedMain] com.phms.filter.TimeFilter               : =======初始化过滤器=========
2022-02-20 23:21:44.815  INFO 29241 --- [restartedMain] o.s.s.concurrent.ThreadPoolTaskExecutor  : Initializing ExecutorService 'applicationTaskExecutor'
2022-02-20 23:21:45.034  INFO 29241 --- [restartedMain] o.s.b.d.a.OptionalLiveReloadServer       : LiveReload server is running on port 35729
2022-02-20 23:21:45.060  INFO 29241 --- [restartedMain] o.a.coyote.http11.Http11NioProtocol      : Starting ProtocolHandler ["http-nio-8086"]
2022-02-20 23:21:45.076  INFO 29241 --- [restartedMain] o.s.b.w.embedded.tomcat.TomcatWebServer  : Tomcat started on port(s): 8086 (http) with context path ''
2022-02-20 23:21:45.078  INFO 29241 --- [restartedMain] com.phms.PhmsApp                         : Started PhmsApp in 2.254 seconds (JVM running for 2.85)
2022-02-20 23:21:50.537  INFO 29241 --- [http-nio-8086-exec-1] o.a.c.c.C.[Tomcat].[localhost].[/]       : Initializing Spring DispatcherServlet 'dispatcherServlet'
2022-02-20 23:21:50.538  INFO 29241 --- [http-nio-8086-exec-1] o.s.web.servlet.DispatcherServlet        : Initializing Servlet 'dispatcherServlet'
2022-02-20 23:21:50.543  INFO 29241 --- [http-nio-8086-exec-1] o.s.web.servlet.DispatcherServlet        : Completed initialization in 5 ms
2022-02-20 23:21:50.768  INFO 29241 --- [http-nio-8086-exec-1] com.phms.shiro.CustomRealm               : admin---身份认证成功
2022-02-20 23:21:50.779  INFO 29241 --- [http-nio-8086-exec-1] com.phms.service.impl.UserServiceImpl    : 欢迎登录------您的权限是[Admin]
2022-02-20 23:33:39.187  INFO 29241 --- [http-nio-8086-exec-5] c.phms.controller.open.LoginController   : admin---Log out！
2022-02-20 23:33:42.035  INFO 29241 --- [http-nio-8086-exec-3] com.phms.shiro.CustomRealm               : user---身份认证成功
2022-02-20 23:33:42.037  INFO 29241 --- [http-nio-8086-exec-3] com.phms.service.impl.UserServiceImpl    : 欢迎登录------您的权限是[User]
2022-02-20 23:35:36.168  INFO 29241 --- [http-nio-8086-exec-8] c.phms.controller.open.LoginController   : user---Log out！
2022-02-20 23:35:39.298  INFO 29241 --- [http-nio-8086-exec-5] com.phms.shiro.CustomRealm               : admin---身份认证成功
2022-02-20 23:35:39.299  INFO 29241 --- [http-nio-8086-exec-5] com.phms.service.impl.UserServiceImpl    : 欢迎登录------您的权限是[Admin]
2022-02-20 23:36:49.281  INFO 29241 --- [http-nio-8086-exec-7] c.phms.controller.open.LoginController   : admin---Log out！
2022-02-20 23:36:53.353  INFO 29241 --- [http-nio-8086-exec-10] com.phms.shiro.CustomRealm               : user---身份认证成功
2022-02-20 23:36:53.355  INFO 29241 --- [http-nio-8086-exec-10] com.phms.service.impl.UserServiceImpl    : 欢迎登录------您的权限是[User]
2022-02-20 23:41:22.794  INFO 29241 --- [http-nio-8086-exec-10] c.phms.controller.open.LoginController   : user---Log out！
2022-02-20 23:41:29.571  INFO 29241 --- [http-nio-8086-exec-2] com.phms.shiro.CustomRealm               : vet2---身份认证成功
2022-02-20 23:41:29.572  INFO 29241 --- [http-nio-8086-exec-2] com.phms.service.impl.UserServiceImpl    : 欢迎登录------您的权限是[Vet]
2022-02-20 23:50:10.479  INFO 29241 --- [Thread-6] o.s.s.concurrent.ThreadPoolTaskExecutor  : Shutting down ExecutorService 'applicationTaskExecutor'
2022-02-20 23:50:10.484  INFO 29241 --- [Thread-6] com.alibaba.druid.pool.DruidDataSource   : {dataSource-1} closed
2022-02-20 23:50:10.494  INFO 29241 --- [Thread-6] com.phms.filter.TimeFilter               : =======销毁过滤器=========
2022-02-20 23:50:10.495  INFO 29241 --- [Thread-6] com.phms.listener.ListenerTest           : -------销毁监听器-------
2022-02-20 23:50:10.759  INFO 29241 --- [restartedMain] com.phms.PhmsApp                         : Starting PhmsApp on deMacBook-Pro.local with PID 29241 (started by xiaoluobo in /Users/xiaoluobo/Desktop/FYP /0000006宠物医院管理系统/源代码/phms)
2022-02-20 23:50:10.760  INFO 29241 --- [restartedMain] com.phms.PhmsApp                         : No active profile set, falling back to default profiles: default
2022-02-20 23:50:10.924  INFO 29241 --- [restartedMain] o.s.c.a.ConfigurationClassPostProcessor  : Cannot enhance @Configuration bean definition 'myBatisConfiguration' since its singleton instance has been created too early. The typical cause is a non-static @Bean method with a BeanDefinitionRegistryPostProcessor return type: Consider declaring such methods as 'static'.
2022-02-20 23:50:10.935  INFO 29241 --- [restartedMain] trationDelegate$BeanPostProcessorChecker : Bean 'shiroConfig' of type [com.phms.config.ShiroConfig$$EnhancerBySpringCGLIB$$24328d58] is not eligible for getting processed by all BeanPostProcessors (for example: not eligible for auto-proxying)
2022-02-20 23:50:10.936  INFO 29241 --- [restartedMain] trationDelegate$BeanPostProcessorChecker : Bean 'org.springframework.transaction.annotation.ProxyTransactionManagementConfiguration' of type [org.springframework.transaction.annotation.ProxyTransactionManagementConfiguration] is not eligible for getting processed by all BeanPostProcessors (for example: not eligible for auto-proxying)
2022-02-20 23:50:10.940  INFO 29241 --- [restartedMain] trationDelegate$BeanPostProcessorChecker : Bean 'druidConfiguration' of type [com.phms.config.DruidConfiguration$$EnhancerBySpringCGLIB$$8b50332b] is not eligible for getting processed by all BeanPostProcessors (for example: not eligible for auto-proxying)
2022-02-20 23:50:10.944  INFO 29241 --- [restartedMain] trationDelegate$BeanPostProcessorChecker : Bean 'statFilter' of type [com.alibaba.druid.filter.stat.StatFilter] is not eligible for getting processed by all BeanPostProcessors (for example: not eligible for auto-proxying)
2022-02-20 23:50:10.965  INFO 29241 --- [restartedMain] com.alibaba.druid.pool.DruidDataSource   : {dataSource-2,test} inited
2022-02-20 23:50:10.965  INFO 29241 --- [restartedMain] trationDelegate$BeanPostProcessorChecker : Bean 'dataSource' of type [com.alibaba.druid.pool.DruidDataSource] is not eligible for getting processed by all BeanPostProcessors (for example: not eligible for auto-proxying)
2022-02-20 23:50:10.972  INFO 29241 --- [restartedMain] trationDelegate$BeanPostProcessorChecker : Bean 'spring.datasource-org.springframework.boot.autoconfigure.jdbc.DataSourceProperties' of type [org.springframework.boot.autoconfigure.jdbc.DataSourceProperties] is not eligible for getting processed by all BeanPostProcessors (for example: not eligible for auto-proxying)
2022-02-20 23:50:10.974  INFO 29241 --- [restartedMain] trationDelegate$BeanPostProcessorChecker : Bean 'org.springframework.boot.autoconfigure.jdbc.DataSourceInitializerInvoker' of type [org.springframework.boot.autoconfigure.jdbc.DataSourceInitializerInvoker] is not eligible for getting processed by all BeanPostProcessors (for example: not eligible for auto-proxying)
2022-02-20 23:50:10.982  INFO 29241 --- [restartedMain] trationDelegate$BeanPostProcessorChecker : Bean 'sqlSessionFactory' of type [org.mybatis.spring.SqlSessionFactoryBean] is not eligible for getting processed by all BeanPostProcessors (for example: not eligible for auto-proxying)
2022-02-20 23:50:10.982  INFO 29241 --- [restartedMain] trationDelegate$BeanPostProcessorChecker : Bean 'sqlSessionFactory' of type [org.apache.ibatis.session.defaults.DefaultSqlSessionFactory] is not eligible for getting processed by all BeanPostProcessors (for example: not eligible for auto-proxying)
2022-02-20 23:50:10.985  INFO 29241 --- [restartedMain] trationDelegate$BeanPostProcessorChecker : Bean 'mybatis-plus-com.baomidou.mybatisplus.autoconfigure.MybatisPlusProperties' of type [com.baomidou.mybatisplus.autoconfigure.MybatisPlusProperties] is not eligible for getting processed by all BeanPostProcessors (for example: not eligible for auto-proxying)
2022-02-20 23:50:10.990  INFO 29241 --- [restartedMain] trationDelegate$BeanPostProcessorChecker : Bean 'com.baomidou.mybatisplus.autoconfigure.MybatisPlusAutoConfiguration' of type [com.baomidou.mybatisplus.autoconfigure.MybatisPlusAutoConfiguration$$EnhancerBySpringCGLIB$$960766a3] is not eligible for getting processed by all BeanPostProcessors (for example: not eligible for auto-proxying)
2022-02-20 23:50:10.990  INFO 29241 --- [restartedMain] trationDelegate$BeanPostProcessorChecker : Bean 'sqlSessionTemplate' of type [org.mybatis.spring.SqlSessionTemplate] is not eligible for getting processed by all BeanPostProcessors (for example: not eligible for auto-proxying)
2022-02-20 23:50:11.004  INFO 29241 --- [restartedMain] trationDelegate$BeanPostProcessorChecker : Bean 'userMapper' of type [org.mybatis.spring.mapper.MapperFactoryBean] is not eligible for getting processed by all BeanPostProcessors (for example: not eligible for auto-proxying)
2022-02-20 23:50:11.005  INFO 29241 --- [restartedMain] trationDelegate$BeanPostProcessorChecker : Bean 'userMapper' of type [com.sun.proxy.$Proxy99] is not eligible for getting processed by all BeanPostProcessors (for example: not eligible for auto-proxying)
2022-02-20 23:50:11.014  INFO 29241 --- [restartedMain] trationDelegate$BeanPostProcessorChecker : Bean 'userRoleMapper' of type [org.mybatis.spring.mapper.MapperFactoryBean] is not eligible for getting processed by all BeanPostProcessors (for example: not eligible for auto-proxying)
2022-02-20 23:50:11.015  INFO 29241 --- [restartedMain] trationDelegate$BeanPostProcessorChecker : Bean 'userRoleMapper' of type [com.sun.proxy.$Proxy101] is not eligible for getting processed by all BeanPostProcessors (for example: not eligible for auto-proxying)
2022-02-20 23:50:11.016  INFO 29241 --- [restartedMain] trationDelegate$BeanPostProcessorChecker : Bean 'customRealm' of type [com.phms.shiro.CustomRealm] is not eligible for getting processed by all BeanPostProcessors (for example: not eligible for auto-proxying)
2022-02-20 23:50:11.019  INFO 29241 --- [restartedMain] trationDelegate$BeanPostProcessorChecker : Bean 'sessionManager' of type [org.apache.shiro.web.session.mgt.DefaultWebSessionManager] is not eligible for getting processed by all BeanPostProcessors (for example: not eligible for auto-proxying)
2022-02-20 23:50:11.020  INFO 29241 --- [restartedMain] trationDelegate$BeanPostProcessorChecker : Bean 'securityManager' of type [org.apache.shiro.web.mgt.DefaultWebSecurityManager] is not eligible for getting processed by all BeanPostProcessors (for example: not eligible for auto-proxying)
2022-02-20 23:50:11.053  INFO 29241 --- [restartedMain] o.s.b.w.embedded.tomcat.TomcatWebServer  : Tomcat initialized with port(s): 8086 (http)
2022-02-20 23:50:11.054  INFO 29241 --- [restartedMain] o.a.coyote.http11.Http11NioProtocol      : Initializing ProtocolHandler ["http-nio-8086"]
2022-02-20 23:50:11.054  INFO 29241 --- [restartedMain] o.apache.catalina.core.StandardService   : Starting service [Tomcat]
2022-02-20 23:50:11.054  INFO 29241 --- [restartedMain] org.apache.catalina.core.StandardEngine  : Starting Servlet engine: [Apache Tomcat/9.0.29]
2022-02-20 23:50:11.060  INFO 29241 --- [restartedMain] o.a.c.c.C.[Tomcat].[localhost].[/]       : Initializing Spring embedded WebApplicationContext
2022-02-20 23:50:11.060  INFO 29241 --- [restartedMain] o.s.web.context.ContextLoader            : Root WebApplicationContext: initialization completed in 298 ms
2022-02-20 23:50:11.077  INFO 29241 --- [restartedMain] com.phms.listener.ListenerTest           : -------监听器初始化-------
2022-02-20 23:50:11.078  INFO 29241 --- [restartedMain] com.phms.filter.TimeFilter               : =======初始化过滤器=========
2022-02-20 23:50:11.203  INFO 29241 --- [restartedMain] o.s.s.concurrent.ThreadPoolTaskExecutor  : Initializing ExecutorService 'applicationTaskExecutor'
2022-02-20 23:50:11.312  INFO 29241 --- [restartedMain] o.s.b.d.a.OptionalLiveReloadServer       : LiveReload server is running on port 35729
2022-02-20 23:50:11.334  INFO 29241 --- [restartedMain] o.a.coyote.http11.Http11NioProtocol      : Starting ProtocolHandler ["http-nio-8086"]
2022-02-20 23:50:11.335  INFO 29241 --- [restartedMain] o.s.b.w.embedded.tomcat.TomcatWebServer  : Tomcat started on port(s): 8086 (http) with context path ''
2022-02-20 23:50:11.336  INFO 29241 --- [restartedMain] com.phms.PhmsApp                         : Started PhmsApp in 0.731 seconds (JVM running for 1709.133)
2022-02-20 23:50:11.337  INFO 29241 --- [restartedMain] .ConditionEvaluationDeltaLoggingListener : Condition evaluation unchanged
2022-02-20 23:50:13.351  INFO 29241 --- [http-nio-8086-exec-1] o.a.c.c.C.[Tomcat].[localhost].[/]       : Initializing Spring DispatcherServlet 'dispatcherServlet'
2022-02-20 23:50:13.352  INFO 29241 --- [http-nio-8086-exec-1] o.s.web.servlet.DispatcherServlet        : Initializing Servlet 'dispatcherServlet'
2022-02-20 23:50:13.356  INFO 29241 --- [http-nio-8086-exec-1] o.s.web.servlet.DispatcherServlet        : Completed initialization in 4 ms
2022-02-20 23:50:17.357  INFO 29241 --- [http-nio-8086-exec-9] com.phms.shiro.CustomRealm               : vet2---身份认证成功
2022-02-20 23:50:17.359  INFO 29241 --- [http-nio-8086-exec-9] com.phms.service.impl.UserServiceImpl    : 欢迎登录------您的权限是[Vet]
2022-02-20 23:54:46.647  INFO 29241 --- [http-nio-8086-exec-3] c.phms.controller.open.LoginController   : vet2---Log out！
2022-02-20 23:54:56.608  INFO 29241 --- [http-nio-8086-exec-8] com.phms.shiro.CustomRealm               : user---身份认证成功
2022-02-20 23:54:56.609  INFO 29241 --- [http-nio-8086-exec-8] com.phms.service.impl.UserServiceImpl    : 欢迎登录------您的权限是[User]
