2022-02-06 23:00:50.658  INFO 50148 --- [restartedMain] com.phms.PhmsApp                         : Starting PhmsApp on deMacBook-Pro.local with PID 50148 (started by xiaoluobo in /Users/xiaoluobo/Desktop/FYP /0000006宠物医院管理系统/源代码/phms)
2022-02-06 23:00:50.659  INFO 50148 --- [restartedMain] com.phms.PhmsApp                         : No active profile set, falling back to default profiles: default
2022-02-06 23:00:50.695  INFO 50148 --- [restartedMain] .e.DevToolsPropertyDefaultsPostProcessor : Devtools property defaults active! Set 'spring.devtools.add-properties' to 'false' to disable
2022-02-06 23:00:50.696  INFO 50148 --- [restartedMain] .e.DevToolsPropertyDefaultsPostProcessor : For additional web related logging consider setting the 'logging.level.web' property to 'DEBUG'
2022-02-06 23:00:51.283  INFO 50148 --- [restartedMain] o.s.c.a.ConfigurationClassPostProcessor  : Cannot enhance @Configuration bean definition 'myBatisConfiguration' since its singleton instance has been created too early. The typical cause is a non-static @Bean method with a BeanDefinitionRegistryPostProcessor return type: Consider declaring such methods as 'static'.
2022-02-06 23:00:51.393  INFO 50148 --- [restartedMain] trationDelegate$BeanPostProcessorChecker : Bean 'shiroConfig' of type [com.phms.config.ShiroConfig$$EnhancerBySpringCGLIB$$9a347e9d] is not eligible for getting processed by all BeanPostProcessors (for example: not eligible for auto-proxying)
2022-02-06 23:00:51.398  INFO 50148 --- [restartedMain] trationDelegate$BeanPostProcessorChecker : Bean 'org.springframework.transaction.annotation.ProxyTransactionManagementConfiguration' of type [org.springframework.transaction.annotation.ProxyTransactionManagementConfiguration] is not eligible for getting processed by all BeanPostProcessors (for example: not eligible for auto-proxying)
2022-02-06 23:00:51.422  INFO 50148 --- [restartedMain] trationDelegate$BeanPostProcessorChecker : Bean 'druidConfiguration' of type [com.phms.config.DruidConfiguration$$EnhancerBySpringCGLIB$$1522470] is not eligible for getting processed by all BeanPostProcessors (for example: not eligible for auto-proxying)
2022-02-06 23:00:51.470  INFO 50148 --- [restartedMain] trationDelegate$BeanPostProcessorChecker : Bean 'statFilter' of type [com.alibaba.druid.filter.stat.StatFilter] is not eligible for getting processed by all BeanPostProcessors (for example: not eligible for auto-proxying)
2022-02-06 23:00:51.540  INFO 50148 --- [restartedMain] com.alibaba.druid.pool.DruidDataSource   : {dataSource-1,test} inited
2022-02-06 23:00:51.540  INFO 50148 --- [restartedMain] trationDelegate$BeanPostProcessorChecker : Bean 'dataSource' of type [com.alibaba.druid.pool.DruidDataSource] is not eligible for getting processed by all BeanPostProcessors (for example: not eligible for auto-proxying)
2022-02-06 23:00:51.555  INFO 50148 --- [restartedMain] trationDelegate$BeanPostProcessorChecker : Bean 'spring.datasource-org.springframework.boot.autoconfigure.jdbc.DataSourceProperties' of type [org.springframework.boot.autoconfigure.jdbc.DataSourceProperties] is not eligible for getting processed by all BeanPostProcessors (for example: not eligible for auto-proxying)
2022-02-06 23:00:51.558  INFO 50148 --- [restartedMain] trationDelegate$BeanPostProcessorChecker : Bean 'org.springframework.boot.autoconfigure.jdbc.DataSourceInitializerInvoker' of type [org.springframework.boot.autoconfigure.jdbc.DataSourceInitializerInvoker] is not eligible for getting processed by all BeanPostProcessors (for example: not eligible for auto-proxying)
2022-02-06 23:00:51.651  INFO 50148 --- [restartedMain] trationDelegate$BeanPostProcessorChecker : Bean 'sqlSessionFactory' of type [org.mybatis.spring.SqlSessionFactoryBean] is not eligible for getting processed by all BeanPostProcessors (for example: not eligible for auto-proxying)
2022-02-06 23:00:51.652  INFO 50148 --- [restartedMain] trationDelegate$BeanPostProcessorChecker : Bean 'sqlSessionFactory' of type [org.apache.ibatis.session.defaults.DefaultSqlSessionFactory] is not eligible for getting processed by all BeanPostProcessors (for example: not eligible for auto-proxying)
2022-02-06 23:00:51.660  INFO 50148 --- [restartedMain] trationDelegate$BeanPostProcessorChecker : Bean 'mybatis-plus-com.baomidou.mybatisplus.autoconfigure.MybatisPlusProperties' of type [com.baomidou.mybatisplus.autoconfigure.MybatisPlusProperties] is not eligible for getting processed by all BeanPostProcessors (for example: not eligible for auto-proxying)
2022-02-06 23:00:51.665  INFO 50148 --- [restartedMain] trationDelegate$BeanPostProcessorChecker : Bean 'com.baomidou.mybatisplus.autoconfigure.MybatisPlusAutoConfiguration' of type [com.baomidou.mybatisplus.autoconfigure.MybatisPlusAutoConfiguration$$EnhancerBySpringCGLIB$$c0957e8] is not eligible for getting processed by all BeanPostProcessors (for example: not eligible for auto-proxying)
2022-02-06 23:00:51.671  INFO 50148 --- [restartedMain] trationDelegate$BeanPostProcessorChecker : Bean 'sqlSessionTemplate' of type [org.mybatis.spring.SqlSessionTemplate] is not eligible for getting processed by all BeanPostProcessors (for example: not eligible for auto-proxying)
2022-02-06 23:00:51.742  INFO 50148 --- [restartedMain] trationDelegate$BeanPostProcessorChecker : Bean 'userMapper' of type [org.mybatis.spring.mapper.MapperFactoryBean] is not eligible for getting processed by all BeanPostProcessors (for example: not eligible for auto-proxying)
2022-02-06 23:00:51.744  INFO 50148 --- [restartedMain] trationDelegate$BeanPostProcessorChecker : Bean 'userMapper' of type [com.sun.proxy.$Proxy59] is not eligible for getting processed by all BeanPostProcessors (for example: not eligible for auto-proxying)
2022-02-06 23:00:51.763  INFO 50148 --- [restartedMain] trationDelegate$BeanPostProcessorChecker : Bean 'userRoleMapper' of type [org.mybatis.spring.mapper.MapperFactoryBean] is not eligible for getting processed by all BeanPostProcessors (for example: not eligible for auto-proxying)
2022-02-06 23:00:51.764  INFO 50148 --- [restartedMain] trationDelegate$BeanPostProcessorChecker : Bean 'userRoleMapper' of type [com.sun.proxy.$Proxy61] is not eligible for getting processed by all BeanPostProcessors (for example: not eligible for auto-proxying)
2022-02-06 23:00:51.769  INFO 50148 --- [restartedMain] trationDelegate$BeanPostProcessorChecker : Bean 'customRealm' of type [com.phms.shiro.CustomRealm] is not eligible for getting processed by all BeanPostProcessors (for example: not eligible for auto-proxying)
2022-02-06 23:00:51.913  INFO 50148 --- [restartedMain] trationDelegate$BeanPostProcessorChecker : Bean 'sessionManager' of type [org.apache.shiro.web.session.mgt.DefaultWebSessionManager] is not eligible for getting processed by all BeanPostProcessors (for example: not eligible for auto-proxying)
2022-02-06 23:00:51.917  INFO 50148 --- [restartedMain] trationDelegate$BeanPostProcessorChecker : Bean 'securityManager' of type [org.apache.shiro.web.mgt.DefaultWebSecurityManager] is not eligible for getting processed by all BeanPostProcessors (for example: not eligible for auto-proxying)
2022-02-06 23:00:52.113  INFO 50148 --- [restartedMain] o.s.b.w.embedded.tomcat.TomcatWebServer  : Tomcat initialized with port(s): 8086 (http)
2022-02-06 23:00:52.122  INFO 50148 --- [restartedMain] o.a.coyote.http11.Http11NioProtocol      : Initializing ProtocolHandler ["http-nio-8086"]
2022-02-06 23:00:52.122  INFO 50148 --- [restartedMain] o.apache.catalina.core.StandardService   : Starting service [Tomcat]
2022-02-06 23:00:52.123  INFO 50148 --- [restartedMain] org.apache.catalina.core.StandardEngine  : Starting Servlet engine: [Apache Tomcat/9.0.29]
2022-02-06 23:00:52.184  INFO 50148 --- [restartedMain] o.a.c.c.C.[Tomcat].[localhost].[/]       : Initializing Spring embedded WebApplicationContext
2022-02-06 23:00:52.185  INFO 50148 --- [restartedMain] o.s.web.context.ContextLoader            : Root WebApplicationContext: initialization completed in 1488 ms
2022-02-06 23:00:52.248  INFO 50148 --- [restartedMain] com.phms.listener.ListenerTest           : -------监听器初始化-------
2022-02-06 23:00:52.251  INFO 50148 --- [restartedMain] com.phms.filter.TimeFilter               : =======初始化过滤器=========
2022-02-06 23:00:52.555  INFO 50148 --- [restartedMain] o.s.s.concurrent.ThreadPoolTaskExecutor  : Initializing ExecutorService 'applicationTaskExecutor'
2022-02-06 23:00:52.875  INFO 50148 --- [restartedMain] o.s.b.d.a.OptionalLiveReloadServer       : LiveReload server is running on port 35729
2022-02-06 23:00:52.910  INFO 50148 --- [restartedMain] o.a.coyote.http11.Http11NioProtocol      : Starting ProtocolHandler ["http-nio-8086"]
2022-02-06 23:00:52.928  INFO 50148 --- [restartedMain] o.s.b.w.embedded.tomcat.TomcatWebServer  : Tomcat started on port(s): 8086 (http) with context path ''
2022-02-06 23:00:52.931  INFO 50148 --- [restartedMain] com.phms.PhmsApp                         : Started PhmsApp in 2.58 seconds (JVM running for 3.151)
2022-02-06 23:20:37.084  INFO 50148 --- [RMI TCP Connection(2)-127.0.0.1] inMXBeanRegistrar$SpringApplicationAdmin : Application shutdown requested.
2022-02-06 23:20:37.088  INFO 50148 --- [RMI TCP Connection(2)-127.0.0.1] o.s.s.concurrent.ThreadPoolTaskExecutor  : Shutting down ExecutorService 'applicationTaskExecutor'
2022-02-06 23:20:37.089  INFO 50148 --- [RMI TCP Connection(2)-127.0.0.1] com.alibaba.druid.pool.DruidDataSource   : {dataSource-1} closed
2022-02-06 23:20:37.102  INFO 50148 --- [RMI TCP Connection(2)-127.0.0.1] com.phms.filter.TimeFilter               : =======销毁过滤器=========
2022-02-06 23:20:37.102  INFO 50148 --- [RMI TCP Connection(2)-127.0.0.1] com.phms.listener.ListenerTest           : -------销毁监听器-------
2022-02-06 23:20:42.351  INFO 55977 --- [restartedMain] com.phms.PhmsApp                         : Starting PhmsApp on deMacBook-Pro.local with PID 55977 (started by xiaoluobo in /Users/xiaoluobo/Desktop/FYP /0000006宠物医院管理系统/源代码/phms)
2022-02-06 23:20:42.352  INFO 55977 --- [restartedMain] com.phms.PhmsApp                         : No active profile set, falling back to default profiles: default
2022-02-06 23:20:42.389  INFO 55977 --- [restartedMain] .e.DevToolsPropertyDefaultsPostProcessor : Devtools property defaults active! Set 'spring.devtools.add-properties' to 'false' to disable
2022-02-06 23:20:42.389  INFO 55977 --- [restartedMain] .e.DevToolsPropertyDefaultsPostProcessor : For additional web related logging consider setting the 'logging.level.web' property to 'DEBUG'
2022-02-06 23:20:42.840  INFO 55977 --- [restartedMain] o.s.c.a.ConfigurationClassPostProcessor  : Cannot enhance @Configuration bean definition 'myBatisConfiguration' since its singleton instance has been created too early. The typical cause is a non-static @Bean method with a BeanDefinitionRegistryPostProcessor return type: Consider declaring such methods as 'static'.
2022-02-06 23:20:42.923  INFO 55977 --- [restartedMain] trationDelegate$BeanPostProcessorChecker : Bean 'shiroConfig' of type [com.phms.config.ShiroConfig$$EnhancerBySpringCGLIB$$391cc6de] is not eligible for getting processed by all BeanPostProcessors (for example: not eligible for auto-proxying)
2022-02-06 23:20:42.927  INFO 55977 --- [restartedMain] trationDelegate$BeanPostProcessorChecker : Bean 'org.springframework.transaction.annotation.ProxyTransactionManagementConfiguration' of type [org.springframework.transaction.annotation.ProxyTransactionManagementConfiguration] is not eligible for getting processed by all BeanPostProcessors (for example: not eligible for auto-proxying)
2022-02-06 23:20:42.949  INFO 55977 --- [restartedMain] trationDelegate$BeanPostProcessorChecker : Bean 'druidConfiguration' of type [com.phms.config.DruidConfiguration$$EnhancerBySpringCGLIB$$a03a6cb1] is not eligible for getting processed by all BeanPostProcessors (for example: not eligible for auto-proxying)
2022-02-06 23:20:42.981  INFO 55977 --- [restartedMain] trationDelegate$BeanPostProcessorChecker : Bean 'statFilter' of type [com.alibaba.druid.filter.stat.StatFilter] is not eligible for getting processed by all BeanPostProcessors (for example: not eligible for auto-proxying)
2022-02-06 23:20:43.041  INFO 55977 --- [restartedMain] com.alibaba.druid.pool.DruidDataSource   : {dataSource-1,test} inited
2022-02-06 23:20:43.041  INFO 55977 --- [restartedMain] trationDelegate$BeanPostProcessorChecker : Bean 'dataSource' of type [com.alibaba.druid.pool.DruidDataSource] is not eligible for getting processed by all BeanPostProcessors (for example: not eligible for auto-proxying)
2022-02-06 23:20:43.054  INFO 55977 --- [restartedMain] trationDelegate$BeanPostProcessorChecker : Bean 'spring.datasource-org.springframework.boot.autoconfigure.jdbc.DataSourceProperties' of type [org.springframework.boot.autoconfigure.jdbc.DataSourceProperties] is not eligible for getting processed by all BeanPostProcessors (for example: not eligible for auto-proxying)
2022-02-06 23:20:43.057  INFO 55977 --- [restartedMain] trationDelegate$BeanPostProcessorChecker : Bean 'org.springframework.boot.autoconfigure.jdbc.DataSourceInitializerInvoker' of type [org.springframework.boot.autoconfigure.jdbc.DataSourceInitializerInvoker] is not eligible for getting processed by all BeanPostProcessors (for example: not eligible for auto-proxying)
2022-02-06 23:20:43.125  INFO 55977 --- [restartedMain] trationDelegate$BeanPostProcessorChecker : Bean 'sqlSessionFactory' of type [org.mybatis.spring.SqlSessionFactoryBean] is not eligible for getting processed by all BeanPostProcessors (for example: not eligible for auto-proxying)
2022-02-06 23:20:43.126  INFO 55977 --- [restartedMain] trationDelegate$BeanPostProcessorChecker : Bean 'sqlSessionFactory' of type [org.apache.ibatis.session.defaults.DefaultSqlSessionFactory] is not eligible for getting processed by all BeanPostProcessors (for example: not eligible for auto-proxying)
2022-02-06 23:20:43.133  INFO 55977 --- [restartedMain] trationDelegate$BeanPostProcessorChecker : Bean 'mybatis-plus-com.baomidou.mybatisplus.autoconfigure.MybatisPlusProperties' of type [com.baomidou.mybatisplus.autoconfigure.MybatisPlusProperties] is not eligible for getting processed by all BeanPostProcessors (for example: not eligible for auto-proxying)
2022-02-06 23:20:43.137  INFO 55977 --- [restartedMain] trationDelegate$BeanPostProcessorChecker : Bean 'com.baomidou.mybatisplus.autoconfigure.MybatisPlusAutoConfiguration' of type [com.baomidou.mybatisplus.autoconfigure.MybatisPlusAutoConfiguration$$EnhancerBySpringCGLIB$$aaf1a029] is not eligible for getting processed by all BeanPostProcessors (for example: not eligible for auto-proxying)
2022-02-06 23:20:43.143  INFO 55977 --- [restartedMain] trationDelegate$BeanPostProcessorChecker : Bean 'sqlSessionTemplate' of type [org.mybatis.spring.SqlSessionTemplate] is not eligible for getting processed by all BeanPostProcessors (for example: not eligible for auto-proxying)
2022-02-06 23:20:43.200  INFO 55977 --- [restartedMain] trationDelegate$BeanPostProcessorChecker : Bean 'userMapper' of type [org.mybatis.spring.mapper.MapperFactoryBean] is not eligible for getting processed by all BeanPostProcessors (for example: not eligible for auto-proxying)
2022-02-06 23:20:43.201  INFO 55977 --- [restartedMain] trationDelegate$BeanPostProcessorChecker : Bean 'userMapper' of type [com.sun.proxy.$Proxy59] is not eligible for getting processed by all BeanPostProcessors (for example: not eligible for auto-proxying)
2022-02-06 23:20:43.216  INFO 55977 --- [restartedMain] trationDelegate$BeanPostProcessorChecker : Bean 'userRoleMapper' of type [org.mybatis.spring.mapper.MapperFactoryBean] is not eligible for getting processed by all BeanPostProcessors (for example: not eligible for auto-proxying)
2022-02-06 23:20:43.217  INFO 55977 --- [restartedMain] trationDelegate$BeanPostProcessorChecker : Bean 'userRoleMapper' of type [com.sun.proxy.$Proxy61] is not eligible for getting processed by all BeanPostProcessors (for example: not eligible for auto-proxying)
2022-02-06 23:20:43.220  INFO 55977 --- [restartedMain] trationDelegate$BeanPostProcessorChecker : Bean 'customRealm' of type [com.phms.shiro.CustomRealm] is not eligible for getting processed by all BeanPostProcessors (for example: not eligible for auto-proxying)
2022-02-06 23:20:43.337  INFO 55977 --- [restartedMain] trationDelegate$BeanPostProcessorChecker : Bean 'sessionManager' of type [org.apache.shiro.web.session.mgt.DefaultWebSessionManager] is not eligible for getting processed by all BeanPostProcessors (for example: not eligible for auto-proxying)
2022-02-06 23:20:43.340  INFO 55977 --- [restartedMain] trationDelegate$BeanPostProcessorChecker : Bean 'securityManager' of type [org.apache.shiro.web.mgt.DefaultWebSecurityManager] is not eligible for getting processed by all BeanPostProcessors (for example: not eligible for auto-proxying)
2022-02-06 23:20:43.491  INFO 55977 --- [restartedMain] o.s.b.w.embedded.tomcat.TomcatWebServer  : Tomcat initialized with port(s): 8086 (http)
2022-02-06 23:20:43.497  INFO 55977 --- [restartedMain] o.a.coyote.http11.Http11NioProtocol      : Initializing ProtocolHandler ["http-nio-8086"]
2022-02-06 23:20:43.497  INFO 55977 --- [restartedMain] o.apache.catalina.core.StandardService   : Starting service [Tomcat]
2022-02-06 23:20:43.498  INFO 55977 --- [restartedMain] org.apache.catalina.core.StandardEngine  : Starting Servlet engine: [Apache Tomcat/9.0.29]
2022-02-06 23:20:43.539  INFO 55977 --- [restartedMain] o.a.c.c.C.[Tomcat].[localhost].[/]       : Initializing Spring embedded WebApplicationContext
2022-02-06 23:20:43.540  INFO 55977 --- [restartedMain] o.s.web.context.ContextLoader            : Root WebApplicationContext: initialization completed in 1151 ms
2022-02-06 23:20:43.587  INFO 55977 --- [restartedMain] com.phms.listener.ListenerTest           : -------监听器初始化-------
2022-02-06 23:20:43.589  INFO 55977 --- [restartedMain] com.phms.filter.TimeFilter               : =======初始化过滤器=========
2022-02-06 23:20:43.817  INFO 55977 --- [restartedMain] o.s.s.concurrent.ThreadPoolTaskExecutor  : Initializing ExecutorService 'applicationTaskExecutor'
2022-02-06 23:20:44.013  INFO 55977 --- [restartedMain] o.s.b.d.a.OptionalLiveReloadServer       : LiveReload server is running on port 35729
2022-02-06 23:20:44.048  INFO 55977 --- [restartedMain] o.a.coyote.http11.Http11NioProtocol      : Starting ProtocolHandler ["http-nio-8086"]
2022-02-06 23:20:44.065  INFO 55977 --- [restartedMain] o.s.b.w.embedded.tomcat.TomcatWebServer  : Tomcat started on port(s): 8086 (http) with context path ''
2022-02-06 23:20:44.068  INFO 55977 --- [restartedMain] com.phms.PhmsApp                         : Started PhmsApp in 1.984 seconds (JVM running for 2.492)
2022-02-06 23:21:20.786  INFO 55977 --- [http-nio-8086-exec-1] o.a.c.c.C.[Tomcat].[localhost].[/]       : Initializing Spring DispatcherServlet 'dispatcherServlet'
2022-02-06 23:21:20.786  INFO 55977 --- [http-nio-8086-exec-1] o.s.web.servlet.DispatcherServlet        : Initializing Servlet 'dispatcherServlet'
2022-02-06 23:21:20.794  INFO 55977 --- [http-nio-8086-exec-1] o.s.web.servlet.DispatcherServlet        : Completed initialization in 8 ms
2022-02-06 23:21:58.161  INFO 55977 --- [RMI TCP Connection(2)-127.0.0.1] inMXBeanRegistrar$SpringApplicationAdmin : Application shutdown requested.
2022-02-06 23:21:58.165  INFO 55977 --- [RMI TCP Connection(2)-127.0.0.1] o.s.s.concurrent.ThreadPoolTaskExecutor  : Shutting down ExecutorService 'applicationTaskExecutor'
2022-02-06 23:21:58.168  INFO 55977 --- [RMI TCP Connection(2)-127.0.0.1] com.alibaba.druid.pool.DruidDataSource   : {dataSource-1} closed
2022-02-06 23:21:58.280  INFO 55977 --- [RMI TCP Connection(2)-127.0.0.1] com.phms.filter.TimeFilter               : =======销毁过滤器=========
2022-02-06 23:21:58.280  INFO 55977 --- [RMI TCP Connection(2)-127.0.0.1] com.phms.listener.ListenerTest           : -------销毁监听器-------
2022-02-06 23:23:19.698  INFO 57111 --- [restartedMain] com.phms.PhmsApp                         : Starting PhmsApp on deMacBook-Pro.local with PID 57111 (started by xiaoluobo in /Users/xiaoluobo/Desktop/FYP /0000006宠物医院管理系统/源代码/phms)
2022-02-06 23:23:19.698  INFO 57111 --- [restartedMain] com.phms.PhmsApp                         : No active profile set, falling back to default profiles: default
2022-02-06 23:23:19.727  INFO 57111 --- [restartedMain] .e.DevToolsPropertyDefaultsPostProcessor : Devtools property defaults active! Set 'spring.devtools.add-properties' to 'false' to disable
2022-02-06 23:23:19.727  INFO 57111 --- [restartedMain] .e.DevToolsPropertyDefaultsPostProcessor : For additional web related logging consider setting the 'logging.level.web' property to 'DEBUG'
2022-02-06 23:23:20.163  INFO 57111 --- [restartedMain] o.s.c.a.ConfigurationClassPostProcessor  : Cannot enhance @Configuration bean definition 'myBatisConfiguration' since its singleton instance has been created too early. The typical cause is a non-static @Bean method with a BeanDefinitionRegistryPostProcessor return type: Consider declaring such methods as 'static'.
2022-02-06 23:23:20.245  INFO 57111 --- [restartedMain] trationDelegate$BeanPostProcessorChecker : Bean 'shiroConfig' of type [com.phms.config.ShiroConfig$$EnhancerBySpringCGLIB$$c3023f17] is not eligible for getting processed by all BeanPostProcessors (for example: not eligible for auto-proxying)
2022-02-06 23:23:20.249  INFO 57111 --- [restartedMain] trationDelegate$BeanPostProcessorChecker : Bean 'org.springframework.transaction.annotation.ProxyTransactionManagementConfiguration' of type [org.springframework.transaction.annotation.ProxyTransactionManagementConfiguration] is not eligible for getting processed by all BeanPostProcessors (for example: not eligible for auto-proxying)
2022-02-06 23:23:20.264  INFO 57111 --- [restartedMain] trationDelegate$BeanPostProcessorChecker : Bean 'druidConfiguration' of type [com.phms.config.DruidConfiguration$$EnhancerBySpringCGLIB$$2a1fe4ea] is not eligible for getting processed by all BeanPostProcessors (for example: not eligible for auto-proxying)
2022-02-06 23:23:20.295  INFO 57111 --- [restartedMain] trationDelegate$BeanPostProcessorChecker : Bean 'statFilter' of type [com.alibaba.druid.filter.stat.StatFilter] is not eligible for getting processed by all BeanPostProcessors (for example: not eligible for auto-proxying)
2022-02-06 23:23:20.356  INFO 57111 --- [restartedMain] com.alibaba.druid.pool.DruidDataSource   : {dataSource-1,test} inited
2022-02-06 23:23:20.357  INFO 57111 --- [restartedMain] trationDelegate$BeanPostProcessorChecker : Bean 'dataSource' of type [com.alibaba.druid.pool.DruidDataSource] is not eligible for getting processed by all BeanPostProcessors (for example: not eligible for auto-proxying)
2022-02-06 23:23:20.372  INFO 57111 --- [restartedMain] trationDelegate$BeanPostProcessorChecker : Bean 'spring.datasource-org.springframework.boot.autoconfigure.jdbc.DataSourceProperties' of type [org.springframework.boot.autoconfigure.jdbc.DataSourceProperties] is not eligible for getting processed by all BeanPostProcessors (for example: not eligible for auto-proxying)
2022-02-06 23:23:20.375  INFO 57111 --- [restartedMain] trationDelegate$BeanPostProcessorChecker : Bean 'org.springframework.boot.autoconfigure.jdbc.DataSourceInitializerInvoker' of type [org.springframework.boot.autoconfigure.jdbc.DataSourceInitializerInvoker] is not eligible for getting processed by all BeanPostProcessors (for example: not eligible for auto-proxying)
2022-02-06 23:23:20.448  INFO 57111 --- [restartedMain] trationDelegate$BeanPostProcessorChecker : Bean 'sqlSessionFactory' of type [org.mybatis.spring.SqlSessionFactoryBean] is not eligible for getting processed by all BeanPostProcessors (for example: not eligible for auto-proxying)
2022-02-06 23:23:20.449  INFO 57111 --- [restartedMain] trationDelegate$BeanPostProcessorChecker : Bean 'sqlSessionFactory' of type [org.apache.ibatis.session.defaults.DefaultSqlSessionFactory] is not eligible for getting processed by all BeanPostProcessors (for example: not eligible for auto-proxying)
2022-02-06 23:23:20.456  INFO 57111 --- [restartedMain] trationDelegate$BeanPostProcessorChecker : Bean 'mybatis-plus-com.baomidou.mybatisplus.autoconfigure.MybatisPlusProperties' of type [com.baomidou.mybatisplus.autoconfigure.MybatisPlusProperties] is not eligible for getting processed by all BeanPostProcessors (for example: not eligible for auto-proxying)
2022-02-06 23:23:20.461  INFO 57111 --- [restartedMain] trationDelegate$BeanPostProcessorChecker : Bean 'com.baomidou.mybatisplus.autoconfigure.MybatisPlusAutoConfiguration' of type [com.baomidou.mybatisplus.autoconfigure.MybatisPlusAutoConfiguration$$EnhancerBySpringCGLIB$$34d71862] is not eligible for getting processed by all BeanPostProcessors (for example: not eligible for auto-proxying)
2022-02-06 23:23:20.467  INFO 57111 --- [restartedMain] trationDelegate$BeanPostProcessorChecker : Bean 'sqlSessionTemplate' of type [org.mybatis.spring.SqlSessionTemplate] is not eligible for getting processed by all BeanPostProcessors (for example: not eligible for auto-proxying)
2022-02-06 23:23:20.525  INFO 57111 --- [restartedMain] trationDelegate$BeanPostProcessorChecker : Bean 'userMapper' of type [org.mybatis.spring.mapper.MapperFactoryBean] is not eligible for getting processed by all BeanPostProcessors (for example: not eligible for auto-proxying)
2022-02-06 23:23:20.526  INFO 57111 --- [restartedMain] trationDelegate$BeanPostProcessorChecker : Bean 'userMapper' of type [com.sun.proxy.$Proxy59] is not eligible for getting processed by all BeanPostProcessors (for example: not eligible for auto-proxying)
2022-02-06 23:23:20.547  INFO 57111 --- [restartedMain] trationDelegate$BeanPostProcessorChecker : Bean 'userRoleMapper' of type [org.mybatis.spring.mapper.MapperFactoryBean] is not eligible for getting processed by all BeanPostProcessors (for example: not eligible for auto-proxying)
2022-02-06 23:23:20.548  INFO 57111 --- [restartedMain] trationDelegate$BeanPostProcessorChecker : Bean 'userRoleMapper' of type [com.sun.proxy.$Proxy61] is not eligible for getting processed by all BeanPostProcessors (for example: not eligible for auto-proxying)
2022-02-06 23:23:20.551  INFO 57111 --- [restartedMain] trationDelegate$BeanPostProcessorChecker : Bean 'customRealm' of type [com.phms.shiro.CustomRealm] is not eligible for getting processed by all BeanPostProcessors (for example: not eligible for auto-proxying)
2022-02-06 23:23:20.680  INFO 57111 --- [restartedMain] trationDelegate$BeanPostProcessorChecker : Bean 'sessionManager' of type [org.apache.shiro.web.session.mgt.DefaultWebSessionManager] is not eligible for getting processed by all BeanPostProcessors (for example: not eligible for auto-proxying)
2022-02-06 23:23:20.683  INFO 57111 --- [restartedMain] trationDelegate$BeanPostProcessorChecker : Bean 'securityManager' of type [org.apache.shiro.web.mgt.DefaultWebSecurityManager] is not eligible for getting processed by all BeanPostProcessors (for example: not eligible for auto-proxying)
2022-02-06 23:23:20.809  INFO 57111 --- [restartedMain] o.s.b.w.embedded.tomcat.TomcatWebServer  : Tomcat initialized with port(s): 8086 (http)
2022-02-06 23:23:20.814  INFO 57111 --- [restartedMain] o.a.coyote.http11.Http11NioProtocol      : Initializing ProtocolHandler ["http-nio-8086"]
2022-02-06 23:23:20.815  INFO 57111 --- [restartedMain] o.apache.catalina.core.StandardService   : Starting service [Tomcat]
2022-02-06 23:23:20.815  INFO 57111 --- [restartedMain] org.apache.catalina.core.StandardEngine  : Starting Servlet engine: [Apache Tomcat/9.0.29]
2022-02-06 23:23:20.859  INFO 57111 --- [restartedMain] o.a.c.c.C.[Tomcat].[localhost].[/]       : Initializing Spring embedded WebApplicationContext
2022-02-06 23:23:20.859  INFO 57111 --- [restartedMain] o.s.web.context.ContextLoader            : Root WebApplicationContext: initialization completed in 1132 ms
2022-02-06 23:23:20.909  INFO 57111 --- [restartedMain] com.phms.listener.ListenerTest           : -------监听器初始化-------
2022-02-06 23:23:20.911  INFO 57111 --- [restartedMain] com.phms.filter.TimeFilter               : =======初始化过滤器=========
2022-02-06 23:23:21.164  INFO 57111 --- [restartedMain] o.s.s.concurrent.ThreadPoolTaskExecutor  : Initializing ExecutorService 'applicationTaskExecutor'
2022-02-06 23:23:21.372  INFO 57111 --- [restartedMain] o.s.b.d.a.OptionalLiveReloadServer       : LiveReload server is running on port 35729
2022-02-06 23:23:21.398  INFO 57111 --- [restartedMain] o.a.coyote.http11.Http11NioProtocol      : Starting ProtocolHandler ["http-nio-8086"]
2022-02-06 23:23:21.411  INFO 57111 --- [restartedMain] o.s.b.w.embedded.tomcat.TomcatWebServer  : Tomcat started on port(s): 8086 (http) with context path ''
2022-02-06 23:23:21.413  INFO 57111 --- [restartedMain] com.phms.PhmsApp                         : Started PhmsApp in 1.942 seconds (JVM running for 2.491)
2022-02-06 23:23:27.253  INFO 57111 --- [http-nio-8086-exec-1] o.a.c.c.C.[Tomcat].[localhost].[/]       : Initializing Spring DispatcherServlet 'dispatcherServlet'
2022-02-06 23:23:27.253  INFO 57111 --- [http-nio-8086-exec-1] o.s.web.servlet.DispatcherServlet        : Initializing Servlet 'dispatcherServlet'
2022-02-06 23:23:27.258  INFO 57111 --- [http-nio-8086-exec-1] o.s.web.servlet.DispatcherServlet        : Completed initialization in 5 ms
2022-02-06 23:23:29.111  INFO 57111 --- [http-nio-8086-exec-9] com.phms.shiro.CustomRealm               : admin---身份认证成功
2022-02-06 23:23:29.124  INFO 57111 --- [http-nio-8086-exec-9] com.phms.service.impl.UserServiceImpl    : 欢迎登录------您的权限是[超级管理员]
2022-02-06 23:27:05.258  INFO 57111 --- [http-nio-8086-exec-4] c.phms.controller.open.LoginController   : admin---退出登录！
2022-02-06 23:28:15.874  INFO 57111 --- [http-nio-8086-exec-2] com.phms.shiro.CustomRealm               : admin---身份认证成功
2022-02-06 23:28:15.877  INFO 57111 --- [http-nio-8086-exec-2] com.phms.service.impl.UserServiceImpl    : 欢迎登录------您的权限是[超级管理员]
2022-02-06 23:31:41.988  INFO 57111 --- [RMI TCP Connection(2)-127.0.0.1] inMXBeanRegistrar$SpringApplicationAdmin : Application shutdown requested.
2022-02-06 23:31:41.994  INFO 57111 --- [RMI TCP Connection(2)-127.0.0.1] o.s.s.concurrent.ThreadPoolTaskExecutor  : Shutting down ExecutorService 'applicationTaskExecutor'
2022-02-06 23:31:42.000  INFO 57111 --- [RMI TCP Connection(2)-127.0.0.1] com.alibaba.druid.pool.DruidDataSource   : {dataSource-1} closed
2022-02-06 23:31:42.011  INFO 57111 --- [RMI TCP Connection(2)-127.0.0.1] com.phms.filter.TimeFilter               : =======销毁过滤器=========
2022-02-06 23:31:42.011  INFO 57111 --- [RMI TCP Connection(2)-127.0.0.1] com.phms.listener.ListenerTest           : -------销毁监听器-------
2022-02-06 23:39:44.074  INFO 64171 --- [restartedMain] com.phms.PhmsApp                         : Starting PhmsApp on deMacBook-Pro.local with PID 64171 (started by xiaoluobo in /Users/xiaoluobo/Desktop/FYP /0000006宠物医院管理系统/源代码/phms)
2022-02-06 23:39:44.074  INFO 64171 --- [restartedMain] com.phms.PhmsApp                         : No active profile set, falling back to default profiles: default
2022-02-06 23:39:44.103  INFO 64171 --- [restartedMain] .e.DevToolsPropertyDefaultsPostProcessor : Devtools property defaults active! Set 'spring.devtools.add-properties' to 'false' to disable
2022-02-06 23:39:44.104  INFO 64171 --- [restartedMain] .e.DevToolsPropertyDefaultsPostProcessor : For additional web related logging consider setting the 'logging.level.web' property to 'DEBUG'
2022-02-06 23:39:44.546  INFO 64171 --- [restartedMain] o.s.c.a.ConfigurationClassPostProcessor  : Cannot enhance @Configuration bean definition 'myBatisConfiguration' since its singleton instance has been created too early. The typical cause is a non-static @Bean method with a BeanDefinitionRegistryPostProcessor return type: Consider declaring such methods as 'static'.
2022-02-06 23:39:44.629  INFO 64171 --- [restartedMain] trationDelegate$BeanPostProcessorChecker : Bean 'shiroConfig' of type [com.phms.config.ShiroConfig$$EnhancerBySpringCGLIB$$11c4fe8] is not eligible for getting processed by all BeanPostProcessors (for example: not eligible for auto-proxying)
2022-02-06 23:39:44.633  INFO 64171 --- [restartedMain] trationDelegate$BeanPostProcessorChecker : Bean 'org.springframework.transaction.annotation.ProxyTransactionManagementConfiguration' of type [org.springframework.transaction.annotation.ProxyTransactionManagementConfiguration] is not eligible for getting processed by all BeanPostProcessors (for example: not eligible for auto-proxying)
2022-02-06 23:39:44.657  INFO 64171 --- [restartedMain] trationDelegate$BeanPostProcessorChecker : Bean 'druidConfiguration' of type [com.phms.config.DruidConfiguration$$EnhancerBySpringCGLIB$$6839f5bb] is not eligible for getting processed by all BeanPostProcessors (for example: not eligible for auto-proxying)
2022-02-06 23:39:44.691  INFO 64171 --- [restartedMain] trationDelegate$BeanPostProcessorChecker : Bean 'statFilter' of type [com.alibaba.druid.filter.stat.StatFilter] is not eligible for getting processed by all BeanPostProcessors (for example: not eligible for auto-proxying)
2022-02-06 23:39:44.751  INFO 64171 --- [restartedMain] com.alibaba.druid.pool.DruidDataSource   : {dataSource-1,test} inited
2022-02-06 23:39:44.752  INFO 64171 --- [restartedMain] trationDelegate$BeanPostProcessorChecker : Bean 'dataSource' of type [com.alibaba.druid.pool.DruidDataSource] is not eligible for getting processed by all BeanPostProcessors (for example: not eligible for auto-proxying)
2022-02-06 23:39:44.765  INFO 64171 --- [restartedMain] trationDelegate$BeanPostProcessorChecker : Bean 'spring.datasource-org.springframework.boot.autoconfigure.jdbc.DataSourceProperties' of type [org.springframework.boot.autoconfigure.jdbc.DataSourceProperties] is not eligible for getting processed by all BeanPostProcessors (for example: not eligible for auto-proxying)
2022-02-06 23:39:44.768  INFO 64171 --- [restartedMain] trationDelegate$BeanPostProcessorChecker : Bean 'org.springframework.boot.autoconfigure.jdbc.DataSourceInitializerInvoker' of type [org.springframework.boot.autoconfigure.jdbc.DataSourceInitializerInvoker] is not eligible for getting processed by all BeanPostProcessors (for example: not eligible for auto-proxying)
2022-02-06 23:39:44.839  INFO 64171 --- [restartedMain] trationDelegate$BeanPostProcessorChecker : Bean 'sqlSessionFactory' of type [org.mybatis.spring.SqlSessionFactoryBean] is not eligible for getting processed by all BeanPostProcessors (for example: not eligible for auto-proxying)
2022-02-06 23:39:44.840  INFO 64171 --- [restartedMain] trationDelegate$BeanPostProcessorChecker : Bean 'sqlSessionFactory' of type [org.apache.ibatis.session.defaults.DefaultSqlSessionFactory] is not eligible for getting processed by all BeanPostProcessors (for example: not eligible for auto-proxying)
2022-02-06 23:39:44.846  INFO 64171 --- [restartedMain] trationDelegate$BeanPostProcessorChecker : Bean 'mybatis-plus-com.baomidou.mybatisplus.autoconfigure.MybatisPlusProperties' of type [com.baomidou.mybatisplus.autoconfigure.MybatisPlusProperties] is not eligible for getting processed by all BeanPostProcessors (for example: not eligible for auto-proxying)
2022-02-06 23:39:44.851  INFO 64171 --- [restartedMain] trationDelegate$BeanPostProcessorChecker : Bean 'com.baomidou.mybatisplus.autoconfigure.MybatisPlusAutoConfiguration' of type [com.baomidou.mybatisplus.autoconfigure.MybatisPlusAutoConfiguration$$EnhancerBySpringCGLIB$$72f12933] is not eligible for getting processed by all BeanPostProcessors (for example: not eligible for auto-proxying)
2022-02-06 23:39:44.856  INFO 64171 --- [restartedMain] trationDelegate$BeanPostProcessorChecker : Bean 'sqlSessionTemplate' of type [org.mybatis.spring.SqlSessionTemplate] is not eligible for getting processed by all BeanPostProcessors (for example: not eligible for auto-proxying)
2022-02-06 23:39:44.918  INFO 64171 --- [restartedMain] trationDelegate$BeanPostProcessorChecker : Bean 'userMapper' of type [org.mybatis.spring.mapper.MapperFactoryBean] is not eligible for getting processed by all BeanPostProcessors (for example: not eligible for auto-proxying)
2022-02-06 23:39:44.919  INFO 64171 --- [restartedMain] trationDelegate$BeanPostProcessorChecker : Bean 'userMapper' of type [com.sun.proxy.$Proxy59] is not eligible for getting processed by all BeanPostProcessors (for example: not eligible for auto-proxying)
2022-02-06 23:39:44.938  INFO 64171 --- [restartedMain] trationDelegate$BeanPostProcessorChecker : Bean 'userRoleMapper' of type [org.mybatis.spring.mapper.MapperFactoryBean] is not eligible for getting processed by all BeanPostProcessors (for example: not eligible for auto-proxying)
2022-02-06 23:39:44.939  INFO 64171 --- [restartedMain] trationDelegate$BeanPostProcessorChecker : Bean 'userRoleMapper' of type [com.sun.proxy.$Proxy61] is not eligible for getting processed by all BeanPostProcessors (for example: not eligible for auto-proxying)
2022-02-06 23:39:44.942  INFO 64171 --- [restartedMain] trationDelegate$BeanPostProcessorChecker : Bean 'customRealm' of type [com.phms.shiro.CustomRealm] is not eligible for getting processed by all BeanPostProcessors (for example: not eligible for auto-proxying)
2022-02-06 23:39:45.078  INFO 64171 --- [restartedMain] trationDelegate$BeanPostProcessorChecker : Bean 'sessionManager' of type [org.apache.shiro.web.session.mgt.DefaultWebSessionManager] is not eligible for getting processed by all BeanPostProcessors (for example: not eligible for auto-proxying)
2022-02-06 23:39:45.082  INFO 64171 --- [restartedMain] trationDelegate$BeanPostProcessorChecker : Bean 'securityManager' of type [org.apache.shiro.web.mgt.DefaultWebSecurityManager] is not eligible for getting processed by all BeanPostProcessors (for example: not eligible for auto-proxying)
2022-02-06 23:39:45.233  INFO 64171 --- [restartedMain] o.s.b.w.embedded.tomcat.TomcatWebServer  : Tomcat initialized with port(s): 8086 (http)
2022-02-06 23:39:45.239  INFO 64171 --- [restartedMain] o.a.coyote.http11.Http11NioProtocol      : Initializing ProtocolHandler ["http-nio-8086"]
2022-02-06 23:39:45.240  INFO 64171 --- [restartedMain] o.apache.catalina.core.StandardService   : Starting service [Tomcat]
2022-02-06 23:39:45.240  INFO 64171 --- [restartedMain] org.apache.catalina.core.StandardEngine  : Starting Servlet engine: [Apache Tomcat/9.0.29]
2022-02-06 23:39:45.288  INFO 64171 --- [restartedMain] o.a.c.c.C.[Tomcat].[localhost].[/]       : Initializing Spring embedded WebApplicationContext
2022-02-06 23:39:45.288  INFO 64171 --- [restartedMain] o.s.web.context.ContextLoader            : Root WebApplicationContext: initialization completed in 1184 ms
2022-02-06 23:39:45.341  INFO 64171 --- [restartedMain] com.phms.listener.ListenerTest           : -------监听器初始化-------
2022-02-06 23:39:45.344  INFO 64171 --- [restartedMain] com.phms.filter.TimeFilter               : =======初始化过滤器=========
2022-02-06 23:39:45.587  INFO 64171 --- [restartedMain] o.s.s.concurrent.ThreadPoolTaskExecutor  : Initializing ExecutorService 'applicationTaskExecutor'
2022-02-06 23:39:45.813  INFO 64171 --- [restartedMain] o.s.b.d.a.OptionalLiveReloadServer       : LiveReload server is running on port 35729
2022-02-06 23:39:45.848  INFO 64171 --- [restartedMain] o.a.coyote.http11.Http11NioProtocol      : Starting ProtocolHandler ["http-nio-8086"]
2022-02-06 23:39:45.865  INFO 64171 --- [restartedMain] o.s.b.w.embedded.tomcat.TomcatWebServer  : Tomcat started on port(s): 8086 (http) with context path ''
2022-02-06 23:39:45.867  INFO 64171 --- [restartedMain] com.phms.PhmsApp                         : Started PhmsApp in 2.023 seconds (JVM running for 2.571)
2022-02-06 23:40:09.743  INFO 64171 --- [http-nio-8086-exec-1] o.a.c.c.C.[Tomcat].[localhost].[/]       : Initializing Spring DispatcherServlet 'dispatcherServlet'
2022-02-06 23:40:09.743  INFO 64171 --- [http-nio-8086-exec-1] o.s.web.servlet.DispatcherServlet        : Initializing Servlet 'dispatcherServlet'
2022-02-06 23:40:09.748  INFO 64171 --- [http-nio-8086-exec-1] o.s.web.servlet.DispatcherServlet        : Completed initialization in 5 ms
2022-02-06 23:40:12.561  INFO 64171 --- [http-nio-8086-exec-9] com.phms.shiro.CustomRealm               : admin---身份认证成功
2022-02-06 23:40:12.570  INFO 64171 --- [http-nio-8086-exec-9] com.phms.service.impl.UserServiceImpl    : 欢迎登录------您的权限是[超级管理员]
2022-02-06 23:41:10.243  INFO 64171 --- [Thread-6] o.s.s.concurrent.ThreadPoolTaskExecutor  : Shutting down ExecutorService 'applicationTaskExecutor'
2022-02-06 23:41:10.247  INFO 64171 --- [Thread-6] com.alibaba.druid.pool.DruidDataSource   : {dataSource-1} closed
2022-02-06 23:41:10.259  INFO 64171 --- [Thread-6] com.phms.filter.TimeFilter               : =======销毁过滤器=========
2022-02-06 23:41:10.259  INFO 64171 --- [Thread-6] com.phms.listener.ListenerTest           : -------销毁监听器-------
2022-02-06 23:41:10.390  INFO 64171 --- [restartedMain] com.phms.PhmsApp                         : Starting PhmsApp on deMacBook-Pro.local with PID 64171 (started by xiaoluobo in /Users/xiaoluobo/Desktop/FYP /0000006宠物医院管理系统/源代码/phms)
2022-02-06 23:41:10.390  INFO 64171 --- [restartedMain] com.phms.PhmsApp                         : No active profile set, falling back to default profiles: default
2022-02-06 23:41:10.551  INFO 64171 --- [restartedMain] o.s.c.a.ConfigurationClassPostProcessor  : Cannot enhance @Configuration bean definition 'myBatisConfiguration' since its singleton instance has been created too early. The typical cause is a non-static @Bean method with a BeanDefinitionRegistryPostProcessor return type: Consider declaring such methods as 'static'.
2022-02-06 23:41:10.565  INFO 64171 --- [restartedMain] trationDelegate$BeanPostProcessorChecker : Bean 'shiroConfig' of type [com.phms.config.ShiroConfig$$EnhancerBySpringCGLIB$$11c4fe8] is not eligible for getting processed by all BeanPostProcessors (for example: not eligible for auto-proxying)
2022-02-06 23:41:10.566  INFO 64171 --- [restartedMain] trationDelegate$BeanPostProcessorChecker : Bean 'org.springframework.transaction.annotation.ProxyTransactionManagementConfiguration' of type [org.springframework.transaction.annotation.ProxyTransactionManagementConfiguration] is not eligible for getting processed by all BeanPostProcessors (for example: not eligible for auto-proxying)
2022-02-06 23:41:10.572  INFO 64171 --- [restartedMain] trationDelegate$BeanPostProcessorChecker : Bean 'druidConfiguration' of type [com.phms.config.DruidConfiguration$$EnhancerBySpringCGLIB$$6839f5bb] is not eligible for getting processed by all BeanPostProcessors (for example: not eligible for auto-proxying)
2022-02-06 23:41:10.576  INFO 64171 --- [restartedMain] trationDelegate$BeanPostProcessorChecker : Bean 'statFilter' of type [com.alibaba.druid.filter.stat.StatFilter] is not eligible for getting processed by all BeanPostProcessors (for example: not eligible for auto-proxying)
2022-02-06 23:41:10.598  INFO 64171 --- [restartedMain] com.alibaba.druid.pool.DruidDataSource   : {dataSource-2,test} inited
2022-02-06 23:41:10.598  INFO 64171 --- [restartedMain] trationDelegate$BeanPostProcessorChecker : Bean 'dataSource' of type [com.alibaba.druid.pool.DruidDataSource] is not eligible for getting processed by all BeanPostProcessors (for example: not eligible for auto-proxying)
2022-02-06 23:41:10.606  INFO 64171 --- [restartedMain] trationDelegate$BeanPostProcessorChecker : Bean 'spring.datasource-org.springframework.boot.autoconfigure.jdbc.DataSourceProperties' of type [org.springframework.boot.autoconfigure.jdbc.DataSourceProperties] is not eligible for getting processed by all BeanPostProcessors (for example: not eligible for auto-proxying)
2022-02-06 23:41:10.608  INFO 64171 --- [restartedMain] trationDelegate$BeanPostProcessorChecker : Bean 'org.springframework.boot.autoconfigure.jdbc.DataSourceInitializerInvoker' of type [org.springframework.boot.autoconfigure.jdbc.DataSourceInitializerInvoker] is not eligible for getting processed by all BeanPostProcessors (for example: not eligible for auto-proxying)
2022-02-06 23:41:10.613  INFO 64171 --- [restartedMain] trationDelegate$BeanPostProcessorChecker : Bean 'sqlSessionFactory' of type [org.mybatis.spring.SqlSessionFactoryBean] is not eligible for getting processed by all BeanPostProcessors (for example: not eligible for auto-proxying)
2022-02-06 23:41:10.614  INFO 64171 --- [restartedMain] trationDelegate$BeanPostProcessorChecker : Bean 'sqlSessionFactory' of type [org.apache.ibatis.session.defaults.DefaultSqlSessionFactory] is not eligible for getting processed by all BeanPostProcessors (for example: not eligible for auto-proxying)
2022-02-06 23:41:10.616  INFO 64171 --- [restartedMain] trationDelegate$BeanPostProcessorChecker : Bean 'mybatis-plus-com.baomidou.mybatisplus.autoconfigure.MybatisPlusProperties' of type [com.baomidou.mybatisplus.autoconfigure.MybatisPlusProperties] is not eligible for getting processed by all BeanPostProcessors (for example: not eligible for auto-proxying)
2022-02-06 23:41:10.620  INFO 64171 --- [restartedMain] trationDelegate$BeanPostProcessorChecker : Bean 'com.baomidou.mybatisplus.autoconfigure.MybatisPlusAutoConfiguration' of type [com.baomidou.mybatisplus.autoconfigure.MybatisPlusAutoConfiguration$$EnhancerBySpringCGLIB$$72f12933] is not eligible for getting processed by all BeanPostProcessors (for example: not eligible for auto-proxying)
2022-02-06 23:41:10.621  INFO 64171 --- [restartedMain] trationDelegate$BeanPostProcessorChecker : Bean 'sqlSessionTemplate' of type [org.mybatis.spring.SqlSessionTemplate] is not eligible for getting processed by all BeanPostProcessors (for example: not eligible for auto-proxying)
2022-02-06 23:41:10.633  INFO 64171 --- [restartedMain] trationDelegate$BeanPostProcessorChecker : Bean 'userMapper' of type [org.mybatis.spring.mapper.MapperFactoryBean] is not eligible for getting processed by all BeanPostProcessors (for example: not eligible for auto-proxying)
2022-02-06 23:41:10.634  INFO 64171 --- [restartedMain] trationDelegate$BeanPostProcessorChecker : Bean 'userMapper' of type [com.sun.proxy.$Proxy98] is not eligible for getting processed by all BeanPostProcessors (for example: not eligible for auto-proxying)
2022-02-06 23:41:10.643  INFO 64171 --- [restartedMain] trationDelegate$BeanPostProcessorChecker : Bean 'userRoleMapper' of type [org.mybatis.spring.mapper.MapperFactoryBean] is not eligible for getting processed by all BeanPostProcessors (for example: not eligible for auto-proxying)
2022-02-06 23:41:10.644  INFO 64171 --- [restartedMain] trationDelegate$BeanPostProcessorChecker : Bean 'userRoleMapper' of type [com.sun.proxy.$Proxy100] is not eligible for getting processed by all BeanPostProcessors (for example: not eligible for auto-proxying)
2022-02-06 23:41:10.646  INFO 64171 --- [restartedMain] trationDelegate$BeanPostProcessorChecker : Bean 'customRealm' of type [com.phms.shiro.CustomRealm] is not eligible for getting processed by all BeanPostProcessors (for example: not eligible for auto-proxying)
2022-02-06 23:41:10.649  INFO 64171 --- [restartedMain] trationDelegate$BeanPostProcessorChecker : Bean 'sessionManager' of type [org.apache.shiro.web.session.mgt.DefaultWebSessionManager] is not eligible for getting processed by all BeanPostProcessors (for example: not eligible for auto-proxying)
2022-02-06 23:41:10.650  INFO 64171 --- [restartedMain] trationDelegate$BeanPostProcessorChecker : Bean 'securityManager' of type [org.apache.shiro.web.mgt.DefaultWebSecurityManager] is not eligible for getting processed by all BeanPostProcessors (for example: not eligible for auto-proxying)
2022-02-06 23:41:10.684  INFO 64171 --- [restartedMain] o.s.b.w.embedded.tomcat.TomcatWebServer  : Tomcat initialized with port(s): 8086 (http)
2022-02-06 23:41:10.685  INFO 64171 --- [restartedMain] o.a.coyote.http11.Http11NioProtocol      : Initializing ProtocolHandler ["http-nio-8086"]
2022-02-06 23:41:10.685  INFO 64171 --- [restartedMain] o.apache.catalina.core.StandardService   : Starting service [Tomcat]
2022-02-06 23:41:10.685  INFO 64171 --- [restartedMain] org.apache.catalina.core.StandardEngine  : Starting Servlet engine: [Apache Tomcat/9.0.29]
2022-02-06 23:41:10.690  INFO 64171 --- [restartedMain] o.a.c.c.C.[Tomcat].[localhost].[/]       : Initializing Spring embedded WebApplicationContext
2022-02-06 23:41:10.690  INFO 64171 --- [restartedMain] o.s.web.context.ContextLoader            : Root WebApplicationContext: initialization completed in 298 ms
2022-02-06 23:41:10.711  INFO 64171 --- [restartedMain] com.phms.listener.ListenerTest           : -------监听器初始化-------
2022-02-06 23:41:10.712  INFO 64171 --- [restartedMain] com.phms.filter.TimeFilter               : =======初始化过滤器=========
2022-02-06 23:41:10.847  INFO 64171 --- [restartedMain] o.s.s.concurrent.ThreadPoolTaskExecutor  : Initializing ExecutorService 'applicationTaskExecutor'
2022-02-06 23:41:10.940  INFO 64171 --- [restartedMain] o.s.b.d.a.OptionalLiveReloadServer       : LiveReload server is running on port 35729
2022-02-06 23:41:10.959  INFO 64171 --- [restartedMain] o.a.coyote.http11.Http11NioProtocol      : Starting ProtocolHandler ["http-nio-8086"]
2022-02-06 23:41:10.960  INFO 64171 --- [restartedMain] o.s.b.w.embedded.tomcat.TomcatWebServer  : Tomcat started on port(s): 8086 (http) with context path ''
2022-02-06 23:41:10.960  INFO 64171 --- [restartedMain] com.phms.PhmsApp                         : Started PhmsApp in 0.596 seconds (JVM running for 87.665)
2022-02-06 23:41:10.962  INFO 64171 --- [restartedMain] .ConditionEvaluationDeltaLoggingListener : Condition evaluation unchanged
2022-02-06 23:41:12.762  INFO 64171 --- [http-nio-8086-exec-1] o.a.c.c.C.[Tomcat].[localhost].[/]       : Initializing Spring DispatcherServlet 'dispatcherServlet'
2022-02-06 23:41:12.763  INFO 64171 --- [http-nio-8086-exec-1] o.s.web.servlet.DispatcherServlet        : Initializing Servlet 'dispatcherServlet'
2022-02-06 23:41:12.769  INFO 64171 --- [http-nio-8086-exec-1] o.s.web.servlet.DispatcherServlet        : Completed initialization in 6 ms
2022-02-06 23:41:14.401  INFO 64171 --- [http-nio-8086-exec-9] com.phms.shiro.CustomRealm               : admin---身份认证成功
2022-02-06 23:41:14.404  INFO 64171 --- [http-nio-8086-exec-9] com.phms.service.impl.UserServiceImpl    : 欢迎登录------您的权限是[超级管理员]
