2022-04-26 13:28:43.520  INFO 4940 --- [restartedMain] com.phms.PhmsApp                         : Starting PhmsApp on deMacBook-Pro.local with PID 4940 (/Users/xiaoluobo/Desktop/phms/target/classes started by xiaoluobo in /Users/xiaoluobo/Desktop/phms)
2022-04-26 13:28:43.521  INFO 4940 --- [restartedMain] com.phms.PhmsApp                         : No active profile set, falling back to default profiles: default
2022-04-26 13:28:43.555  INFO 4940 --- [restartedMain] .e.DevToolsPropertyDefaultsPostProcessor : Devtools property defaults active! Set 'spring.devtools.add-properties' to 'false' to disable
2022-04-26 13:28:43.555  INFO 4940 --- [restartedMain] .e.DevToolsPropertyDefaultsPostProcessor : For additional web related logging consider setting the 'logging.level.web' property to 'DEBUG'
2022-04-26 13:28:44.118  INFO 4940 --- [restartedMain] o.s.c.a.ConfigurationClassPostProcessor  : Cannot enhance @Configuration bean definition 'myBatisConfiguration' since its singleton instance has been created too early. The typical cause is a non-static @Bean method with a BeanDefinitionRegistryPostProcessor return type: Consider declaring such methods as 'static'.
2022-04-26 13:28:44.213  INFO 4940 --- [restartedMain] trationDelegate$BeanPostProcessorChecker : Bean 'shiroConfig' of type [com.phms.config.ShiroConfig$$EnhancerBySpringCGLIB$$111193d0] is not eligible for getting processed by all BeanPostProcessors (for example: not eligible for auto-proxying)
2022-04-26 13:28:44.218  INFO 4940 --- [restartedMain] trationDelegate$BeanPostProcessorChecker : Bean 'org.springframework.transaction.annotation.ProxyTransactionManagementConfiguration' of type [org.springframework.transaction.annotation.ProxyTransactionManagementConfiguration] is not eligible for getting processed by all BeanPostProcessors (for example: not eligible for auto-proxying)
2022-04-26 13:28:44.242  INFO 4940 --- [restartedMain] trationDelegate$BeanPostProcessorChecker : Bean 'druidConfiguration' of type [com.phms.config.DruidConfiguration$$EnhancerBySpringCGLIB$$782f39a3] is not eligible for getting processed by all BeanPostProcessors (for example: not eligible for auto-proxying)
2022-04-26 13:28:44.286  INFO 4940 --- [restartedMain] trationDelegate$BeanPostProcessorChecker : Bean 'statFilter' of type [com.alibaba.druid.filter.stat.StatFilter] is not eligible for getting processed by all BeanPostProcessors (for example: not eligible for auto-proxying)
2022-04-26 13:28:44.367  INFO 4940 --- [restartedMain] com.alibaba.druid.pool.DruidDataSource   : {dataSource-1,test} inited
2022-04-26 13:28:44.367  INFO 4940 --- [restartedMain] trationDelegate$BeanPostProcessorChecker : Bean 'dataSource' of type [com.alibaba.druid.pool.DruidDataSource] is not eligible for getting processed by all BeanPostProcessors (for example: not eligible for auto-proxying)
2022-04-26 13:28:44.382  INFO 4940 --- [restartedMain] trationDelegate$BeanPostProcessorChecker : Bean 'spring.datasource-org.springframework.boot.autoconfigure.jdbc.DataSourceProperties' of type [org.springframework.boot.autoconfigure.jdbc.DataSourceProperties] is not eligible for getting processed by all BeanPostProcessors (for example: not eligible for auto-proxying)
2022-04-26 13:28:44.386  INFO 4940 --- [restartedMain] trationDelegate$BeanPostProcessorChecker : Bean 'org.springframework.boot.autoconfigure.jdbc.DataSourceInitializerInvoker' of type [org.springframework.boot.autoconfigure.jdbc.DataSourceInitializerInvoker] is not eligible for getting processed by all BeanPostProcessors (for example: not eligible for auto-proxying)
2022-04-26 13:28:44.471  INFO 4940 --- [restartedMain] trationDelegate$BeanPostProcessorChecker : Bean 'sqlSessionFactory' of type [org.mybatis.spring.SqlSessionFactoryBean] is not eligible for getting processed by all BeanPostProcessors (for example: not eligible for auto-proxying)
2022-04-26 13:28:44.472  INFO 4940 --- [restartedMain] trationDelegate$BeanPostProcessorChecker : Bean 'sqlSessionFactory' of type [org.apache.ibatis.session.defaults.DefaultSqlSessionFactory] is not eligible for getting processed by all BeanPostProcessors (for example: not eligible for auto-proxying)
2022-04-26 13:28:44.482  INFO 4940 --- [restartedMain] trationDelegate$BeanPostProcessorChecker : Bean 'mybatis-plus-com.baomidou.mybatisplus.autoconfigure.MybatisPlusProperties' of type [com.baomidou.mybatisplus.autoconfigure.MybatisPlusProperties] is not eligible for getting processed by all BeanPostProcessors (for example: not eligible for auto-proxying)
2022-04-26 13:28:44.488  INFO 4940 --- [restartedMain] trationDelegate$BeanPostProcessorChecker : Bean 'com.baomidou.mybatisplus.autoconfigure.MybatisPlusAutoConfiguration' of type [com.baomidou.mybatisplus.autoconfigure.MybatisPlusAutoConfiguration$$EnhancerBySpringCGLIB$$82e66d1b] is not eligible for getting processed by all BeanPostProcessors (for example: not eligible for auto-proxying)
2022-04-26 13:28:44.494  INFO 4940 --- [restartedMain] trationDelegate$BeanPostProcessorChecker : Bean 'sqlSessionTemplate' of type [org.mybatis.spring.SqlSessionTemplate] is not eligible for getting processed by all BeanPostProcessors (for example: not eligible for auto-proxying)
2022-04-26 13:28:44.567  INFO 4940 --- [restartedMain] trationDelegate$BeanPostProcessorChecker : Bean 'userMapper' of type [org.mybatis.spring.mapper.MapperFactoryBean] is not eligible for getting processed by all BeanPostProcessors (for example: not eligible for auto-proxying)
2022-04-26 13:28:44.569  INFO 4940 --- [restartedMain] trationDelegate$BeanPostProcessorChecker : Bean 'userMapper' of type [com.sun.proxy.$Proxy59] is not eligible for getting processed by all BeanPostProcessors (for example: not eligible for auto-proxying)
2022-04-26 13:28:44.602  INFO 4940 --- [restartedMain] trationDelegate$BeanPostProcessorChecker : Bean 'userRoleMapper' of type [org.mybatis.spring.mapper.MapperFactoryBean] is not eligible for getting processed by all BeanPostProcessors (for example: not eligible for auto-proxying)
2022-04-26 13:28:44.603  INFO 4940 --- [restartedMain] trationDelegate$BeanPostProcessorChecker : Bean 'userRoleMapper' of type [com.sun.proxy.$Proxy61] is not eligible for getting processed by all BeanPostProcessors (for example: not eligible for auto-proxying)
2022-04-26 13:28:44.606  INFO 4940 --- [restartedMain] trationDelegate$BeanPostProcessorChecker : Bean 'customRealm' of type [com.phms.shiro.CustomRealm] is not eligible for getting processed by all BeanPostProcessors (for example: not eligible for auto-proxying)
2022-04-26 13:28:44.736  INFO 4940 --- [restartedMain] trationDelegate$BeanPostProcessorChecker : Bean 'sessionManager' of type [org.apache.shiro.web.session.mgt.DefaultWebSessionManager] is not eligible for getting processed by all BeanPostProcessors (for example: not eligible for auto-proxying)
2022-04-26 13:28:44.739  INFO 4940 --- [restartedMain] trationDelegate$BeanPostProcessorChecker : Bean 'securityManager' of type [org.apache.shiro.web.mgt.DefaultWebSecurityManager] is not eligible for getting processed by all BeanPostProcessors (for example: not eligible for auto-proxying)
2022-04-26 13:28:44.885  INFO 4940 --- [restartedMain] o.s.b.w.embedded.tomcat.TomcatWebServer  : Tomcat initialized with port(s): 8086 (http)
2022-04-26 13:28:44.891  INFO 4940 --- [restartedMain] o.a.coyote.http11.Http11NioProtocol      : Initializing ProtocolHandler ["http-nio-8086"]
2022-04-26 13:28:44.891  INFO 4940 --- [restartedMain] o.apache.catalina.core.StandardService   : Starting service [Tomcat]
2022-04-26 13:28:44.892  INFO 4940 --- [restartedMain] org.apache.catalina.core.StandardEngine  : Starting Servlet engine: [Apache Tomcat/9.0.29]
2022-04-26 13:28:44.938  INFO 4940 --- [restartedMain] o.a.c.c.C.[Tomcat].[localhost].[/]       : Initializing Spring embedded WebApplicationContext
2022-04-26 13:28:44.938  INFO 4940 --- [restartedMain] o.s.web.context.ContextLoader            : Root WebApplicationContext: initialization completed in 1383 ms
2022-04-26 13:28:45.055  INFO 4940 --- [restartedMain] com.phms.listener.ListenerTest           : -------监听器初始化-------
2022-04-26 13:28:45.057  INFO 4940 --- [restartedMain] com.phms.filter.TimeFilter               : =======初始化过滤器=========
2022-04-26 13:28:45.706  INFO 4940 --- [restartedMain] o.s.s.concurrent.ThreadPoolTaskExecutor  : Initializing ExecutorService 'applicationTaskExecutor'
2022-04-26 13:28:46.043  INFO 4940 --- [restartedMain] o.s.b.d.a.OptionalLiveReloadServer       : LiveReload server is running on port 35729
2022-04-26 13:28:46.078  INFO 4940 --- [restartedMain] o.a.coyote.http11.Http11NioProtocol      : Starting ProtocolHandler ["http-nio-8086"]
2022-04-26 13:28:46.098  INFO 4940 --- [restartedMain] o.s.b.w.embedded.tomcat.TomcatWebServer  : Tomcat started on port(s): 8086 (http) with context path ''
2022-04-26 13:28:46.101  INFO 4940 --- [restartedMain] com.phms.PhmsApp                         : Started PhmsApp in 2.838 seconds (JVM running for 3.37)
2022-04-26 13:28:53.017  INFO 4940 --- [http-nio-8086-exec-1] o.a.c.c.C.[Tomcat].[localhost].[/]       : Initializing Spring DispatcherServlet 'dispatcherServlet'
2022-04-26 13:28:53.017  INFO 4940 --- [http-nio-8086-exec-1] o.s.web.servlet.DispatcherServlet        : Initializing Servlet 'dispatcherServlet'
2022-04-26 13:28:53.024  INFO 4940 --- [http-nio-8086-exec-1] o.s.web.servlet.DispatcherServlet        : Completed initialization in 7 ms
2022-04-26 13:28:57.406  INFO 4940 --- [http-nio-8086-exec-10] com.phms.shiro.CustomRealm               : user---身份认证成功
2022-04-26 13:28:57.417  INFO 4940 --- [http-nio-8086-exec-10] com.phms.service.impl.UserServiceImpl    : 欢迎登录------您的权限是[User]
2022-04-26 13:31:14.257  INFO 4940 --- [http-nio-8086-exec-8] c.phms.controller.open.LoginController   : user---Log out！
2022-04-26 13:31:17.690  INFO 4940 --- [http-nio-8086-exec-4] com.phms.shiro.CustomRealm               : vet1---身份认证成功
2022-04-26 13:31:17.693  INFO 4940 --- [http-nio-8086-exec-4] com.phms.service.impl.UserServiceImpl    : 欢迎登录------您的权限是[Vet]
2022-04-26 13:32:55.144  INFO 4940 --- [RMI TCP Connection(2)-127.0.0.1] inMXBeanRegistrar$SpringApplicationAdmin : Application shutdown requested.
2022-04-26 13:32:55.147  INFO 4940 --- [RMI TCP Connection(2)-127.0.0.1] o.s.s.concurrent.ThreadPoolTaskExecutor  : Shutting down ExecutorService 'applicationTaskExecutor'
2022-04-26 13:32:55.151  INFO 4940 --- [RMI TCP Connection(2)-127.0.0.1] com.alibaba.druid.pool.DruidDataSource   : {dataSource-1} closed
2022-04-26 13:32:55.163  INFO 4940 --- [RMI TCP Connection(2)-127.0.0.1] com.phms.filter.TimeFilter               : =======销毁过滤器=========
2022-04-26 13:32:55.163  INFO 4940 --- [RMI TCP Connection(2)-127.0.0.1] com.phms.listener.ListenerTest           : -------销毁监听器-------
2022-04-26 13:51:33.541  INFO 7187 --- [restartedMain] com.phms.PhmsApp                         : Starting PhmsApp on deMacBook-Pro.local with PID 7187 (/Users/xiaoluobo/Desktop/phms/target/classes started by xiaoluobo in /Users/xiaoluobo/Desktop/phms)
2022-04-26 13:51:33.543  INFO 7187 --- [restartedMain] com.phms.PhmsApp                         : No active profile set, falling back to default profiles: default
2022-04-26 13:51:33.580  INFO 7187 --- [restartedMain] .e.DevToolsPropertyDefaultsPostProcessor : Devtools property defaults active! Set 'spring.devtools.add-properties' to 'false' to disable
2022-04-26 13:51:33.580  INFO 7187 --- [restartedMain] .e.DevToolsPropertyDefaultsPostProcessor : For additional web related logging consider setting the 'logging.level.web' property to 'DEBUG'
2022-04-26 13:51:34.154  INFO 7187 --- [restartedMain] o.s.c.a.ConfigurationClassPostProcessor  : Cannot enhance @Configuration bean definition 'myBatisConfiguration' since its singleton instance has been created too early. The typical cause is a non-static @Bean method with a BeanDefinitionRegistryPostProcessor return type: Consider declaring such methods as 'static'.
2022-04-26 13:51:34.281  INFO 7187 --- [restartedMain] trationDelegate$BeanPostProcessorChecker : Bean 'shiroConfig' of type [com.phms.config.ShiroConfig$$EnhancerBySpringCGLIB$$e5f7ca6b] is not eligible for getting processed by all BeanPostProcessors (for example: not eligible for auto-proxying)
2022-04-26 13:51:34.287  INFO 7187 --- [restartedMain] trationDelegate$BeanPostProcessorChecker : Bean 'org.springframework.transaction.annotation.ProxyTransactionManagementConfiguration' of type [org.springframework.transaction.annotation.ProxyTransactionManagementConfiguration] is not eligible for getting processed by all BeanPostProcessors (for example: not eligible for auto-proxying)
2022-04-26 13:51:34.314  INFO 7187 --- [restartedMain] trationDelegate$BeanPostProcessorChecker : Bean 'druidConfiguration' of type [com.phms.config.DruidConfiguration$$EnhancerBySpringCGLIB$$4d15703e] is not eligible for getting processed by all BeanPostProcessors (for example: not eligible for auto-proxying)
2022-04-26 13:51:34.353  INFO 7187 --- [restartedMain] trationDelegate$BeanPostProcessorChecker : Bean 'statFilter' of type [com.alibaba.druid.filter.stat.StatFilter] is not eligible for getting processed by all BeanPostProcessors (for example: not eligible for auto-proxying)
2022-04-26 13:51:34.417  INFO 7187 --- [restartedMain] com.alibaba.druid.pool.DruidDataSource   : {dataSource-1,test} inited
2022-04-26 13:51:34.417  INFO 7187 --- [restartedMain] trationDelegate$BeanPostProcessorChecker : Bean 'dataSource' of type [com.alibaba.druid.pool.DruidDataSource] is not eligible for getting processed by all BeanPostProcessors (for example: not eligible for auto-proxying)
2022-04-26 13:51:34.429  INFO 7187 --- [restartedMain] trationDelegate$BeanPostProcessorChecker : Bean 'spring.datasource-org.springframework.boot.autoconfigure.jdbc.DataSourceProperties' of type [org.springframework.boot.autoconfigure.jdbc.DataSourceProperties] is not eligible for getting processed by all BeanPostProcessors (for example: not eligible for auto-proxying)
2022-04-26 13:51:34.433  INFO 7187 --- [restartedMain] trationDelegate$BeanPostProcessorChecker : Bean 'org.springframework.boot.autoconfigure.jdbc.DataSourceInitializerInvoker' of type [org.springframework.boot.autoconfigure.jdbc.DataSourceInitializerInvoker] is not eligible for getting processed by all BeanPostProcessors (for example: not eligible for auto-proxying)
2022-04-26 13:51:34.501  INFO 7187 --- [restartedMain] trationDelegate$BeanPostProcessorChecker : Bean 'sqlSessionFactory' of type [org.mybatis.spring.SqlSessionFactoryBean] is not eligible for getting processed by all BeanPostProcessors (for example: not eligible for auto-proxying)
2022-04-26 13:51:34.502  INFO 7187 --- [restartedMain] trationDelegate$BeanPostProcessorChecker : Bean 'sqlSessionFactory' of type [org.apache.ibatis.session.defaults.DefaultSqlSessionFactory] is not eligible for getting processed by all BeanPostProcessors (for example: not eligible for auto-proxying)
2022-04-26 13:51:34.509  INFO 7187 --- [restartedMain] trationDelegate$BeanPostProcessorChecker : Bean 'mybatis-plus-com.baomidou.mybatisplus.autoconfigure.MybatisPlusProperties' of type [com.baomidou.mybatisplus.autoconfigure.MybatisPlusProperties] is not eligible for getting processed by all BeanPostProcessors (for example: not eligible for auto-proxying)
2022-04-26 13:51:34.514  INFO 7187 --- [restartedMain] trationDelegate$BeanPostProcessorChecker : Bean 'com.baomidou.mybatisplus.autoconfigure.MybatisPlusAutoConfiguration' of type [com.baomidou.mybatisplus.autoconfigure.MybatisPlusAutoConfiguration$$EnhancerBySpringCGLIB$$57cca3b6] is not eligible for getting processed by all BeanPostProcessors (for example: not eligible for auto-proxying)
2022-04-26 13:51:34.519  INFO 7187 --- [restartedMain] trationDelegate$BeanPostProcessorChecker : Bean 'sqlSessionTemplate' of type [org.mybatis.spring.SqlSessionTemplate] is not eligible for getting processed by all BeanPostProcessors (for example: not eligible for auto-proxying)
2022-04-26 13:51:34.573  INFO 7187 --- [restartedMain] trationDelegate$BeanPostProcessorChecker : Bean 'userMapper' of type [org.mybatis.spring.mapper.MapperFactoryBean] is not eligible for getting processed by all BeanPostProcessors (for example: not eligible for auto-proxying)
2022-04-26 13:51:34.575  INFO 7187 --- [restartedMain] trationDelegate$BeanPostProcessorChecker : Bean 'userMapper' of type [com.sun.proxy.$Proxy59] is not eligible for getting processed by all BeanPostProcessors (for example: not eligible for auto-proxying)
2022-04-26 13:51:34.593  INFO 7187 --- [restartedMain] trationDelegate$BeanPostProcessorChecker : Bean 'userRoleMapper' of type [org.mybatis.spring.mapper.MapperFactoryBean] is not eligible for getting processed by all BeanPostProcessors (for example: not eligible for auto-proxying)
2022-04-26 13:51:34.594  INFO 7187 --- [restartedMain] trationDelegate$BeanPostProcessorChecker : Bean 'userRoleMapper' of type [com.sun.proxy.$Proxy61] is not eligible for getting processed by all BeanPostProcessors (for example: not eligible for auto-proxying)
2022-04-26 13:51:34.597  INFO 7187 --- [restartedMain] trationDelegate$BeanPostProcessorChecker : Bean 'customRealm' of type [com.phms.shiro.CustomRealm] is not eligible for getting processed by all BeanPostProcessors (for example: not eligible for auto-proxying)
2022-04-26 13:51:34.722  INFO 7187 --- [restartedMain] trationDelegate$BeanPostProcessorChecker : Bean 'sessionManager' of type [org.apache.shiro.web.session.mgt.DefaultWebSessionManager] is not eligible for getting processed by all BeanPostProcessors (for example: not eligible for auto-proxying)
2022-04-26 13:51:34.725  INFO 7187 --- [restartedMain] trationDelegate$BeanPostProcessorChecker : Bean 'securityManager' of type [org.apache.shiro.web.mgt.DefaultWebSecurityManager] is not eligible for getting processed by all BeanPostProcessors (for example: not eligible for auto-proxying)
2022-04-26 13:51:34.881  INFO 7187 --- [restartedMain] o.s.b.w.embedded.tomcat.TomcatWebServer  : Tomcat initialized with port(s): 8086 (http)
2022-04-26 13:51:34.888  INFO 7187 --- [restartedMain] o.a.coyote.http11.Http11NioProtocol      : Initializing ProtocolHandler ["http-nio-8086"]
2022-04-26 13:51:34.888  INFO 7187 --- [restartedMain] o.apache.catalina.core.StandardService   : Starting service [Tomcat]
2022-04-26 13:51:34.888  INFO 7187 --- [restartedMain] org.apache.catalina.core.StandardEngine  : Starting Servlet engine: [Apache Tomcat/9.0.29]
2022-04-26 13:51:34.936  INFO 7187 --- [restartedMain] o.a.c.c.C.[Tomcat].[localhost].[/]       : Initializing Spring embedded WebApplicationContext
2022-04-26 13:51:34.936  INFO 7187 --- [restartedMain] o.s.web.context.ContextLoader            : Root WebApplicationContext: initialization completed in 1356 ms
2022-04-26 13:51:35.045  INFO 7187 --- [restartedMain] com.phms.listener.ListenerTest           : -------监听器初始化-------
2022-04-26 13:51:35.049  INFO 7187 --- [restartedMain] com.phms.filter.TimeFilter               : =======初始化过滤器=========
2022-04-26 13:51:35.734  INFO 7187 --- [restartedMain] o.s.s.concurrent.ThreadPoolTaskExecutor  : Initializing ExecutorService 'applicationTaskExecutor'
2022-04-26 13:51:36.042  INFO 7187 --- [restartedMain] o.s.b.d.a.OptionalLiveReloadServer       : LiveReload server is running on port 35729
2022-04-26 13:51:36.072  INFO 7187 --- [restartedMain] o.a.coyote.http11.Http11NioProtocol      : Starting ProtocolHandler ["http-nio-8086"]
2022-04-26 13:51:36.090  INFO 7187 --- [restartedMain] o.s.b.w.embedded.tomcat.TomcatWebServer  : Tomcat started on port(s): 8086 (http) with context path ''
2022-04-26 13:51:36.093  INFO 7187 --- [restartedMain] com.phms.PhmsApp                         : Started PhmsApp in 2.817 seconds (JVM running for 3.476)
2022-04-26 13:51:37.723  INFO 7187 --- [http-nio-8086-exec-1] o.a.c.c.C.[Tomcat].[localhost].[/]       : Initializing Spring DispatcherServlet 'dispatcherServlet'
2022-04-26 13:51:37.724  INFO 7187 --- [http-nio-8086-exec-1] o.s.web.servlet.DispatcherServlet        : Initializing Servlet 'dispatcherServlet'
2022-04-26 13:51:37.728  INFO 7187 --- [http-nio-8086-exec-1] o.s.web.servlet.DispatcherServlet        : Completed initialization in 4 ms
2022-04-26 13:51:42.115  INFO 7187 --- [http-nio-8086-exec-10] com.phms.shiro.CustomRealm               : user---身份认证成功
2022-04-26 13:51:42.125  INFO 7187 --- [http-nio-8086-exec-10] com.phms.service.impl.UserServiceImpl    : 欢迎登录------您的权限是[User]
2022-04-26 14:07:18.911  INFO 7187 --- [Thread-6] o.s.s.concurrent.ThreadPoolTaskExecutor  : Shutting down ExecutorService 'applicationTaskExecutor'
2022-04-26 14:07:18.916  INFO 7187 --- [Thread-6] com.alibaba.druid.pool.DruidDataSource   : {dataSource-1} closed
2022-04-26 14:07:18.925  INFO 7187 --- [Thread-6] com.phms.filter.TimeFilter               : =======销毁过滤器=========
2022-04-26 14:07:18.926  INFO 7187 --- [Thread-6] com.phms.listener.ListenerTest           : -------销毁监听器-------
2022-04-26 14:07:19.132  INFO 7187 --- [restartedMain] com.phms.PhmsApp                         : Starting PhmsApp on deMacBook-Pro.local with PID 7187 (/Users/xiaoluobo/Desktop/phms/target/classes started by xiaoluobo in /Users/xiaoluobo/Desktop/phms)
2022-04-26 14:07:19.132  INFO 7187 --- [restartedMain] com.phms.PhmsApp                         : No active profile set, falling back to default profiles: default
2022-04-26 14:07:19.320  INFO 7187 --- [restartedMain] o.s.c.a.ConfigurationClassPostProcessor  : Cannot enhance @Configuration bean definition 'myBatisConfiguration' since its singleton instance has been created too early. The typical cause is a non-static @Bean method with a BeanDefinitionRegistryPostProcessor return type: Consider declaring such methods as 'static'.
2022-04-26 14:07:19.333  INFO 7187 --- [restartedMain] trationDelegate$BeanPostProcessorChecker : Bean 'shiroConfig' of type [com.phms.config.ShiroConfig$$EnhancerBySpringCGLIB$$e5f7ca6b] is not eligible for getting processed by all BeanPostProcessors (for example: not eligible for auto-proxying)
2022-04-26 14:07:19.334  INFO 7187 --- [restartedMain] trationDelegate$BeanPostProcessorChecker : Bean 'org.springframework.transaction.annotation.ProxyTransactionManagementConfiguration' of type [org.springframework.transaction.annotation.ProxyTransactionManagementConfiguration] is not eligible for getting processed by all BeanPostProcessors (for example: not eligible for auto-proxying)
2022-04-26 14:07:19.338  INFO 7187 --- [restartedMain] trationDelegate$BeanPostProcessorChecker : Bean 'druidConfiguration' of type [com.phms.config.DruidConfiguration$$EnhancerBySpringCGLIB$$4d15703e] is not eligible for getting processed by all BeanPostProcessors (for example: not eligible for auto-proxying)
2022-04-26 14:07:19.342  INFO 7187 --- [restartedMain] trationDelegate$BeanPostProcessorChecker : Bean 'statFilter' of type [com.alibaba.druid.filter.stat.StatFilter] is not eligible for getting processed by all BeanPostProcessors (for example: not eligible for auto-proxying)
2022-04-26 14:07:19.363  INFO 7187 --- [restartedMain] com.alibaba.druid.pool.DruidDataSource   : {dataSource-2,test} inited
2022-04-26 14:07:19.363  INFO 7187 --- [restartedMain] trationDelegate$BeanPostProcessorChecker : Bean 'dataSource' of type [com.alibaba.druid.pool.DruidDataSource] is not eligible for getting processed by all BeanPostProcessors (for example: not eligible for auto-proxying)
2022-04-26 14:07:19.371  INFO 7187 --- [restartedMain] trationDelegate$BeanPostProcessorChecker : Bean 'spring.datasource-org.springframework.boot.autoconfigure.jdbc.DataSourceProperties' of type [org.springframework.boot.autoconfigure.jdbc.DataSourceProperties] is not eligible for getting processed by all BeanPostProcessors (for example: not eligible for auto-proxying)
2022-04-26 14:07:19.373  INFO 7187 --- [restartedMain] trationDelegate$BeanPostProcessorChecker : Bean 'org.springframework.boot.autoconfigure.jdbc.DataSourceInitializerInvoker' of type [org.springframework.boot.autoconfigure.jdbc.DataSourceInitializerInvoker] is not eligible for getting processed by all BeanPostProcessors (for example: not eligible for auto-proxying)
2022-04-26 14:07:19.379  INFO 7187 --- [restartedMain] trationDelegate$BeanPostProcessorChecker : Bean 'sqlSessionFactory' of type [org.mybatis.spring.SqlSessionFactoryBean] is not eligible for getting processed by all BeanPostProcessors (for example: not eligible for auto-proxying)
2022-04-26 14:07:19.379  INFO 7187 --- [restartedMain] trationDelegate$BeanPostProcessorChecker : Bean 'sqlSessionFactory' of type [org.apache.ibatis.session.defaults.DefaultSqlSessionFactory] is not eligible for getting processed by all BeanPostProcessors (for example: not eligible for auto-proxying)
2022-04-26 14:07:19.382  INFO 7187 --- [restartedMain] trationDelegate$BeanPostProcessorChecker : Bean 'mybatis-plus-com.baomidou.mybatisplus.autoconfigure.MybatisPlusProperties' of type [com.baomidou.mybatisplus.autoconfigure.MybatisPlusProperties] is not eligible for getting processed by all BeanPostProcessors (for example: not eligible for auto-proxying)
2022-04-26 14:07:19.386  INFO 7187 --- [restartedMain] trationDelegate$BeanPostProcessorChecker : Bean 'com.baomidou.mybatisplus.autoconfigure.MybatisPlusAutoConfiguration' of type [com.baomidou.mybatisplus.autoconfigure.MybatisPlusAutoConfiguration$$EnhancerBySpringCGLIB$$57cca3b6] is not eligible for getting processed by all BeanPostProcessors (for example: not eligible for auto-proxying)
2022-04-26 14:07:19.387  INFO 7187 --- [restartedMain] trationDelegate$BeanPostProcessorChecker : Bean 'sqlSessionTemplate' of type [org.mybatis.spring.SqlSessionTemplate] is not eligible for getting processed by all BeanPostProcessors (for example: not eligible for auto-proxying)
2022-04-26 14:07:19.401  INFO 7187 --- [restartedMain] trationDelegate$BeanPostProcessorChecker : Bean 'userMapper' of type [org.mybatis.spring.mapper.MapperFactoryBean] is not eligible for getting processed by all BeanPostProcessors (for example: not eligible for auto-proxying)
2022-04-26 14:07:19.402  INFO 7187 --- [restartedMain] trationDelegate$BeanPostProcessorChecker : Bean 'userMapper' of type [com.sun.proxy.$Proxy105] is not eligible for getting processed by all BeanPostProcessors (for example: not eligible for auto-proxying)
2022-04-26 14:07:19.413  INFO 7187 --- [restartedMain] trationDelegate$BeanPostProcessorChecker : Bean 'userRoleMapper' of type [org.mybatis.spring.mapper.MapperFactoryBean] is not eligible for getting processed by all BeanPostProcessors (for example: not eligible for auto-proxying)
2022-04-26 14:07:19.413  INFO 7187 --- [restartedMain] trationDelegate$BeanPostProcessorChecker : Bean 'userRoleMapper' of type [com.sun.proxy.$Proxy107] is not eligible for getting processed by all BeanPostProcessors (for example: not eligible for auto-proxying)
2022-04-26 14:07:19.415  INFO 7187 --- [restartedMain] trationDelegate$BeanPostProcessorChecker : Bean 'customRealm' of type [com.phms.shiro.CustomRealm] is not eligible for getting processed by all BeanPostProcessors (for example: not eligible for auto-proxying)
2022-04-26 14:07:19.418  INFO 7187 --- [restartedMain] trationDelegate$BeanPostProcessorChecker : Bean 'sessionManager' of type [org.apache.shiro.web.session.mgt.DefaultWebSessionManager] is not eligible for getting processed by all BeanPostProcessors (for example: not eligible for auto-proxying)
2022-04-26 14:07:19.419  INFO 7187 --- [restartedMain] trationDelegate$BeanPostProcessorChecker : Bean 'securityManager' of type [org.apache.shiro.web.mgt.DefaultWebSecurityManager] is not eligible for getting processed by all BeanPostProcessors (for example: not eligible for auto-proxying)
2022-04-26 14:07:19.455  INFO 7187 --- [restartedMain] o.s.b.w.embedded.tomcat.TomcatWebServer  : Tomcat initialized with port(s): 8086 (http)
2022-04-26 14:07:19.456  INFO 7187 --- [restartedMain] o.a.coyote.http11.Http11NioProtocol      : Initializing ProtocolHandler ["http-nio-8086"]
2022-04-26 14:07:19.456  INFO 7187 --- [restartedMain] o.apache.catalina.core.StandardService   : Starting service [Tomcat]
2022-04-26 14:07:19.456  INFO 7187 --- [restartedMain] org.apache.catalina.core.StandardEngine  : Starting Servlet engine: [Apache Tomcat/9.0.29]
2022-04-26 14:07:19.462  INFO 7187 --- [restartedMain] o.a.c.c.C.[Tomcat].[localhost].[/]       : Initializing Spring embedded WebApplicationContext
2022-04-26 14:07:19.463  INFO 7187 --- [restartedMain] o.s.web.context.ContextLoader            : Root WebApplicationContext: initialization completed in 328 ms
2022-04-26 14:07:19.487  INFO 7187 --- [restartedMain] com.phms.listener.ListenerTest           : -------监听器初始化-------
2022-04-26 14:07:19.487  INFO 7187 --- [restartedMain] com.phms.filter.TimeFilter               : =======初始化过滤器=========
2022-04-26 14:07:20.654  INFO 7187 --- [restartedMain] o.s.s.concurrent.ThreadPoolTaskExecutor  : Initializing ExecutorService 'applicationTaskExecutor'
2022-04-26 14:07:20.767  INFO 7187 --- [restartedMain] o.s.b.d.a.OptionalLiveReloadServer       : LiveReload server is running on port 35729
2022-04-26 14:07:20.789  INFO 7187 --- [restartedMain] o.a.coyote.http11.Http11NioProtocol      : Starting ProtocolHandler ["http-nio-8086"]
2022-04-26 14:07:20.791  INFO 7187 --- [restartedMain] o.s.b.w.embedded.tomcat.TomcatWebServer  : Tomcat started on port(s): 8086 (http) with context path ''
2022-04-26 14:07:20.791  INFO 7187 --- [restartedMain] com.phms.PhmsApp                         : Started PhmsApp in 1.746 seconds (JVM running for 948.131)
2022-04-26 14:07:20.793  INFO 7187 --- [restartedMain] .ConditionEvaluationDeltaLoggingListener : Condition evaluation unchanged
2022-04-26 14:07:24.687  INFO 7187 --- [http-nio-8086-exec-1] o.a.c.c.C.[Tomcat].[localhost].[/]       : Initializing Spring DispatcherServlet 'dispatcherServlet'
2022-04-26 14:07:24.687  INFO 7187 --- [http-nio-8086-exec-1] o.s.web.servlet.DispatcherServlet        : Initializing Servlet 'dispatcherServlet'
2022-04-26 14:07:24.690  INFO 7187 --- [http-nio-8086-exec-1] o.s.web.servlet.DispatcherServlet        : Completed initialization in 3 ms
2022-04-26 14:07:26.250  INFO 7187 --- [http-nio-8086-exec-10] com.phms.shiro.CustomRealm               : user---身份认证成功
2022-04-26 14:07:26.253  INFO 7187 --- [http-nio-8086-exec-10] com.phms.service.impl.UserServiceImpl    : 欢迎登录------您的权限是[User]
2022-04-26 14:27:05.503  INFO 7187 --- [http-nio-8086-exec-4] c.phms.controller.open.LoginController   : user---Log out！
2022-04-26 14:27:09.813  INFO 7187 --- [http-nio-8086-exec-5] com.phms.shiro.CustomRealm               : admin---身份认证成功
2022-04-26 14:27:09.817  INFO 7187 --- [http-nio-8086-exec-5] com.phms.service.impl.UserServiceImpl    : 欢迎登录------您的权限是[Admin]
2022-04-26 14:29:23.385  INFO 7187 --- [http-nio-8086-exec-1] c.phms.controller.open.LoginController   : admin---Log out！
2022-04-26 14:29:33.243  INFO 7187 --- [http-nio-8086-exec-3] com.phms.shiro.CustomRealm               : admin---身份认证成功
2022-04-26 14:29:33.245  INFO 7187 --- [http-nio-8086-exec-3] com.phms.service.impl.UserServiceImpl    : 欢迎登录------您的权限是[Admin]
2022-04-26 14:34:19.095  INFO 7187 --- [http-nio-8086-exec-1] c.phms.controller.open.LoginController   : admin---Log out！
2022-04-26 14:34:28.086  INFO 7187 --- [http-nio-8086-exec-3] com.phms.shiro.CustomRealm               : admin---身份认证成功
2022-04-26 14:34:28.088  INFO 7187 --- [http-nio-8086-exec-3] com.phms.service.impl.UserServiceImpl    : 欢迎登录------您的权限是[Admin]
2022-04-26 15:26:52.832  INFO 7187 --- [RMI TCP Connection(2)-127.0.0.1] inMXBeanRegistrar$SpringApplicationAdmin : Application shutdown requested.
2022-04-26 15:26:52.841  INFO 7187 --- [RMI TCP Connection(2)-127.0.0.1] o.s.s.concurrent.ThreadPoolTaskExecutor  : Shutting down ExecutorService 'applicationTaskExecutor'
2022-04-26 15:26:52.843  INFO 7187 --- [RMI TCP Connection(2)-127.0.0.1] com.alibaba.druid.pool.DruidDataSource   : {dataSource-2} closed
2022-04-26 15:26:52.856  INFO 7187 --- [RMI TCP Connection(2)-127.0.0.1] com.phms.filter.TimeFilter               : =======销毁过滤器=========
2022-04-26 15:26:52.857  INFO 7187 --- [RMI TCP Connection(2)-127.0.0.1] com.phms.listener.ListenerTest           : -------销毁监听器-------
