2022-02-07 00:19:52.715  WARN 64171 --- [restartedMain] o.m.s.mapper.ClassPathMapperScanner      : Skipping MapperFactoryBean with name 'appointmentMapper' and 'com.phms.mapper.AppointmentMapper' mapperInterface. Bean already defined with the same name!
2022-02-07 00:19:52.715  WARN 64171 --- [restartedMain] o.m.s.mapper.ClassPathMapperScanner      : Skipping MapperFactoryBean with name 'diagnosisMapper' and 'com.phms.mapper.DiagnosisMapper' mapperInterface. Bean already defined with the same name!
2022-02-07 00:19:52.715  WARN 64171 --- [restartedMain] o.m.s.mapper.ClassPathMapperScanner      : Skipping MapperFactoryBean with name 'noticeMapper' and 'com.phms.mapper.NoticeMapper' mapperInterface. Bean already defined with the same name!
2022-02-07 00:19:52.715  WARN 64171 --- [restartedMain] o.m.s.mapper.ClassPathMapperScanner      : Skipping MapperFactoryBean with name 'pageMapper' and 'com.phms.mapper.PageMapper' mapperInterface. Bean already defined with the same name!
2022-02-07 00:19:52.715  WARN 64171 --- [restartedMain] o.m.s.mapper.ClassPathMapperScanner      : Skipping MapperFactoryBean with name 'petDailyMapper' and 'com.phms.mapper.PetDailyMapper' mapperInterface. Bean already defined with the same name!
2022-02-07 00:19:52.715  WARN 64171 --- [restartedMain] o.m.s.mapper.ClassPathMapperScanner      : Skipping MapperFactoryBean with name 'petMapper' and 'com.phms.mapper.PetMapper' mapperInterface. Bean already defined with the same name!
2022-02-07 00:19:52.715  WARN 64171 --- [restartedMain] o.m.s.mapper.ClassPathMapperScanner      : Skipping MapperFactoryBean with name 'roleMapper' and 'com.phms.mapper.RoleMapper' mapperInterface. Bean already defined with the same name!
2022-02-07 00:19:52.715  WARN 64171 --- [restartedMain] o.m.s.mapper.ClassPathMapperScanner      : Skipping MapperFactoryBean with name 'rolePageMapper' and 'com.phms.mapper.RolePageMapper' mapperInterface. Bean already defined with the same name!
2022-02-07 00:19:52.715  WARN 64171 --- [restartedMain] o.m.s.mapper.ClassPathMapperScanner      : Skipping MapperFactoryBean with name 'standardMapper' and 'com.phms.mapper.StandardMapper' mapperInterface. Bean already defined with the same name!
2022-02-07 00:19:52.716  WARN 64171 --- [restartedMain] o.m.s.mapper.ClassPathMapperScanner      : Skipping MapperFactoryBean with name 'userMapper' and 'com.phms.mapper.UserMapper' mapperInterface. Bean already defined with the same name!
2022-02-07 00:19:52.716  WARN 64171 --- [restartedMain] o.m.s.mapper.ClassPathMapperScanner      : Skipping MapperFactoryBean with name 'userRoleMapper' and 'com.phms.mapper.UserRoleMapper' mapperInterface. Bean already defined with the same name!
2022-02-07 00:19:52.716  WARN 64171 --- [restartedMain] o.m.s.mapper.ClassPathMapperScanner      : No MyBatis mapper was found in '[com.phms.mapper]' package. Please check your configuration.
2022-02-07 00:19:52.839  WARN 64171 --- [restartedMain] org.apache.tomcat.util.modeler.Registry  : The MBean registry cannot be disabled because it has already been initialised
2022-02-07 00:20:36.889  WARN 64171 --- [restartedMain] o.m.s.mapper.ClassPathMapperScanner      : Skipping MapperFactoryBean with name 'appointmentMapper' and 'com.phms.mapper.AppointmentMapper' mapperInterface. Bean already defined with the same name!
2022-02-07 00:20:36.890  WARN 64171 --- [restartedMain] o.m.s.mapper.ClassPathMapperScanner      : Skipping MapperFactoryBean with name 'diagnosisMapper' and 'com.phms.mapper.DiagnosisMapper' mapperInterface. Bean already defined with the same name!
2022-02-07 00:20:36.890  WARN 64171 --- [restartedMain] o.m.s.mapper.ClassPathMapperScanner      : Skipping MapperFactoryBean with name 'noticeMapper' and 'com.phms.mapper.NoticeMapper' mapperInterface. Bean already defined with the same name!
2022-02-07 00:20:36.890  WARN 64171 --- [restartedMain] o.m.s.mapper.ClassPathMapperScanner      : Skipping MapperFactoryBean with name 'pageMapper' and 'com.phms.mapper.PageMapper' mapperInterface. Bean already defined with the same name!
2022-02-07 00:20:36.890  WARN 64171 --- [restartedMain] o.m.s.mapper.ClassPathMapperScanner      : Skipping MapperFactoryBean with name 'petDailyMapper' and 'com.phms.mapper.PetDailyMapper' mapperInterface. Bean already defined with the same name!
2022-02-07 00:20:36.890  WARN 64171 --- [restartedMain] o.m.s.mapper.ClassPathMapperScanner      : Skipping MapperFactoryBean with name 'petMapper' and 'com.phms.mapper.PetMapper' mapperInterface. Bean already defined with the same name!
2022-02-07 00:20:36.890  WARN 64171 --- [restartedMain] o.m.s.mapper.ClassPathMapperScanner      : Skipping MapperFactoryBean with name 'roleMapper' and 'com.phms.mapper.RoleMapper' mapperInterface. Bean already defined with the same name!
2022-02-07 00:20:36.890  WARN 64171 --- [restartedMain] o.m.s.mapper.ClassPathMapperScanner      : Skipping MapperFactoryBean with name 'rolePageMapper' and 'com.phms.mapper.RolePageMapper' mapperInterface. Bean already defined with the same name!
2022-02-07 00:20:36.890  WARN 64171 --- [restartedMain] o.m.s.mapper.ClassPathMapperScanner      : Skipping MapperFactoryBean with name 'standardMapper' and 'com.phms.mapper.StandardMapper' mapperInterface. Bean already defined with the same name!
2022-02-07 00:20:36.890  WARN 64171 --- [restartedMain] o.m.s.mapper.ClassPathMapperScanner      : Skipping MapperFactoryBean with name 'userMapper' and 'com.phms.mapper.UserMapper' mapperInterface. Bean already defined with the same name!
2022-02-07 00:20:36.890  WARN 64171 --- [restartedMain] o.m.s.mapper.ClassPathMapperScanner      : Skipping MapperFactoryBean with name 'userRoleMapper' and 'com.phms.mapper.UserRoleMapper' mapperInterface. Bean already defined with the same name!
2022-02-07 00:20:36.890  WARN 64171 --- [restartedMain] o.m.s.mapper.ClassPathMapperScanner      : No MyBatis mapper was found in '[com.phms.mapper]' package. Please check your configuration.
2022-02-07 00:20:36.997  WARN 64171 --- [restartedMain] org.apache.tomcat.util.modeler.Registry  : The MBean registry cannot be disabled because it has already been initialised
2022-02-07 00:47:38.221  WARN 87667 --- [restartedMain] o.m.s.mapper.ClassPathMapperScanner      : Skipping MapperFactoryBean with name 'appointmentMapper' and 'com.phms.mapper.AppointmentMapper' mapperInterface. Bean already defined with the same name!
2022-02-07 00:47:38.222  WARN 87667 --- [restartedMain] o.m.s.mapper.ClassPathMapperScanner      : Skipping MapperFactoryBean with name 'diagnosisMapper' and 'com.phms.mapper.DiagnosisMapper' mapperInterface. Bean already defined with the same name!
2022-02-07 00:47:38.222  WARN 87667 --- [restartedMain] o.m.s.mapper.ClassPathMapperScanner      : Skipping MapperFactoryBean with name 'noticeMapper' and 'com.phms.mapper.NoticeMapper' mapperInterface. Bean already defined with the same name!
2022-02-07 00:47:38.222  WARN 87667 --- [restartedMain] o.m.s.mapper.ClassPathMapperScanner      : Skipping MapperFactoryBean with name 'pageMapper' and 'com.phms.mapper.PageMapper' mapperInterface. Bean already defined with the same name!
2022-02-07 00:47:38.222  WARN 87667 --- [restartedMain] o.m.s.mapper.ClassPathMapperScanner      : Skipping MapperFactoryBean with name 'petDailyMapper' and 'com.phms.mapper.PetDailyMapper' mapperInterface. Bean already defined with the same name!
2022-02-07 00:47:38.222  WARN 87667 --- [restartedMain] o.m.s.mapper.ClassPathMapperScanner      : Skipping MapperFactoryBean with name 'petMapper' and 'com.phms.mapper.PetMapper' mapperInterface. Bean already defined with the same name!
2022-02-07 00:47:38.222  WARN 87667 --- [restartedMain] o.m.s.mapper.ClassPathMapperScanner      : Skipping MapperFactoryBean with name 'roleMapper' and 'com.phms.mapper.RoleMapper' mapperInterface. Bean already defined with the same name!
2022-02-07 00:47:38.223  WARN 87667 --- [restartedMain] o.m.s.mapper.ClassPathMapperScanner      : Skipping MapperFactoryBean with name 'rolePageMapper' and 'com.phms.mapper.RolePageMapper' mapperInterface. Bean already defined with the same name!
2022-02-07 00:47:38.223  WARN 87667 --- [restartedMain] o.m.s.mapper.ClassPathMapperScanner      : Skipping MapperFactoryBean with name 'standardMapper' and 'com.phms.mapper.StandardMapper' mapperInterface. Bean already defined with the same name!
2022-02-07 00:47:38.223  WARN 87667 --- [restartedMain] o.m.s.mapper.ClassPathMapperScanner      : Skipping MapperFactoryBean with name 'userMapper' and 'com.phms.mapper.UserMapper' mapperInterface. Bean already defined with the same name!
2022-02-07 00:47:38.223  WARN 87667 --- [restartedMain] o.m.s.mapper.ClassPathMapperScanner      : Skipping MapperFactoryBean with name 'userRoleMapper' and 'com.phms.mapper.UserRoleMapper' mapperInterface. Bean already defined with the same name!
2022-02-07 00:47:38.223  WARN 87667 --- [restartedMain] o.m.s.mapper.ClassPathMapperScanner      : No MyBatis mapper was found in '[com.phms.mapper]' package. Please check your configuration.
2022-02-07 00:50:27.542  WARN 87667 --- [restartedMain] o.m.s.mapper.ClassPathMapperScanner      : Skipping MapperFactoryBean with name 'appointmentMapper' and 'com.phms.mapper.AppointmentMapper' mapperInterface. Bean already defined with the same name!
2022-02-07 00:50:27.543  WARN 87667 --- [restartedMain] o.m.s.mapper.ClassPathMapperScanner      : Skipping MapperFactoryBean with name 'diagnosisMapper' and 'com.phms.mapper.DiagnosisMapper' mapperInterface. Bean already defined with the same name!
2022-02-07 00:50:27.543  WARN 87667 --- [restartedMain] o.m.s.mapper.ClassPathMapperScanner      : Skipping MapperFactoryBean with name 'noticeMapper' and 'com.phms.mapper.NoticeMapper' mapperInterface. Bean already defined with the same name!
2022-02-07 00:50:27.543  WARN 87667 --- [restartedMain] o.m.s.mapper.ClassPathMapperScanner      : Skipping MapperFactoryBean with name 'pageMapper' and 'com.phms.mapper.PageMapper' mapperInterface. Bean already defined with the same name!
2022-02-07 00:50:27.543  WARN 87667 --- [restartedMain] o.m.s.mapper.ClassPathMapperScanner      : Skipping MapperFactoryBean with name 'petDailyMapper' and 'com.phms.mapper.PetDailyMapper' mapperInterface. Bean already defined with the same name!
2022-02-07 00:50:27.543  WARN 87667 --- [restartedMain] o.m.s.mapper.ClassPathMapperScanner      : Skipping MapperFactoryBean with name 'petMapper' and 'com.phms.mapper.PetMapper' mapperInterface. Bean already defined with the same name!
2022-02-07 00:50:27.543  WARN 87667 --- [restartedMain] o.m.s.mapper.ClassPathMapperScanner      : Skipping MapperFactoryBean with name 'roleMapper' and 'com.phms.mapper.RoleMapper' mapperInterface. Bean already defined with the same name!
2022-02-07 00:50:27.543  WARN 87667 --- [restartedMain] o.m.s.mapper.ClassPathMapperScanner      : Skipping MapperFactoryBean with name 'rolePageMapper' and 'com.phms.mapper.RolePageMapper' mapperInterface. Bean already defined with the same name!
2022-02-07 00:50:27.543  WARN 87667 --- [restartedMain] o.m.s.mapper.ClassPathMapperScanner      : Skipping MapperFactoryBean with name 'standardMapper' and 'com.phms.mapper.StandardMapper' mapperInterface. Bean already defined with the same name!
2022-02-07 00:50:27.543  WARN 87667 --- [restartedMain] o.m.s.mapper.ClassPathMapperScanner      : Skipping MapperFactoryBean with name 'userMapper' and 'com.phms.mapper.UserMapper' mapperInterface. Bean already defined with the same name!
2022-02-07 00:50:27.543  WARN 87667 --- [restartedMain] o.m.s.mapper.ClassPathMapperScanner      : Skipping MapperFactoryBean with name 'userRoleMapper' and 'com.phms.mapper.UserRoleMapper' mapperInterface. Bean already defined with the same name!
2022-02-07 00:50:27.543  WARN 87667 --- [restartedMain] o.m.s.mapper.ClassPathMapperScanner      : No MyBatis mapper was found in '[com.phms.mapper]' package. Please check your configuration.
2022-02-07 00:50:27.683  WARN 87667 --- [restartedMain] org.apache.tomcat.util.modeler.Registry  : The MBean registry cannot be disabled because it has already been initialised
2022-02-07 00:50:51.821  WARN 87667 --- [restartedMain] o.m.s.mapper.ClassPathMapperScanner      : Skipping MapperFactoryBean with name 'appointmentMapper' and 'com.phms.mapper.AppointmentMapper' mapperInterface. Bean already defined with the same name!
2022-02-07 00:50:51.821  WARN 87667 --- [restartedMain] o.m.s.mapper.ClassPathMapperScanner      : Skipping MapperFactoryBean with name 'diagnosisMapper' and 'com.phms.mapper.DiagnosisMapper' mapperInterface. Bean already defined with the same name!
2022-02-07 00:50:51.821  WARN 87667 --- [restartedMain] o.m.s.mapper.ClassPathMapperScanner      : Skipping MapperFactoryBean with name 'noticeMapper' and 'com.phms.mapper.NoticeMapper' mapperInterface. Bean already defined with the same name!
2022-02-07 00:50:51.821  WARN 87667 --- [restartedMain] o.m.s.mapper.ClassPathMapperScanner      : Skipping MapperFactoryBean with name 'pageMapper' and 'com.phms.mapper.PageMapper' mapperInterface. Bean already defined with the same name!
2022-02-07 00:50:51.821  WARN 87667 --- [restartedMain] o.m.s.mapper.ClassPathMapperScanner      : Skipping MapperFactoryBean with name 'petDailyMapper' and 'com.phms.mapper.PetDailyMapper' mapperInterface. Bean already defined with the same name!
2022-02-07 00:50:51.821  WARN 87667 --- [restartedMain] o.m.s.mapper.ClassPathMapperScanner      : Skipping MapperFactoryBean with name 'petMapper' and 'com.phms.mapper.PetMapper' mapperInterface. Bean already defined with the same name!
2022-02-07 00:50:51.821  WARN 87667 --- [restartedMain] o.m.s.mapper.ClassPathMapperScanner      : Skipping MapperFactoryBean with name 'roleMapper' and 'com.phms.mapper.RoleMapper' mapperInterface. Bean already defined with the same name!
2022-02-07 00:50:51.821  WARN 87667 --- [restartedMain] o.m.s.mapper.ClassPathMapperScanner      : Skipping MapperFactoryBean with name 'rolePageMapper' and 'com.phms.mapper.RolePageMapper' mapperInterface. Bean already defined with the same name!
2022-02-07 00:50:51.821  WARN 87667 --- [restartedMain] o.m.s.mapper.ClassPathMapperScanner      : Skipping MapperFactoryBean with name 'standardMapper' and 'com.phms.mapper.StandardMapper' mapperInterface. Bean already defined with the same name!
2022-02-07 00:50:51.821  WARN 87667 --- [restartedMain] o.m.s.mapper.ClassPathMapperScanner      : Skipping MapperFactoryBean with name 'userMapper' and 'com.phms.mapper.UserMapper' mapperInterface. Bean already defined with the same name!
2022-02-07 00:50:51.821  WARN 87667 --- [restartedMain] o.m.s.mapper.ClassPathMapperScanner      : Skipping MapperFactoryBean with name 'userRoleMapper' and 'com.phms.mapper.UserRoleMapper' mapperInterface. Bean already defined with the same name!
2022-02-07 00:50:51.821  WARN 87667 --- [restartedMain] o.m.s.mapper.ClassPathMapperScanner      : No MyBatis mapper was found in '[com.phms.mapper]' package. Please check your configuration.
2022-02-07 00:50:51.938  WARN 87667 --- [restartedMain] org.apache.tomcat.util.modeler.Registry  : The MBean registry cannot be disabled because it has already been initialised
2022-02-07 00:51:50.598  WARN 87667 --- [restartedMain] o.m.s.mapper.ClassPathMapperScanner      : Skipping MapperFactoryBean with name 'appointmentMapper' and 'com.phms.mapper.AppointmentMapper' mapperInterface. Bean already defined with the same name!
2022-02-07 00:51:50.598  WARN 87667 --- [restartedMain] o.m.s.mapper.ClassPathMapperScanner      : Skipping MapperFactoryBean with name 'diagnosisMapper' and 'com.phms.mapper.DiagnosisMapper' mapperInterface. Bean already defined with the same name!
2022-02-07 00:51:50.598  WARN 87667 --- [restartedMain] o.m.s.mapper.ClassPathMapperScanner      : Skipping MapperFactoryBean with name 'noticeMapper' and 'com.phms.mapper.NoticeMapper' mapperInterface. Bean already defined with the same name!
2022-02-07 00:51:50.598  WARN 87667 --- [restartedMain] o.m.s.mapper.ClassPathMapperScanner      : Skipping MapperFactoryBean with name 'pageMapper' and 'com.phms.mapper.PageMapper' mapperInterface. Bean already defined with the same name!
2022-02-07 00:51:50.598  WARN 87667 --- [restartedMain] o.m.s.mapper.ClassPathMapperScanner      : Skipping MapperFactoryBean with name 'petDailyMapper' and 'com.phms.mapper.PetDailyMapper' mapperInterface. Bean already defined with the same name!
2022-02-07 00:51:50.598  WARN 87667 --- [restartedMain] o.m.s.mapper.ClassPathMapperScanner      : Skipping MapperFactoryBean with name 'petMapper' and 'com.phms.mapper.PetMapper' mapperInterface. Bean already defined with the same name!
2022-02-07 00:51:50.598  WARN 87667 --- [restartedMain] o.m.s.mapper.ClassPathMapperScanner      : Skipping MapperFactoryBean with name 'roleMapper' and 'com.phms.mapper.RoleMapper' mapperInterface. Bean already defined with the same name!
2022-02-07 00:51:50.598  WARN 87667 --- [restartedMain] o.m.s.mapper.ClassPathMapperScanner      : Skipping MapperFactoryBean with name 'rolePageMapper' and 'com.phms.mapper.RolePageMapper' mapperInterface. Bean already defined with the same name!
2022-02-07 00:51:50.598  WARN 87667 --- [restartedMain] o.m.s.mapper.ClassPathMapperScanner      : Skipping MapperFactoryBean with name 'standardMapper' and 'com.phms.mapper.StandardMapper' mapperInterface. Bean already defined with the same name!
2022-02-07 00:51:50.598  WARN 87667 --- [restartedMain] o.m.s.mapper.ClassPathMapperScanner      : Skipping MapperFactoryBean with name 'userMapper' and 'com.phms.mapper.UserMapper' mapperInterface. Bean already defined with the same name!
2022-02-07 00:51:50.598  WARN 87667 --- [restartedMain] o.m.s.mapper.ClassPathMapperScanner      : Skipping MapperFactoryBean with name 'userRoleMapper' and 'com.phms.mapper.UserRoleMapper' mapperInterface. Bean already defined with the same name!
2022-02-07 00:51:50.598  WARN 87667 --- [restartedMain] o.m.s.mapper.ClassPathMapperScanner      : No MyBatis mapper was found in '[com.phms.mapper]' package. Please check your configuration.
2022-02-07 00:51:50.712  WARN 87667 --- [restartedMain] org.apache.tomcat.util.modeler.Registry  : The MBean registry cannot be disabled because it has already been initialised
2022-02-07 00:57:29.474  WARN 87667 --- [restartedMain] o.m.s.mapper.ClassPathMapperScanner      : Skipping MapperFactoryBean with name 'appointmentMapper' and 'com.phms.mapper.AppointmentMapper' mapperInterface. Bean already defined with the same name!
2022-02-07 00:57:29.475  WARN 87667 --- [restartedMain] o.m.s.mapper.ClassPathMapperScanner      : Skipping MapperFactoryBean with name 'diagnosisMapper' and 'com.phms.mapper.DiagnosisMapper' mapperInterface. Bean already defined with the same name!
2022-02-07 00:57:29.476  WARN 87667 --- [restartedMain] o.m.s.mapper.ClassPathMapperScanner      : Skipping MapperFactoryBean with name 'noticeMapper' and 'com.phms.mapper.NoticeMapper' mapperInterface. Bean already defined with the same name!
2022-02-07 00:57:29.476  WARN 87667 --- [restartedMain] o.m.s.mapper.ClassPathMapperScanner      : Skipping MapperFactoryBean with name 'pageMapper' and 'com.phms.mapper.PageMapper' mapperInterface. Bean already defined with the same name!
2022-02-07 00:57:29.476  WARN 87667 --- [restartedMain] o.m.s.mapper.ClassPathMapperScanner      : Skipping MapperFactoryBean with name 'petDailyMapper' and 'com.phms.mapper.PetDailyMapper' mapperInterface. Bean already defined with the same name!
2022-02-07 00:57:29.476  WARN 87667 --- [restartedMain] o.m.s.mapper.ClassPathMapperScanner      : Skipping MapperFactoryBean with name 'petMapper' and 'com.phms.mapper.PetMapper' mapperInterface. Bean already defined with the same name!
2022-02-07 00:57:29.476  WARN 87667 --- [restartedMain] o.m.s.mapper.ClassPathMapperScanner      : Skipping MapperFactoryBean with name 'roleMapper' and 'com.phms.mapper.RoleMapper' mapperInterface. Bean already defined with the same name!
2022-02-07 00:57:29.476  WARN 87667 --- [restartedMain] o.m.s.mapper.ClassPathMapperScanner      : Skipping MapperFactoryBean with name 'rolePageMapper' and 'com.phms.mapper.RolePageMapper' mapperInterface. Bean already defined with the same name!
2022-02-07 00:57:29.476  WARN 87667 --- [restartedMain] o.m.s.mapper.ClassPathMapperScanner      : Skipping MapperFactoryBean with name 'standardMapper' and 'com.phms.mapper.StandardMapper' mapperInterface. Bean already defined with the same name!
2022-02-07 00:57:29.476  WARN 87667 --- [restartedMain] o.m.s.mapper.ClassPathMapperScanner      : Skipping MapperFactoryBean with name 'userMapper' and 'com.phms.mapper.UserMapper' mapperInterface. Bean already defined with the same name!
2022-02-07 00:57:29.476  WARN 87667 --- [restartedMain] o.m.s.mapper.ClassPathMapperScanner      : Skipping MapperFactoryBean with name 'userRoleMapper' and 'com.phms.mapper.UserRoleMapper' mapperInterface. Bean already defined with the same name!
2022-02-07 00:57:29.476  WARN 87667 --- [restartedMain] o.m.s.mapper.ClassPathMapperScanner      : No MyBatis mapper was found in '[com.phms.mapper]' package. Please check your configuration.
2022-02-07 00:57:29.595  WARN 87667 --- [restartedMain] org.apache.tomcat.util.modeler.Registry  : The MBean registry cannot be disabled because it has already been initialised
2022-02-07 00:58:35.677  WARN 87667 --- [restartedMain] o.m.s.mapper.ClassPathMapperScanner      : Skipping MapperFactoryBean with name 'appointmentMapper' and 'com.phms.mapper.AppointmentMapper' mapperInterface. Bean already defined with the same name!
2022-02-07 00:58:35.677  WARN 87667 --- [restartedMain] o.m.s.mapper.ClassPathMapperScanner      : Skipping MapperFactoryBean with name 'diagnosisMapper' and 'com.phms.mapper.DiagnosisMapper' mapperInterface. Bean already defined with the same name!
2022-02-07 00:58:35.677  WARN 87667 --- [restartedMain] o.m.s.mapper.ClassPathMapperScanner      : Skipping MapperFactoryBean with name 'noticeMapper' and 'com.phms.mapper.NoticeMapper' mapperInterface. Bean already defined with the same name!
2022-02-07 00:58:35.677  WARN 87667 --- [restartedMain] o.m.s.mapper.ClassPathMapperScanner      : Skipping MapperFactoryBean with name 'pageMapper' and 'com.phms.mapper.PageMapper' mapperInterface. Bean already defined with the same name!
2022-02-07 00:58:35.678  WARN 87667 --- [restartedMain] o.m.s.mapper.ClassPathMapperScanner      : Skipping MapperFactoryBean with name 'petDailyMapper' and 'com.phms.mapper.PetDailyMapper' mapperInterface. Bean already defined with the same name!
2022-02-07 00:58:35.678  WARN 87667 --- [restartedMain] o.m.s.mapper.ClassPathMapperScanner      : Skipping MapperFactoryBean with name 'petMapper' and 'com.phms.mapper.PetMapper' mapperInterface. Bean already defined with the same name!
2022-02-07 00:58:35.678  WARN 87667 --- [restartedMain] o.m.s.mapper.ClassPathMapperScanner      : Skipping MapperFactoryBean with name 'roleMapper' and 'com.phms.mapper.RoleMapper' mapperInterface. Bean already defined with the same name!
2022-02-07 00:58:35.678  WARN 87667 --- [restartedMain] o.m.s.mapper.ClassPathMapperScanner      : Skipping MapperFactoryBean with name 'rolePageMapper' and 'com.phms.mapper.RolePageMapper' mapperInterface. Bean already defined with the same name!
2022-02-07 00:58:35.678  WARN 87667 --- [restartedMain] o.m.s.mapper.ClassPathMapperScanner      : Skipping MapperFactoryBean with name 'standardMapper' and 'com.phms.mapper.StandardMapper' mapperInterface. Bean already defined with the same name!
2022-02-07 00:58:35.678  WARN 87667 --- [restartedMain] o.m.s.mapper.ClassPathMapperScanner      : Skipping MapperFactoryBean with name 'userMapper' and 'com.phms.mapper.UserMapper' mapperInterface. Bean already defined with the same name!
2022-02-07 00:58:35.678  WARN 87667 --- [restartedMain] o.m.s.mapper.ClassPathMapperScanner      : Skipping MapperFactoryBean with name 'userRoleMapper' and 'com.phms.mapper.UserRoleMapper' mapperInterface. Bean already defined with the same name!
2022-02-07 00:58:35.678  WARN 87667 --- [restartedMain] o.m.s.mapper.ClassPathMapperScanner      : No MyBatis mapper was found in '[com.phms.mapper]' package. Please check your configuration.
2022-02-07 00:58:35.800  WARN 87667 --- [restartedMain] org.apache.tomcat.util.modeler.Registry  : The MBean registry cannot be disabled because it has already been initialised
2022-02-07 00:59:30.585  WARN 87667 --- [restartedMain] o.m.s.mapper.ClassPathMapperScanner      : Skipping MapperFactoryBean with name 'appointmentMapper' and 'com.phms.mapper.AppointmentMapper' mapperInterface. Bean already defined with the same name!
2022-02-07 00:59:30.585  WARN 87667 --- [restartedMain] o.m.s.mapper.ClassPathMapperScanner      : Skipping MapperFactoryBean with name 'diagnosisMapper' and 'com.phms.mapper.DiagnosisMapper' mapperInterface. Bean already defined with the same name!
2022-02-07 00:59:30.585  WARN 87667 --- [restartedMain] o.m.s.mapper.ClassPathMapperScanner      : Skipping MapperFactoryBean with name 'noticeMapper' and 'com.phms.mapper.NoticeMapper' mapperInterface. Bean already defined with the same name!
2022-02-07 00:59:30.585  WARN 87667 --- [restartedMain] o.m.s.mapper.ClassPathMapperScanner      : Skipping MapperFactoryBean with name 'pageMapper' and 'com.phms.mapper.PageMapper' mapperInterface. Bean already defined with the same name!
2022-02-07 00:59:30.585  WARN 87667 --- [restartedMain] o.m.s.mapper.ClassPathMapperScanner      : Skipping MapperFactoryBean with name 'petDailyMapper' and 'com.phms.mapper.PetDailyMapper' mapperInterface. Bean already defined with the same name!
2022-02-07 00:59:30.585  WARN 87667 --- [restartedMain] o.m.s.mapper.ClassPathMapperScanner      : Skipping MapperFactoryBean with name 'petMapper' and 'com.phms.mapper.PetMapper' mapperInterface. Bean already defined with the same name!
2022-02-07 00:59:30.585  WARN 87667 --- [restartedMain] o.m.s.mapper.ClassPathMapperScanner      : Skipping MapperFactoryBean with name 'roleMapper' and 'com.phms.mapper.RoleMapper' mapperInterface. Bean already defined with the same name!
2022-02-07 00:59:30.585  WARN 87667 --- [restartedMain] o.m.s.mapper.ClassPathMapperScanner      : Skipping MapperFactoryBean with name 'rolePageMapper' and 'com.phms.mapper.RolePageMapper' mapperInterface. Bean already defined with the same name!
2022-02-07 00:59:30.585  WARN 87667 --- [restartedMain] o.m.s.mapper.ClassPathMapperScanner      : Skipping MapperFactoryBean with name 'standardMapper' and 'com.phms.mapper.StandardMapper' mapperInterface. Bean already defined with the same name!
2022-02-07 00:59:30.585  WARN 87667 --- [restartedMain] o.m.s.mapper.ClassPathMapperScanner      : Skipping MapperFactoryBean with name 'userMapper' and 'com.phms.mapper.UserMapper' mapperInterface. Bean already defined with the same name!
2022-02-07 00:59:30.585  WARN 87667 --- [restartedMain] o.m.s.mapper.ClassPathMapperScanner      : Skipping MapperFactoryBean with name 'userRoleMapper' and 'com.phms.mapper.UserRoleMapper' mapperInterface. Bean already defined with the same name!
2022-02-07 00:59:30.585  WARN 87667 --- [restartedMain] o.m.s.mapper.ClassPathMapperScanner      : No MyBatis mapper was found in '[com.phms.mapper]' package. Please check your configuration.
2022-02-07 00:59:30.695  WARN 87667 --- [restartedMain] org.apache.tomcat.util.modeler.Registry  : The MBean registry cannot be disabled because it has already been initialised
2022-02-07 01:00:12.678  WARN 87667 --- [restartedMain] o.m.s.mapper.ClassPathMapperScanner      : Skipping MapperFactoryBean with name 'appointmentMapper' and 'com.phms.mapper.AppointmentMapper' mapperInterface. Bean already defined with the same name!
2022-02-07 01:00:12.678  WARN 87667 --- [restartedMain] o.m.s.mapper.ClassPathMapperScanner      : Skipping MapperFactoryBean with name 'diagnosisMapper' and 'com.phms.mapper.DiagnosisMapper' mapperInterface. Bean already defined with the same name!
2022-02-07 01:00:12.678  WARN 87667 --- [restartedMain] o.m.s.mapper.ClassPathMapperScanner      : Skipping MapperFactoryBean with name 'noticeMapper' and 'com.phms.mapper.NoticeMapper' mapperInterface. Bean already defined with the same name!
2022-02-07 01:00:12.678  WARN 87667 --- [restartedMain] o.m.s.mapper.ClassPathMapperScanner      : Skipping MapperFactoryBean with name 'pageMapper' and 'com.phms.mapper.PageMapper' mapperInterface. Bean already defined with the same name!
2022-02-07 01:00:12.678  WARN 87667 --- [restartedMain] o.m.s.mapper.ClassPathMapperScanner      : Skipping MapperFactoryBean with name 'petDailyMapper' and 'com.phms.mapper.PetDailyMapper' mapperInterface. Bean already defined with the same name!
2022-02-07 01:00:12.678  WARN 87667 --- [restartedMain] o.m.s.mapper.ClassPathMapperScanner      : Skipping MapperFactoryBean with name 'petMapper' and 'com.phms.mapper.PetMapper' mapperInterface. Bean already defined with the same name!
2022-02-07 01:00:12.678  WARN 87667 --- [restartedMain] o.m.s.mapper.ClassPathMapperScanner      : Skipping MapperFactoryBean with name 'roleMapper' and 'com.phms.mapper.RoleMapper' mapperInterface. Bean already defined with the same name!
2022-02-07 01:00:12.678  WARN 87667 --- [restartedMain] o.m.s.mapper.ClassPathMapperScanner      : Skipping MapperFactoryBean with name 'rolePageMapper' and 'com.phms.mapper.RolePageMapper' mapperInterface. Bean already defined with the same name!
2022-02-07 01:00:12.678  WARN 87667 --- [restartedMain] o.m.s.mapper.ClassPathMapperScanner      : Skipping MapperFactoryBean with name 'standardMapper' and 'com.phms.mapper.StandardMapper' mapperInterface. Bean already defined with the same name!
2022-02-07 01:00:12.678  WARN 87667 --- [restartedMain] o.m.s.mapper.ClassPathMapperScanner      : Skipping MapperFactoryBean with name 'userMapper' and 'com.phms.mapper.UserMapper' mapperInterface. Bean already defined with the same name!
2022-02-07 01:00:12.678  WARN 87667 --- [restartedMain] o.m.s.mapper.ClassPathMapperScanner      : Skipping MapperFactoryBean with name 'userRoleMapper' and 'com.phms.mapper.UserRoleMapper' mapperInterface. Bean already defined with the same name!
2022-02-07 01:00:12.678  WARN 87667 --- [restartedMain] o.m.s.mapper.ClassPathMapperScanner      : No MyBatis mapper was found in '[com.phms.mapper]' package. Please check your configuration.
2022-02-07 01:00:12.792  WARN 87667 --- [restartedMain] org.apache.tomcat.util.modeler.Registry  : The MBean registry cannot be disabled because it has already been initialised
2022-02-07 01:07:13.711  WARN 87667 --- [restartedMain] o.m.s.mapper.ClassPathMapperScanner      : Skipping MapperFactoryBean with name 'appointmentMapper' and 'com.phms.mapper.AppointmentMapper' mapperInterface. Bean already defined with the same name!
2022-02-07 01:07:13.711  WARN 87667 --- [restartedMain] o.m.s.mapper.ClassPathMapperScanner      : Skipping MapperFactoryBean with name 'diagnosisMapper' and 'com.phms.mapper.DiagnosisMapper' mapperInterface. Bean already defined with the same name!
2022-02-07 01:07:13.712  WARN 87667 --- [restartedMain] o.m.s.mapper.ClassPathMapperScanner      : Skipping MapperFactoryBean with name 'noticeMapper' and 'com.phms.mapper.NoticeMapper' mapperInterface. Bean already defined with the same name!
2022-02-07 01:07:13.712  WARN 87667 --- [restartedMain] o.m.s.mapper.ClassPathMapperScanner      : Skipping MapperFactoryBean with name 'pageMapper' and 'com.phms.mapper.PageMapper' mapperInterface. Bean already defined with the same name!
2022-02-07 01:07:13.712  WARN 87667 --- [restartedMain] o.m.s.mapper.ClassPathMapperScanner      : Skipping MapperFactoryBean with name 'petDailyMapper' and 'com.phms.mapper.PetDailyMapper' mapperInterface. Bean already defined with the same name!
2022-02-07 01:07:13.712  WARN 87667 --- [restartedMain] o.m.s.mapper.ClassPathMapperScanner      : Skipping MapperFactoryBean with name 'petMapper' and 'com.phms.mapper.PetMapper' mapperInterface. Bean already defined with the same name!
2022-02-07 01:07:13.712  WARN 87667 --- [restartedMain] o.m.s.mapper.ClassPathMapperScanner      : Skipping MapperFactoryBean with name 'roleMapper' and 'com.phms.mapper.RoleMapper' mapperInterface. Bean already defined with the same name!
2022-02-07 01:07:13.712  WARN 87667 --- [restartedMain] o.m.s.mapper.ClassPathMapperScanner      : Skipping MapperFactoryBean with name 'rolePageMapper' and 'com.phms.mapper.RolePageMapper' mapperInterface. Bean already defined with the same name!
2022-02-07 01:07:13.712  WARN 87667 --- [restartedMain] o.m.s.mapper.ClassPathMapperScanner      : Skipping MapperFactoryBean with name 'standardMapper' and 'com.phms.mapper.StandardMapper' mapperInterface. Bean already defined with the same name!
2022-02-07 01:07:13.712  WARN 87667 --- [restartedMain] o.m.s.mapper.ClassPathMapperScanner      : Skipping MapperFactoryBean with name 'userMapper' and 'com.phms.mapper.UserMapper' mapperInterface. Bean already defined with the same name!
2022-02-07 01:07:13.712  WARN 87667 --- [restartedMain] o.m.s.mapper.ClassPathMapperScanner      : Skipping MapperFactoryBean with name 'userRoleMapper' and 'com.phms.mapper.UserRoleMapper' mapperInterface. Bean already defined with the same name!
2022-02-07 01:07:13.712  WARN 87667 --- [restartedMain] o.m.s.mapper.ClassPathMapperScanner      : No MyBatis mapper was found in '[com.phms.mapper]' package. Please check your configuration.
2022-02-07 01:07:13.824  WARN 87667 --- [restartedMain] org.apache.tomcat.util.modeler.Registry  : The MBean registry cannot be disabled because it has already been initialised
2022-02-07 01:22:16.472  WARN 2779 --- [restartedMain] o.m.s.mapper.ClassPathMapperScanner      : Skipping MapperFactoryBean with name 'appointmentMapper' and 'com.phms.mapper.AppointmentMapper' mapperInterface. Bean already defined with the same name!
2022-02-07 01:22:16.472  WARN 2779 --- [restartedMain] o.m.s.mapper.ClassPathMapperScanner      : Skipping MapperFactoryBean with name 'diagnosisMapper' and 'com.phms.mapper.DiagnosisMapper' mapperInterface. Bean already defined with the same name!
2022-02-07 01:22:16.472  WARN 2779 --- [restartedMain] o.m.s.mapper.ClassPathMapperScanner      : Skipping MapperFactoryBean with name 'noticeMapper' and 'com.phms.mapper.NoticeMapper' mapperInterface. Bean already defined with the same name!
2022-02-07 01:22:16.472  WARN 2779 --- [restartedMain] o.m.s.mapper.ClassPathMapperScanner      : Skipping MapperFactoryBean with name 'pageMapper' and 'com.phms.mapper.PageMapper' mapperInterface. Bean already defined with the same name!
2022-02-07 01:22:16.472  WARN 2779 --- [restartedMain] o.m.s.mapper.ClassPathMapperScanner      : Skipping MapperFactoryBean with name 'petDailyMapper' and 'com.phms.mapper.PetDailyMapper' mapperInterface. Bean already defined with the same name!
2022-02-07 01:22:16.472  WARN 2779 --- [restartedMain] o.m.s.mapper.ClassPathMapperScanner      : Skipping MapperFactoryBean with name 'petMapper' and 'com.phms.mapper.PetMapper' mapperInterface. Bean already defined with the same name!
2022-02-07 01:22:16.473  WARN 2779 --- [restartedMain] o.m.s.mapper.ClassPathMapperScanner      : Skipping MapperFactoryBean with name 'roleMapper' and 'com.phms.mapper.RoleMapper' mapperInterface. Bean already defined with the same name!
2022-02-07 01:22:16.473  WARN 2779 --- [restartedMain] o.m.s.mapper.ClassPathMapperScanner      : Skipping MapperFactoryBean with name 'rolePageMapper' and 'com.phms.mapper.RolePageMapper' mapperInterface. Bean already defined with the same name!
2022-02-07 01:22:16.473  WARN 2779 --- [restartedMain] o.m.s.mapper.ClassPathMapperScanner      : Skipping MapperFactoryBean with name 'standardMapper' and 'com.phms.mapper.StandardMapper' mapperInterface. Bean already defined with the same name!
2022-02-07 01:22:16.473  WARN 2779 --- [restartedMain] o.m.s.mapper.ClassPathMapperScanner      : Skipping MapperFactoryBean with name 'userMapper' and 'com.phms.mapper.UserMapper' mapperInterface. Bean already defined with the same name!
2022-02-07 01:22:16.473  WARN 2779 --- [restartedMain] o.m.s.mapper.ClassPathMapperScanner      : Skipping MapperFactoryBean with name 'userRoleMapper' and 'com.phms.mapper.UserRoleMapper' mapperInterface. Bean already defined with the same name!
2022-02-07 01:22:16.473  WARN 2779 --- [restartedMain] o.m.s.mapper.ClassPathMapperScanner      : No MyBatis mapper was found in '[com.phms.mapper]' package. Please check your configuration.
2022-02-07 01:24:33.321  WARN 2779 --- [restartedMain] o.m.s.mapper.ClassPathMapperScanner      : Skipping MapperFactoryBean with name 'appointmentMapper' and 'com.phms.mapper.AppointmentMapper' mapperInterface. Bean already defined with the same name!
2022-02-07 01:24:33.321  WARN 2779 --- [restartedMain] o.m.s.mapper.ClassPathMapperScanner      : Skipping MapperFactoryBean with name 'diagnosisMapper' and 'com.phms.mapper.DiagnosisMapper' mapperInterface. Bean already defined with the same name!
2022-02-07 01:24:33.321  WARN 2779 --- [restartedMain] o.m.s.mapper.ClassPathMapperScanner      : Skipping MapperFactoryBean with name 'noticeMapper' and 'com.phms.mapper.NoticeMapper' mapperInterface. Bean already defined with the same name!
2022-02-07 01:24:33.321  WARN 2779 --- [restartedMain] o.m.s.mapper.ClassPathMapperScanner      : Skipping MapperFactoryBean with name 'pageMapper' and 'com.phms.mapper.PageMapper' mapperInterface. Bean already defined with the same name!
2022-02-07 01:24:33.321  WARN 2779 --- [restartedMain] o.m.s.mapper.ClassPathMapperScanner      : Skipping MapperFactoryBean with name 'petDailyMapper' and 'com.phms.mapper.PetDailyMapper' mapperInterface. Bean already defined with the same name!
2022-02-07 01:24:33.321  WARN 2779 --- [restartedMain] o.m.s.mapper.ClassPathMapperScanner      : Skipping MapperFactoryBean with name 'petMapper' and 'com.phms.mapper.PetMapper' mapperInterface. Bean already defined with the same name!
2022-02-07 01:24:33.321  WARN 2779 --- [restartedMain] o.m.s.mapper.ClassPathMapperScanner      : Skipping MapperFactoryBean with name 'roleMapper' and 'com.phms.mapper.RoleMapper' mapperInterface. Bean already defined with the same name!
2022-02-07 01:24:33.322  WARN 2779 --- [restartedMain] o.m.s.mapper.ClassPathMapperScanner      : Skipping MapperFactoryBean with name 'rolePageMapper' and 'com.phms.mapper.RolePageMapper' mapperInterface. Bean already defined with the same name!
2022-02-07 01:24:33.322  WARN 2779 --- [restartedMain] o.m.s.mapper.ClassPathMapperScanner      : Skipping MapperFactoryBean with name 'standardMapper' and 'com.phms.mapper.StandardMapper' mapperInterface. Bean already defined with the same name!
2022-02-07 01:24:33.322  WARN 2779 --- [restartedMain] o.m.s.mapper.ClassPathMapperScanner      : Skipping MapperFactoryBean with name 'userMapper' and 'com.phms.mapper.UserMapper' mapperInterface. Bean already defined with the same name!
2022-02-07 01:24:33.322  WARN 2779 --- [restartedMain] o.m.s.mapper.ClassPathMapperScanner      : Skipping MapperFactoryBean with name 'userRoleMapper' and 'com.phms.mapper.UserRoleMapper' mapperInterface. Bean already defined with the same name!
2022-02-07 01:24:33.322  WARN 2779 --- [restartedMain] o.m.s.mapper.ClassPathMapperScanner      : No MyBatis mapper was found in '[com.phms.mapper]' package. Please check your configuration.
2022-02-07 01:24:33.449  WARN 2779 --- [restartedMain] org.apache.tomcat.util.modeler.Registry  : The MBean registry cannot be disabled because it has already been initialised
2022-02-07 01:24:41.869  WARN 2779 --- [restartedMain] o.m.s.mapper.ClassPathMapperScanner      : Skipping MapperFactoryBean with name 'appointmentMapper' and 'com.phms.mapper.AppointmentMapper' mapperInterface. Bean already defined with the same name!
2022-02-07 01:24:41.869  WARN 2779 --- [restartedMain] o.m.s.mapper.ClassPathMapperScanner      : Skipping MapperFactoryBean with name 'diagnosisMapper' and 'com.phms.mapper.DiagnosisMapper' mapperInterface. Bean already defined with the same name!
2022-02-07 01:24:41.869  WARN 2779 --- [restartedMain] o.m.s.mapper.ClassPathMapperScanner      : Skipping MapperFactoryBean with name 'noticeMapper' and 'com.phms.mapper.NoticeMapper' mapperInterface. Bean already defined with the same name!
2022-02-07 01:24:41.869  WARN 2779 --- [restartedMain] o.m.s.mapper.ClassPathMapperScanner      : Skipping MapperFactoryBean with name 'pageMapper' and 'com.phms.mapper.PageMapper' mapperInterface. Bean already defined with the same name!
2022-02-07 01:24:41.869  WARN 2779 --- [restartedMain] o.m.s.mapper.ClassPathMapperScanner      : Skipping MapperFactoryBean with name 'petDailyMapper' and 'com.phms.mapper.PetDailyMapper' mapperInterface. Bean already defined with the same name!
2022-02-07 01:24:41.870  WARN 2779 --- [restartedMain] o.m.s.mapper.ClassPathMapperScanner      : Skipping MapperFactoryBean with name 'petMapper' and 'com.phms.mapper.PetMapper' mapperInterface. Bean already defined with the same name!
2022-02-07 01:24:41.870  WARN 2779 --- [restartedMain] o.m.s.mapper.ClassPathMapperScanner      : Skipping MapperFactoryBean with name 'roleMapper' and 'com.phms.mapper.RoleMapper' mapperInterface. Bean already defined with the same name!
2022-02-07 01:24:41.870  WARN 2779 --- [restartedMain] o.m.s.mapper.ClassPathMapperScanner      : Skipping MapperFactoryBean with name 'rolePageMapper' and 'com.phms.mapper.RolePageMapper' mapperInterface. Bean already defined with the same name!
2022-02-07 01:24:41.870  WARN 2779 --- [restartedMain] o.m.s.mapper.ClassPathMapperScanner      : Skipping MapperFactoryBean with name 'standardMapper' and 'com.phms.mapper.StandardMapper' mapperInterface. Bean already defined with the same name!
2022-02-07 01:24:41.870  WARN 2779 --- [restartedMain] o.m.s.mapper.ClassPathMapperScanner      : Skipping MapperFactoryBean with name 'userMapper' and 'com.phms.mapper.UserMapper' mapperInterface. Bean already defined with the same name!
2022-02-07 01:24:41.870  WARN 2779 --- [restartedMain] o.m.s.mapper.ClassPathMapperScanner      : Skipping MapperFactoryBean with name 'userRoleMapper' and 'com.phms.mapper.UserRoleMapper' mapperInterface. Bean already defined with the same name!
2022-02-07 01:24:41.870  WARN 2779 --- [restartedMain] o.m.s.mapper.ClassPathMapperScanner      : No MyBatis mapper was found in '[com.phms.mapper]' package. Please check your configuration.
2022-02-07 01:24:41.990  WARN 2779 --- [restartedMain] org.apache.tomcat.util.modeler.Registry  : The MBean registry cannot be disabled because it has already been initialised
