2022-02-09 00:43:21.397  WARN 42678 --- [restartedMain] o.m.s.mapper.ClassPathMapperScanner      : Skipping MapperFactoryBean with name 'appointmentMapper' and 'com.phms.mapper.AppointmentMapper' mapperInterface. Bean already defined with the same name!
2022-02-09 00:43:21.397  WARN 42678 --- [restartedMain] o.m.s.mapper.ClassPathMapperScanner      : Skipping MapperFactoryBean with name 'diagnosisMapper' and 'com.phms.mapper.DiagnosisMapper' mapperInterface. Bean already defined with the same name!
2022-02-09 00:43:21.397  WARN 42678 --- [restartedMain] o.m.s.mapper.ClassPathMapperScanner      : Skipping MapperFactoryBean with name 'noticeMapper' and 'com.phms.mapper.NoticeMapper' mapperInterface. Bean already defined with the same name!
2022-02-09 00:43:21.398  WARN 42678 --- [restartedMain] o.m.s.mapper.ClassPathMapperScanner      : Skipping MapperFactoryBean with name 'pageMapper' and 'com.phms.mapper.PageMapper' mapperInterface. Bean already defined with the same name!
2022-02-09 00:43:21.398  WARN 42678 --- [restartedMain] o.m.s.mapper.ClassPathMapperScanner      : Skipping MapperFactoryBean with name 'petDailyMapper' and 'com.phms.mapper.PetDailyMapper' mapperInterface. Bean already defined with the same name!
2022-02-09 00:43:21.398  WARN 42678 --- [restartedMain] o.m.s.mapper.ClassPathMapperScanner      : Skipping MapperFactoryBean with name 'petMapper' and 'com.phms.mapper.PetMapper' mapperInterface. Bean already defined with the same name!
2022-02-09 00:43:21.398  WARN 42678 --- [restartedMain] o.m.s.mapper.ClassPathMapperScanner      : Skipping MapperFactoryBean with name 'roleMapper' and 'com.phms.mapper.RoleMapper' mapperInterface. Bean already defined with the same name!
2022-02-09 00:43:21.398  WARN 42678 --- [restartedMain] o.m.s.mapper.ClassPathMapperScanner      : Skipping MapperFactoryBean with name 'rolePageMapper' and 'com.phms.mapper.RolePageMapper' mapperInterface. Bean already defined with the same name!
2022-02-09 00:43:21.398  WARN 42678 --- [restartedMain] o.m.s.mapper.ClassPathMapperScanner      : Skipping MapperFactoryBean with name 'standardMapper' and 'com.phms.mapper.StandardMapper' mapperInterface. Bean already defined with the same name!
2022-02-09 00:43:21.398  WARN 42678 --- [restartedMain] o.m.s.mapper.ClassPathMapperScanner      : Skipping MapperFactoryBean with name 'userMapper' and 'com.phms.mapper.UserMapper' mapperInterface. Bean already defined with the same name!
2022-02-09 00:43:21.398  WARN 42678 --- [restartedMain] o.m.s.mapper.ClassPathMapperScanner      : Skipping MapperFactoryBean with name 'userRoleMapper' and 'com.phms.mapper.UserRoleMapper' mapperInterface. Bean already defined with the same name!
2022-02-09 00:43:21.398  WARN 42678 --- [restartedMain] o.m.s.mapper.ClassPathMapperScanner      : No MyBatis mapper was found in '[com.phms.mapper]' package. Please check your configuration.
2022-02-09 00:44:32.904  WARN 42678 --- [restartedMain] o.m.s.mapper.ClassPathMapperScanner      : Skipping MapperFactoryBean with name 'appointmentMapper' and 'com.phms.mapper.AppointmentMapper' mapperInterface. Bean already defined with the same name!
2022-02-09 00:44:32.905  WARN 42678 --- [restartedMain] o.m.s.mapper.ClassPathMapperScanner      : Skipping MapperFactoryBean with name 'diagnosisMapper' and 'com.phms.mapper.DiagnosisMapper' mapperInterface. Bean already defined with the same name!
2022-02-09 00:44:32.905  WARN 42678 --- [restartedMain] o.m.s.mapper.ClassPathMapperScanner      : Skipping MapperFactoryBean with name 'noticeMapper' and 'com.phms.mapper.NoticeMapper' mapperInterface. Bean already defined with the same name!
2022-02-09 00:44:32.905  WARN 42678 --- [restartedMain] o.m.s.mapper.ClassPathMapperScanner      : Skipping MapperFactoryBean with name 'pageMapper' and 'com.phms.mapper.PageMapper' mapperInterface. Bean already defined with the same name!
2022-02-09 00:44:32.905  WARN 42678 --- [restartedMain] o.m.s.mapper.ClassPathMapperScanner      : Skipping MapperFactoryBean with name 'petDailyMapper' and 'com.phms.mapper.PetDailyMapper' mapperInterface. Bean already defined with the same name!
2022-02-09 00:44:32.905  WARN 42678 --- [restartedMain] o.m.s.mapper.ClassPathMapperScanner      : Skipping MapperFactoryBean with name 'petMapper' and 'com.phms.mapper.PetMapper' mapperInterface. Bean already defined with the same name!
2022-02-09 00:44:32.906  WARN 42678 --- [restartedMain] o.m.s.mapper.ClassPathMapperScanner      : Skipping MapperFactoryBean with name 'roleMapper' and 'com.phms.mapper.RoleMapper' mapperInterface. Bean already defined with the same name!
2022-02-09 00:44:32.906  WARN 42678 --- [restartedMain] o.m.s.mapper.ClassPathMapperScanner      : Skipping MapperFactoryBean with name 'rolePageMapper' and 'com.phms.mapper.RolePageMapper' mapperInterface. Bean already defined with the same name!
2022-02-09 00:44:32.906  WARN 42678 --- [restartedMain] o.m.s.mapper.ClassPathMapperScanner      : Skipping MapperFactoryBean with name 'standardMapper' and 'com.phms.mapper.StandardMapper' mapperInterface. Bean already defined with the same name!
2022-02-09 00:44:32.906  WARN 42678 --- [restartedMain] o.m.s.mapper.ClassPathMapperScanner      : Skipping MapperFactoryBean with name 'userMapper' and 'com.phms.mapper.UserMapper' mapperInterface. Bean already defined with the same name!
2022-02-09 00:44:32.906  WARN 42678 --- [restartedMain] o.m.s.mapper.ClassPathMapperScanner      : Skipping MapperFactoryBean with name 'userRoleMapper' and 'com.phms.mapper.UserRoleMapper' mapperInterface. Bean already defined with the same name!
2022-02-09 00:44:32.906  WARN 42678 --- [restartedMain] o.m.s.mapper.ClassPathMapperScanner      : No MyBatis mapper was found in '[com.phms.mapper]' package. Please check your configuration.
2022-02-09 00:44:33.038  WARN 42678 --- [restartedMain] org.apache.tomcat.util.modeler.Registry  : The MBean registry cannot be disabled because it has already been initialised
2022-02-09 00:44:35.115  WARN 43204 --- [restartedMain] o.m.s.mapper.ClassPathMapperScanner      : Skipping MapperFactoryBean with name 'appointmentMapper' and 'com.phms.mapper.AppointmentMapper' mapperInterface. Bean already defined with the same name!
2022-02-09 00:44:35.115  WARN 43204 --- [restartedMain] o.m.s.mapper.ClassPathMapperScanner      : Skipping MapperFactoryBean with name 'diagnosisMapper' and 'com.phms.mapper.DiagnosisMapper' mapperInterface. Bean already defined with the same name!
2022-02-09 00:44:35.115  WARN 43204 --- [restartedMain] o.m.s.mapper.ClassPathMapperScanner      : Skipping MapperFactoryBean with name 'noticeMapper' and 'com.phms.mapper.NoticeMapper' mapperInterface. Bean already defined with the same name!
2022-02-09 00:44:35.115  WARN 43204 --- [restartedMain] o.m.s.mapper.ClassPathMapperScanner      : Skipping MapperFactoryBean with name 'pageMapper' and 'com.phms.mapper.PageMapper' mapperInterface. Bean already defined with the same name!
2022-02-09 00:44:35.115  WARN 43204 --- [restartedMain] o.m.s.mapper.ClassPathMapperScanner      : Skipping MapperFactoryBean with name 'petDailyMapper' and 'com.phms.mapper.PetDailyMapper' mapperInterface. Bean already defined with the same name!
2022-02-09 00:44:35.115  WARN 43204 --- [restartedMain] o.m.s.mapper.ClassPathMapperScanner      : Skipping MapperFactoryBean with name 'petMapper' and 'com.phms.mapper.PetMapper' mapperInterface. Bean already defined with the same name!
2022-02-09 00:44:35.116  WARN 43204 --- [restartedMain] o.m.s.mapper.ClassPathMapperScanner      : Skipping MapperFactoryBean with name 'roleMapper' and 'com.phms.mapper.RoleMapper' mapperInterface. Bean already defined with the same name!
2022-02-09 00:44:35.116  WARN 43204 --- [restartedMain] o.m.s.mapper.ClassPathMapperScanner      : Skipping MapperFactoryBean with name 'rolePageMapper' and 'com.phms.mapper.RolePageMapper' mapperInterface. Bean already defined with the same name!
2022-02-09 00:44:35.116  WARN 43204 --- [restartedMain] o.m.s.mapper.ClassPathMapperScanner      : Skipping MapperFactoryBean with name 'standardMapper' and 'com.phms.mapper.StandardMapper' mapperInterface. Bean already defined with the same name!
2022-02-09 00:44:35.116  WARN 43204 --- [restartedMain] o.m.s.mapper.ClassPathMapperScanner      : Skipping MapperFactoryBean with name 'userMapper' and 'com.phms.mapper.UserMapper' mapperInterface. Bean already defined with the same name!
2022-02-09 00:44:35.116  WARN 43204 --- [restartedMain] o.m.s.mapper.ClassPathMapperScanner      : Skipping MapperFactoryBean with name 'userRoleMapper' and 'com.phms.mapper.UserRoleMapper' mapperInterface. Bean already defined with the same name!
2022-02-09 00:44:35.116  WARN 43204 --- [restartedMain] o.m.s.mapper.ClassPathMapperScanner      : No MyBatis mapper was found in '[com.phms.mapper]' package. Please check your configuration.
2022-02-09 00:44:36.502  WARN 43204 --- [restartedMain] o.s.b.d.a.OptionalLiveReloadServer       : Unable to start LiveReload server
2022-02-09 00:45:38.204  WARN 42678 --- [restartedMain] o.m.s.mapper.ClassPathMapperScanner      : Skipping MapperFactoryBean with name 'appointmentMapper' and 'com.phms.mapper.AppointmentMapper' mapperInterface. Bean already defined with the same name!
2022-02-09 00:45:38.204  WARN 42678 --- [restartedMain] o.m.s.mapper.ClassPathMapperScanner      : Skipping MapperFactoryBean with name 'diagnosisMapper' and 'com.phms.mapper.DiagnosisMapper' mapperInterface. Bean already defined with the same name!
2022-02-09 00:45:38.204  WARN 42678 --- [restartedMain] o.m.s.mapper.ClassPathMapperScanner      : Skipping MapperFactoryBean with name 'noticeMapper' and 'com.phms.mapper.NoticeMapper' mapperInterface. Bean already defined with the same name!
2022-02-09 00:45:38.204  WARN 42678 --- [restartedMain] o.m.s.mapper.ClassPathMapperScanner      : Skipping MapperFactoryBean with name 'pageMapper' and 'com.phms.mapper.PageMapper' mapperInterface. Bean already defined with the same name!
2022-02-09 00:45:38.204  WARN 42678 --- [restartedMain] o.m.s.mapper.ClassPathMapperScanner      : Skipping MapperFactoryBean with name 'petDailyMapper' and 'com.phms.mapper.PetDailyMapper' mapperInterface. Bean already defined with the same name!
2022-02-09 00:45:38.204  WARN 42678 --- [restartedMain] o.m.s.mapper.ClassPathMapperScanner      : Skipping MapperFactoryBean with name 'petMapper' and 'com.phms.mapper.PetMapper' mapperInterface. Bean already defined with the same name!
2022-02-09 00:45:38.205  WARN 42678 --- [restartedMain] o.m.s.mapper.ClassPathMapperScanner      : Skipping MapperFactoryBean with name 'roleMapper' and 'com.phms.mapper.RoleMapper' mapperInterface. Bean already defined with the same name!
2022-02-09 00:45:38.205  WARN 42678 --- [restartedMain] o.m.s.mapper.ClassPathMapperScanner      : Skipping MapperFactoryBean with name 'rolePageMapper' and 'com.phms.mapper.RolePageMapper' mapperInterface. Bean already defined with the same name!
2022-02-09 00:45:38.205  WARN 42678 --- [restartedMain] o.m.s.mapper.ClassPathMapperScanner      : Skipping MapperFactoryBean with name 'standardMapper' and 'com.phms.mapper.StandardMapper' mapperInterface. Bean already defined with the same name!
2022-02-09 00:45:38.205  WARN 42678 --- [restartedMain] o.m.s.mapper.ClassPathMapperScanner      : Skipping MapperFactoryBean with name 'userMapper' and 'com.phms.mapper.UserMapper' mapperInterface. Bean already defined with the same name!
2022-02-09 00:45:38.205  WARN 42678 --- [restartedMain] o.m.s.mapper.ClassPathMapperScanner      : Skipping MapperFactoryBean with name 'userRoleMapper' and 'com.phms.mapper.UserRoleMapper' mapperInterface. Bean already defined with the same name!
2022-02-09 00:45:38.205  WARN 42678 --- [restartedMain] o.m.s.mapper.ClassPathMapperScanner      : No MyBatis mapper was found in '[com.phms.mapper]' package. Please check your configuration.
2022-02-09 00:45:38.328  WARN 42678 --- [restartedMain] org.apache.tomcat.util.modeler.Registry  : The MBean registry cannot be disabled because it has already been initialised
2022-02-09 23:20:18.412  WARN 60826 --- [restartedMain] o.m.s.mapper.ClassPathMapperScanner      : Skipping MapperFactoryBean with name 'appointmentMapper' and 'com.phms.mapper.AppointmentMapper' mapperInterface. Bean already defined with the same name!
2022-02-09 23:20:18.413  WARN 60826 --- [restartedMain] o.m.s.mapper.ClassPathMapperScanner      : Skipping MapperFactoryBean with name 'diagnosisMapper' and 'com.phms.mapper.DiagnosisMapper' mapperInterface. Bean already defined with the same name!
2022-02-09 23:20:18.413  WARN 60826 --- [restartedMain] o.m.s.mapper.ClassPathMapperScanner      : Skipping MapperFactoryBean with name 'noticeMapper' and 'com.phms.mapper.NoticeMapper' mapperInterface. Bean already defined with the same name!
2022-02-09 23:20:18.413  WARN 60826 --- [restartedMain] o.m.s.mapper.ClassPathMapperScanner      : Skipping MapperFactoryBean with name 'pageMapper' and 'com.phms.mapper.PageMapper' mapperInterface. Bean already defined with the same name!
2022-02-09 23:20:18.413  WARN 60826 --- [restartedMain] o.m.s.mapper.ClassPathMapperScanner      : Skipping MapperFactoryBean with name 'petDailyMapper' and 'com.phms.mapper.PetDailyMapper' mapperInterface. Bean already defined with the same name!
2022-02-09 23:20:18.413  WARN 60826 --- [restartedMain] o.m.s.mapper.ClassPathMapperScanner      : Skipping MapperFactoryBean with name 'petMapper' and 'com.phms.mapper.PetMapper' mapperInterface. Bean already defined with the same name!
2022-02-09 23:20:18.413  WARN 60826 --- [restartedMain] o.m.s.mapper.ClassPathMapperScanner      : Skipping MapperFactoryBean with name 'roleMapper' and 'com.phms.mapper.RoleMapper' mapperInterface. Bean already defined with the same name!
2022-02-09 23:20:18.413  WARN 60826 --- [restartedMain] o.m.s.mapper.ClassPathMapperScanner      : Skipping MapperFactoryBean with name 'rolePageMapper' and 'com.phms.mapper.RolePageMapper' mapperInterface. Bean already defined with the same name!
2022-02-09 23:20:18.413  WARN 60826 --- [restartedMain] o.m.s.mapper.ClassPathMapperScanner      : Skipping MapperFactoryBean with name 'standardMapper' and 'com.phms.mapper.StandardMapper' mapperInterface. Bean already defined with the same name!
2022-02-09 23:20:18.413  WARN 60826 --- [restartedMain] o.m.s.mapper.ClassPathMapperScanner      : Skipping MapperFactoryBean with name 'userMapper' and 'com.phms.mapper.UserMapper' mapperInterface. Bean already defined with the same name!
2022-02-09 23:20:18.414  WARN 60826 --- [restartedMain] o.m.s.mapper.ClassPathMapperScanner      : Skipping MapperFactoryBean with name 'userRoleMapper' and 'com.phms.mapper.UserRoleMapper' mapperInterface. Bean already defined with the same name!
2022-02-09 23:20:18.414  WARN 60826 --- [restartedMain] o.m.s.mapper.ClassPathMapperScanner      : No MyBatis mapper was found in '[com.phms.mapper]' package. Please check your configuration.
