2022-03-07 13:23:05.358  WARN 25307 --- [restartedMain] o.m.s.mapper.ClassPathMapperScanner      : Skipping MapperFactoryBean with name 'appointmentMapper' and 'com.phms.mapper.AppointmentMapper' mapperInterface. Bean already defined with the same name!
2022-03-07 13:23:05.358  WARN 25307 --- [restartedMain] o.m.s.mapper.ClassPathMapperScanner      : Skipping MapperFactoryBean with name 'diagnosisMapper' and 'com.phms.mapper.DiagnosisMapper' mapperInterface. Bean already defined with the same name!
2022-03-07 13:23:05.358  WARN 25307 --- [restartedMain] o.m.s.mapper.ClassPathMapperScanner      : Skipping MapperFactoryBean with name 'noticeMapper' and 'com.phms.mapper.NoticeMapper' mapperInterface. Bean already defined with the same name!
2022-03-07 13:23:05.358  WARN 25307 --- [restartedMain] o.m.s.mapper.ClassPathMapperScanner      : Skipping MapperFactoryBean with name 'pageMapper' and 'com.phms.mapper.PageMapper' mapperInterface. Bean already defined with the same name!
2022-03-07 13:23:05.358  WARN 25307 --- [restartedMain] o.m.s.mapper.ClassPathMapperScanner      : Skipping MapperFactoryBean with name 'petDailyMapper' and 'com.phms.mapper.PetDailyMapper' mapperInterface. Bean already defined with the same name!
2022-03-07 13:23:05.359  WARN 25307 --- [restartedMain] o.m.s.mapper.ClassPathMapperScanner      : Skipping MapperFactoryBean with name 'petMapper' and 'com.phms.mapper.PetMapper' mapperInterface. Bean already defined with the same name!
2022-03-07 13:23:05.359  WARN 25307 --- [restartedMain] o.m.s.mapper.ClassPathMapperScanner      : Skipping MapperFactoryBean with name 'roleMapper' and 'com.phms.mapper.RoleMapper' mapperInterface. Bean already defined with the same name!
2022-03-07 13:23:05.359  WARN 25307 --- [restartedMain] o.m.s.mapper.ClassPathMapperScanner      : Skipping MapperFactoryBean with name 'rolePageMapper' and 'com.phms.mapper.RolePageMapper' mapperInterface. Bean already defined with the same name!
2022-03-07 13:23:05.359  WARN 25307 --- [restartedMain] o.m.s.mapper.ClassPathMapperScanner      : Skipping MapperFactoryBean with name 'standardMapper' and 'com.phms.mapper.StandardMapper' mapperInterface. Bean already defined with the same name!
2022-03-07 13:23:05.359  WARN 25307 --- [restartedMain] o.m.s.mapper.ClassPathMapperScanner      : Skipping MapperFactoryBean with name 'userMapper' and 'com.phms.mapper.UserMapper' mapperInterface. Bean already defined with the same name!
2022-03-07 13:23:05.359  WARN 25307 --- [restartedMain] o.m.s.mapper.ClassPathMapperScanner      : Skipping MapperFactoryBean with name 'userRoleMapper' and 'com.phms.mapper.UserRoleMapper' mapperInterface. Bean already defined with the same name!
2022-03-07 13:23:05.359  WARN 25307 --- [restartedMain] o.m.s.mapper.ClassPathMapperScanner      : No MyBatis mapper was found in '[com.phms.mapper]' package. Please check your configuration.
2022-03-07 13:24:07.734  WARN 25307 --- [restartedMain] o.m.s.mapper.ClassPathMapperScanner      : Skipping MapperFactoryBean with name 'appointmentMapper' and 'com.phms.mapper.AppointmentMapper' mapperInterface. Bean already defined with the same name!
2022-03-07 13:24:07.735  WARN 25307 --- [restartedMain] o.m.s.mapper.ClassPathMapperScanner      : Skipping MapperFactoryBean with name 'diagnosisMapper' and 'com.phms.mapper.DiagnosisMapper' mapperInterface. Bean already defined with the same name!
2022-03-07 13:24:07.735  WARN 25307 --- [restartedMain] o.m.s.mapper.ClassPathMapperScanner      : Skipping MapperFactoryBean with name 'noticeMapper' and 'com.phms.mapper.NoticeMapper' mapperInterface. Bean already defined with the same name!
2022-03-07 13:24:07.735  WARN 25307 --- [restartedMain] o.m.s.mapper.ClassPathMapperScanner      : Skipping MapperFactoryBean with name 'pageMapper' and 'com.phms.mapper.PageMapper' mapperInterface. Bean already defined with the same name!
2022-03-07 13:24:07.736  WARN 25307 --- [restartedMain] o.m.s.mapper.ClassPathMapperScanner      : Skipping MapperFactoryBean with name 'petDailyMapper' and 'com.phms.mapper.PetDailyMapper' mapperInterface. Bean already defined with the same name!
2022-03-07 13:24:07.736  WARN 25307 --- [restartedMain] o.m.s.mapper.ClassPathMapperScanner      : Skipping MapperFactoryBean with name 'petMapper' and 'com.phms.mapper.PetMapper' mapperInterface. Bean already defined with the same name!
2022-03-07 13:24:07.736  WARN 25307 --- [restartedMain] o.m.s.mapper.ClassPathMapperScanner      : Skipping MapperFactoryBean with name 'roleMapper' and 'com.phms.mapper.RoleMapper' mapperInterface. Bean already defined with the same name!
2022-03-07 13:24:07.736  WARN 25307 --- [restartedMain] o.m.s.mapper.ClassPathMapperScanner      : Skipping MapperFactoryBean with name 'rolePageMapper' and 'com.phms.mapper.RolePageMapper' mapperInterface. Bean already defined with the same name!
2022-03-07 13:24:07.736  WARN 25307 --- [restartedMain] o.m.s.mapper.ClassPathMapperScanner      : Skipping MapperFactoryBean with name 'standardMapper' and 'com.phms.mapper.StandardMapper' mapperInterface. Bean already defined with the same name!
2022-03-07 13:24:07.736  WARN 25307 --- [restartedMain] o.m.s.mapper.ClassPathMapperScanner      : Skipping MapperFactoryBean with name 'userMapper' and 'com.phms.mapper.UserMapper' mapperInterface. Bean already defined with the same name!
2022-03-07 13:24:07.736  WARN 25307 --- [restartedMain] o.m.s.mapper.ClassPathMapperScanner      : Skipping MapperFactoryBean with name 'userRoleMapper' and 'com.phms.mapper.UserRoleMapper' mapperInterface. Bean already defined with the same name!
2022-03-07 13:24:07.736  WARN 25307 --- [restartedMain] o.m.s.mapper.ClassPathMapperScanner      : No MyBatis mapper was found in '[com.phms.mapper]' package. Please check your configuration.
2022-03-07 13:24:07.894  WARN 25307 --- [restartedMain] org.apache.tomcat.util.modeler.Registry  : The MBean registry cannot be disabled because it has already been initialised
2022-03-07 13:24:32.147  WARN 25307 --- [restartedMain] o.m.s.mapper.ClassPathMapperScanner      : Skipping MapperFactoryBean with name 'appointmentMapper' and 'com.phms.mapper.AppointmentMapper' mapperInterface. Bean already defined with the same name!
2022-03-07 13:24:32.147  WARN 25307 --- [restartedMain] o.m.s.mapper.ClassPathMapperScanner      : Skipping MapperFactoryBean with name 'diagnosisMapper' and 'com.phms.mapper.DiagnosisMapper' mapperInterface. Bean already defined with the same name!
2022-03-07 13:24:32.147  WARN 25307 --- [restartedMain] o.m.s.mapper.ClassPathMapperScanner      : Skipping MapperFactoryBean with name 'noticeMapper' and 'com.phms.mapper.NoticeMapper' mapperInterface. Bean already defined with the same name!
2022-03-07 13:24:32.147  WARN 25307 --- [restartedMain] o.m.s.mapper.ClassPathMapperScanner      : Skipping MapperFactoryBean with name 'pageMapper' and 'com.phms.mapper.PageMapper' mapperInterface. Bean already defined with the same name!
2022-03-07 13:24:32.147  WARN 25307 --- [restartedMain] o.m.s.mapper.ClassPathMapperScanner      : Skipping MapperFactoryBean with name 'petDailyMapper' and 'com.phms.mapper.PetDailyMapper' mapperInterface. Bean already defined with the same name!
2022-03-07 13:24:32.147  WARN 25307 --- [restartedMain] o.m.s.mapper.ClassPathMapperScanner      : Skipping MapperFactoryBean with name 'petMapper' and 'com.phms.mapper.PetMapper' mapperInterface. Bean already defined with the same name!
2022-03-07 13:24:32.147  WARN 25307 --- [restartedMain] o.m.s.mapper.ClassPathMapperScanner      : Skipping MapperFactoryBean with name 'roleMapper' and 'com.phms.mapper.RoleMapper' mapperInterface. Bean already defined with the same name!
2022-03-07 13:24:32.147  WARN 25307 --- [restartedMain] o.m.s.mapper.ClassPathMapperScanner      : Skipping MapperFactoryBean with name 'rolePageMapper' and 'com.phms.mapper.RolePageMapper' mapperInterface. Bean already defined with the same name!
2022-03-07 13:24:32.147  WARN 25307 --- [restartedMain] o.m.s.mapper.ClassPathMapperScanner      : Skipping MapperFactoryBean with name 'standardMapper' and 'com.phms.mapper.StandardMapper' mapperInterface. Bean already defined with the same name!
2022-03-07 13:24:32.147  WARN 25307 --- [restartedMain] o.m.s.mapper.ClassPathMapperScanner      : Skipping MapperFactoryBean with name 'userMapper' and 'com.phms.mapper.UserMapper' mapperInterface. Bean already defined with the same name!
2022-03-07 13:24:32.147  WARN 25307 --- [restartedMain] o.m.s.mapper.ClassPathMapperScanner      : Skipping MapperFactoryBean with name 'userRoleMapper' and 'com.phms.mapper.UserRoleMapper' mapperInterface. Bean already defined with the same name!
2022-03-07 13:24:32.147  WARN 25307 --- [restartedMain] o.m.s.mapper.ClassPathMapperScanner      : No MyBatis mapper was found in '[com.phms.mapper]' package. Please check your configuration.
2022-03-07 13:24:32.254  WARN 25307 --- [restartedMain] org.apache.tomcat.util.modeler.Registry  : The MBean registry cannot be disabled because it has already been initialised
2022-03-07 13:25:59.252  WARN 25307 --- [restartedMain] o.m.s.mapper.ClassPathMapperScanner      : Skipping MapperFactoryBean with name 'appointmentMapper' and 'com.phms.mapper.AppointmentMapper' mapperInterface. Bean already defined with the same name!
2022-03-07 13:25:59.252  WARN 25307 --- [restartedMain] o.m.s.mapper.ClassPathMapperScanner      : Skipping MapperFactoryBean with name 'diagnosisMapper' and 'com.phms.mapper.DiagnosisMapper' mapperInterface. Bean already defined with the same name!
2022-03-07 13:25:59.253  WARN 25307 --- [restartedMain] o.m.s.mapper.ClassPathMapperScanner      : Skipping MapperFactoryBean with name 'noticeMapper' and 'com.phms.mapper.NoticeMapper' mapperInterface. Bean already defined with the same name!
2022-03-07 13:25:59.253  WARN 25307 --- [restartedMain] o.m.s.mapper.ClassPathMapperScanner      : Skipping MapperFactoryBean with name 'pageMapper' and 'com.phms.mapper.PageMapper' mapperInterface. Bean already defined with the same name!
2022-03-07 13:25:59.253  WARN 25307 --- [restartedMain] o.m.s.mapper.ClassPathMapperScanner      : Skipping MapperFactoryBean with name 'petDailyMapper' and 'com.phms.mapper.PetDailyMapper' mapperInterface. Bean already defined with the same name!
2022-03-07 13:25:59.253  WARN 25307 --- [restartedMain] o.m.s.mapper.ClassPathMapperScanner      : Skipping MapperFactoryBean with name 'petMapper' and 'com.phms.mapper.PetMapper' mapperInterface. Bean already defined with the same name!
2022-03-07 13:25:59.253  WARN 25307 --- [restartedMain] o.m.s.mapper.ClassPathMapperScanner      : Skipping MapperFactoryBean with name 'roleMapper' and 'com.phms.mapper.RoleMapper' mapperInterface. Bean already defined with the same name!
2022-03-07 13:25:59.253  WARN 25307 --- [restartedMain] o.m.s.mapper.ClassPathMapperScanner      : Skipping MapperFactoryBean with name 'rolePageMapper' and 'com.phms.mapper.RolePageMapper' mapperInterface. Bean already defined with the same name!
2022-03-07 13:25:59.253  WARN 25307 --- [restartedMain] o.m.s.mapper.ClassPathMapperScanner      : Skipping MapperFactoryBean with name 'standardMapper' and 'com.phms.mapper.StandardMapper' mapperInterface. Bean already defined with the same name!
2022-03-07 13:25:59.253  WARN 25307 --- [restartedMain] o.m.s.mapper.ClassPathMapperScanner      : Skipping MapperFactoryBean with name 'userMapper' and 'com.phms.mapper.UserMapper' mapperInterface. Bean already defined with the same name!
2022-03-07 13:25:59.253  WARN 25307 --- [restartedMain] o.m.s.mapper.ClassPathMapperScanner      : Skipping MapperFactoryBean with name 'userRoleMapper' and 'com.phms.mapper.UserRoleMapper' mapperInterface. Bean already defined with the same name!
2022-03-07 13:25:59.253  WARN 25307 --- [restartedMain] o.m.s.mapper.ClassPathMapperScanner      : No MyBatis mapper was found in '[com.phms.mapper]' package. Please check your configuration.
2022-03-07 13:25:59.355  WARN 25307 --- [restartedMain] org.apache.tomcat.util.modeler.Registry  : The MBean registry cannot be disabled because it has already been initialised
2022-03-07 13:26:45.012  WARN 25307 --- [restartedMain] o.m.s.mapper.ClassPathMapperScanner      : Skipping MapperFactoryBean with name 'appointmentMapper' and 'com.phms.mapper.AppointmentMapper' mapperInterface. Bean already defined with the same name!
2022-03-07 13:26:45.013  WARN 25307 --- [restartedMain] o.m.s.mapper.ClassPathMapperScanner      : Skipping MapperFactoryBean with name 'diagnosisMapper' and 'com.phms.mapper.DiagnosisMapper' mapperInterface. Bean already defined with the same name!
2022-03-07 13:26:45.013  WARN 25307 --- [restartedMain] o.m.s.mapper.ClassPathMapperScanner      : Skipping MapperFactoryBean with name 'noticeMapper' and 'com.phms.mapper.NoticeMapper' mapperInterface. Bean already defined with the same name!
2022-03-07 13:26:45.013  WARN 25307 --- [restartedMain] o.m.s.mapper.ClassPathMapperScanner      : Skipping MapperFactoryBean with name 'pageMapper' and 'com.phms.mapper.PageMapper' mapperInterface. Bean already defined with the same name!
2022-03-07 13:26:45.013  WARN 25307 --- [restartedMain] o.m.s.mapper.ClassPathMapperScanner      : Skipping MapperFactoryBean with name 'petDailyMapper' and 'com.phms.mapper.PetDailyMapper' mapperInterface. Bean already defined with the same name!
2022-03-07 13:26:45.013  WARN 25307 --- [restartedMain] o.m.s.mapper.ClassPathMapperScanner      : Skipping MapperFactoryBean with name 'petMapper' and 'com.phms.mapper.PetMapper' mapperInterface. Bean already defined with the same name!
2022-03-07 13:26:45.013  WARN 25307 --- [restartedMain] o.m.s.mapper.ClassPathMapperScanner      : Skipping MapperFactoryBean with name 'roleMapper' and 'com.phms.mapper.RoleMapper' mapperInterface. Bean already defined with the same name!
2022-03-07 13:26:45.013  WARN 25307 --- [restartedMain] o.m.s.mapper.ClassPathMapperScanner      : Skipping MapperFactoryBean with name 'rolePageMapper' and 'com.phms.mapper.RolePageMapper' mapperInterface. Bean already defined with the same name!
2022-03-07 13:26:45.013  WARN 25307 --- [restartedMain] o.m.s.mapper.ClassPathMapperScanner      : Skipping MapperFactoryBean with name 'standardMapper' and 'com.phms.mapper.StandardMapper' mapperInterface. Bean already defined with the same name!
2022-03-07 13:26:45.013  WARN 25307 --- [restartedMain] o.m.s.mapper.ClassPathMapperScanner      : Skipping MapperFactoryBean with name 'userMapper' and 'com.phms.mapper.UserMapper' mapperInterface. Bean already defined with the same name!
2022-03-07 13:26:45.013  WARN 25307 --- [restartedMain] o.m.s.mapper.ClassPathMapperScanner      : Skipping MapperFactoryBean with name 'userRoleMapper' and 'com.phms.mapper.UserRoleMapper' mapperInterface. Bean already defined with the same name!
2022-03-07 13:26:45.013  WARN 25307 --- [restartedMain] o.m.s.mapper.ClassPathMapperScanner      : No MyBatis mapper was found in '[com.phms.mapper]' package. Please check your configuration.
2022-03-07 13:26:45.107  WARN 25307 --- [restartedMain] org.apache.tomcat.util.modeler.Registry  : The MBean registry cannot be disabled because it has already been initialised
2022-03-07 13:27:09.866  WARN 25307 --- [restartedMain] o.m.s.mapper.ClassPathMapperScanner      : Skipping MapperFactoryBean with name 'appointmentMapper' and 'com.phms.mapper.AppointmentMapper' mapperInterface. Bean already defined with the same name!
2022-03-07 13:27:09.866  WARN 25307 --- [restartedMain] o.m.s.mapper.ClassPathMapperScanner      : Skipping MapperFactoryBean with name 'diagnosisMapper' and 'com.phms.mapper.DiagnosisMapper' mapperInterface. Bean already defined with the same name!
2022-03-07 13:27:09.866  WARN 25307 --- [restartedMain] o.m.s.mapper.ClassPathMapperScanner      : Skipping MapperFactoryBean with name 'noticeMapper' and 'com.phms.mapper.NoticeMapper' mapperInterface. Bean already defined with the same name!
2022-03-07 13:27:09.866  WARN 25307 --- [restartedMain] o.m.s.mapper.ClassPathMapperScanner      : Skipping MapperFactoryBean with name 'pageMapper' and 'com.phms.mapper.PageMapper' mapperInterface. Bean already defined with the same name!
2022-03-07 13:27:09.866  WARN 25307 --- [restartedMain] o.m.s.mapper.ClassPathMapperScanner      : Skipping MapperFactoryBean with name 'petDailyMapper' and 'com.phms.mapper.PetDailyMapper' mapperInterface. Bean already defined with the same name!
2022-03-07 13:27:09.866  WARN 25307 --- [restartedMain] o.m.s.mapper.ClassPathMapperScanner      : Skipping MapperFactoryBean with name 'petMapper' and 'com.phms.mapper.PetMapper' mapperInterface. Bean already defined with the same name!
2022-03-07 13:27:09.866  WARN 25307 --- [restartedMain] o.m.s.mapper.ClassPathMapperScanner      : Skipping MapperFactoryBean with name 'roleMapper' and 'com.phms.mapper.RoleMapper' mapperInterface. Bean already defined with the same name!
2022-03-07 13:27:09.866  WARN 25307 --- [restartedMain] o.m.s.mapper.ClassPathMapperScanner      : Skipping MapperFactoryBean with name 'rolePageMapper' and 'com.phms.mapper.RolePageMapper' mapperInterface. Bean already defined with the same name!
2022-03-07 13:27:09.866  WARN 25307 --- [restartedMain] o.m.s.mapper.ClassPathMapperScanner      : Skipping MapperFactoryBean with name 'standardMapper' and 'com.phms.mapper.StandardMapper' mapperInterface. Bean already defined with the same name!
2022-03-07 13:27:09.866  WARN 25307 --- [restartedMain] o.m.s.mapper.ClassPathMapperScanner      : Skipping MapperFactoryBean with name 'userMapper' and 'com.phms.mapper.UserMapper' mapperInterface. Bean already defined with the same name!
2022-03-07 13:27:09.866  WARN 25307 --- [restartedMain] o.m.s.mapper.ClassPathMapperScanner      : Skipping MapperFactoryBean with name 'userRoleMapper' and 'com.phms.mapper.UserRoleMapper' mapperInterface. Bean already defined with the same name!
2022-03-07 13:27:09.866  WARN 25307 --- [restartedMain] o.m.s.mapper.ClassPathMapperScanner      : No MyBatis mapper was found in '[com.phms.mapper]' package. Please check your configuration.
2022-03-07 13:27:09.970  WARN 25307 --- [restartedMain] org.apache.tomcat.util.modeler.Registry  : The MBean registry cannot be disabled because it has already been initialised
2022-03-07 13:27:48.331  WARN 25307 --- [restartedMain] o.m.s.mapper.ClassPathMapperScanner      : Skipping MapperFactoryBean with name 'appointmentMapper' and 'com.phms.mapper.AppointmentMapper' mapperInterface. Bean already defined with the same name!
2022-03-07 13:27:48.332  WARN 25307 --- [restartedMain] o.m.s.mapper.ClassPathMapperScanner      : Skipping MapperFactoryBean with name 'diagnosisMapper' and 'com.phms.mapper.DiagnosisMapper' mapperInterface. Bean already defined with the same name!
2022-03-07 13:27:48.332  WARN 25307 --- [restartedMain] o.m.s.mapper.ClassPathMapperScanner      : Skipping MapperFactoryBean with name 'noticeMapper' and 'com.phms.mapper.NoticeMapper' mapperInterface. Bean already defined with the same name!
2022-03-07 13:27:48.332  WARN 25307 --- [restartedMain] o.m.s.mapper.ClassPathMapperScanner      : Skipping MapperFactoryBean with name 'pageMapper' and 'com.phms.mapper.PageMapper' mapperInterface. Bean already defined with the same name!
2022-03-07 13:27:48.332  WARN 25307 --- [restartedMain] o.m.s.mapper.ClassPathMapperScanner      : Skipping MapperFactoryBean with name 'petDailyMapper' and 'com.phms.mapper.PetDailyMapper' mapperInterface. Bean already defined with the same name!
2022-03-07 13:27:48.332  WARN 25307 --- [restartedMain] o.m.s.mapper.ClassPathMapperScanner      : Skipping MapperFactoryBean with name 'petMapper' and 'com.phms.mapper.PetMapper' mapperInterface. Bean already defined with the same name!
2022-03-07 13:27:48.332  WARN 25307 --- [restartedMain] o.m.s.mapper.ClassPathMapperScanner      : Skipping MapperFactoryBean with name 'roleMapper' and 'com.phms.mapper.RoleMapper' mapperInterface. Bean already defined with the same name!
2022-03-07 13:27:48.332  WARN 25307 --- [restartedMain] o.m.s.mapper.ClassPathMapperScanner      : Skipping MapperFactoryBean with name 'rolePageMapper' and 'com.phms.mapper.RolePageMapper' mapperInterface. Bean already defined with the same name!
2022-03-07 13:27:48.332  WARN 25307 --- [restartedMain] o.m.s.mapper.ClassPathMapperScanner      : Skipping MapperFactoryBean with name 'standardMapper' and 'com.phms.mapper.StandardMapper' mapperInterface. Bean already defined with the same name!
2022-03-07 13:27:48.332  WARN 25307 --- [restartedMain] o.m.s.mapper.ClassPathMapperScanner      : Skipping MapperFactoryBean with name 'userMapper' and 'com.phms.mapper.UserMapper' mapperInterface. Bean already defined with the same name!
2022-03-07 13:27:48.332  WARN 25307 --- [restartedMain] o.m.s.mapper.ClassPathMapperScanner      : Skipping MapperFactoryBean with name 'userRoleMapper' and 'com.phms.mapper.UserRoleMapper' mapperInterface. Bean already defined with the same name!
2022-03-07 13:27:48.332  WARN 25307 --- [restartedMain] o.m.s.mapper.ClassPathMapperScanner      : No MyBatis mapper was found in '[com.phms.mapper]' package. Please check your configuration.
2022-03-07 13:27:48.452  WARN 25307 --- [restartedMain] org.apache.tomcat.util.modeler.Registry  : The MBean registry cannot be disabled because it has already been initialised
2022-03-07 13:28:08.009  WARN 25307 --- [restartedMain] o.m.s.mapper.ClassPathMapperScanner      : Skipping MapperFactoryBean with name 'appointmentMapper' and 'com.phms.mapper.AppointmentMapper' mapperInterface. Bean already defined with the same name!
2022-03-07 13:28:08.010  WARN 25307 --- [restartedMain] o.m.s.mapper.ClassPathMapperScanner      : Skipping MapperFactoryBean with name 'diagnosisMapper' and 'com.phms.mapper.DiagnosisMapper' mapperInterface. Bean already defined with the same name!
2022-03-07 13:28:08.010  WARN 25307 --- [restartedMain] o.m.s.mapper.ClassPathMapperScanner      : Skipping MapperFactoryBean with name 'noticeMapper' and 'com.phms.mapper.NoticeMapper' mapperInterface. Bean already defined with the same name!
2022-03-07 13:28:08.010  WARN 25307 --- [restartedMain] o.m.s.mapper.ClassPathMapperScanner      : Skipping MapperFactoryBean with name 'pageMapper' and 'com.phms.mapper.PageMapper' mapperInterface. Bean already defined with the same name!
2022-03-07 13:28:08.010  WARN 25307 --- [restartedMain] o.m.s.mapper.ClassPathMapperScanner      : Skipping MapperFactoryBean with name 'petDailyMapper' and 'com.phms.mapper.PetDailyMapper' mapperInterface. Bean already defined with the same name!
2022-03-07 13:28:08.010  WARN 25307 --- [restartedMain] o.m.s.mapper.ClassPathMapperScanner      : Skipping MapperFactoryBean with name 'petMapper' and 'com.phms.mapper.PetMapper' mapperInterface. Bean already defined with the same name!
2022-03-07 13:28:08.010  WARN 25307 --- [restartedMain] o.m.s.mapper.ClassPathMapperScanner      : Skipping MapperFactoryBean with name 'roleMapper' and 'com.phms.mapper.RoleMapper' mapperInterface. Bean already defined with the same name!
2022-03-07 13:28:08.010  WARN 25307 --- [restartedMain] o.m.s.mapper.ClassPathMapperScanner      : Skipping MapperFactoryBean with name 'rolePageMapper' and 'com.phms.mapper.RolePageMapper' mapperInterface. Bean already defined with the same name!
2022-03-07 13:28:08.010  WARN 25307 --- [restartedMain] o.m.s.mapper.ClassPathMapperScanner      : Skipping MapperFactoryBean with name 'standardMapper' and 'com.phms.mapper.StandardMapper' mapperInterface. Bean already defined with the same name!
2022-03-07 13:28:08.010  WARN 25307 --- [restartedMain] o.m.s.mapper.ClassPathMapperScanner      : Skipping MapperFactoryBean with name 'userMapper' and 'com.phms.mapper.UserMapper' mapperInterface. Bean already defined with the same name!
2022-03-07 13:28:08.010  WARN 25307 --- [restartedMain] o.m.s.mapper.ClassPathMapperScanner      : Skipping MapperFactoryBean with name 'userRoleMapper' and 'com.phms.mapper.UserRoleMapper' mapperInterface. Bean already defined with the same name!
2022-03-07 13:28:08.010  WARN 25307 --- [restartedMain] o.m.s.mapper.ClassPathMapperScanner      : No MyBatis mapper was found in '[com.phms.mapper]' package. Please check your configuration.
2022-03-07 13:28:08.139  WARN 25307 --- [restartedMain] org.apache.tomcat.util.modeler.Registry  : The MBean registry cannot be disabled because it has already been initialised
2022-03-07 13:30:45.506  WARN 25307 --- [restartedMain] o.m.s.mapper.ClassPathMapperScanner      : Skipping MapperFactoryBean with name 'appointmentMapper' and 'com.phms.mapper.AppointmentMapper' mapperInterface. Bean already defined with the same name!
2022-03-07 13:30:45.506  WARN 25307 --- [restartedMain] o.m.s.mapper.ClassPathMapperScanner      : Skipping MapperFactoryBean with name 'diagnosisMapper' and 'com.phms.mapper.DiagnosisMapper' mapperInterface. Bean already defined with the same name!
2022-03-07 13:30:45.507  WARN 25307 --- [restartedMain] o.m.s.mapper.ClassPathMapperScanner      : Skipping MapperFactoryBean with name 'noticeMapper' and 'com.phms.mapper.NoticeMapper' mapperInterface. Bean already defined with the same name!
2022-03-07 13:30:45.507  WARN 25307 --- [restartedMain] o.m.s.mapper.ClassPathMapperScanner      : Skipping MapperFactoryBean with name 'pageMapper' and 'com.phms.mapper.PageMapper' mapperInterface. Bean already defined with the same name!
2022-03-07 13:30:45.507  WARN 25307 --- [restartedMain] o.m.s.mapper.ClassPathMapperScanner      : Skipping MapperFactoryBean with name 'petDailyMapper' and 'com.phms.mapper.PetDailyMapper' mapperInterface. Bean already defined with the same name!
2022-03-07 13:30:45.507  WARN 25307 --- [restartedMain] o.m.s.mapper.ClassPathMapperScanner      : Skipping MapperFactoryBean with name 'petMapper' and 'com.phms.mapper.PetMapper' mapperInterface. Bean already defined with the same name!
2022-03-07 13:30:45.507  WARN 25307 --- [restartedMain] o.m.s.mapper.ClassPathMapperScanner      : Skipping MapperFactoryBean with name 'roleMapper' and 'com.phms.mapper.RoleMapper' mapperInterface. Bean already defined with the same name!
2022-03-07 13:30:45.507  WARN 25307 --- [restartedMain] o.m.s.mapper.ClassPathMapperScanner      : Skipping MapperFactoryBean with name 'rolePageMapper' and 'com.phms.mapper.RolePageMapper' mapperInterface. Bean already defined with the same name!
2022-03-07 13:30:45.507  WARN 25307 --- [restartedMain] o.m.s.mapper.ClassPathMapperScanner      : Skipping MapperFactoryBean with name 'standardMapper' and 'com.phms.mapper.StandardMapper' mapperInterface. Bean already defined with the same name!
2022-03-07 13:30:45.507  WARN 25307 --- [restartedMain] o.m.s.mapper.ClassPathMapperScanner      : Skipping MapperFactoryBean with name 'userMapper' and 'com.phms.mapper.UserMapper' mapperInterface. Bean already defined with the same name!
2022-03-07 13:30:45.507  WARN 25307 --- [restartedMain] o.m.s.mapper.ClassPathMapperScanner      : Skipping MapperFactoryBean with name 'userRoleMapper' and 'com.phms.mapper.UserRoleMapper' mapperInterface. Bean already defined with the same name!
2022-03-07 13:30:45.507  WARN 25307 --- [restartedMain] o.m.s.mapper.ClassPathMapperScanner      : No MyBatis mapper was found in '[com.phms.mapper]' package. Please check your configuration.
2022-03-07 13:30:45.644  WARN 25307 --- [restartedMain] org.apache.tomcat.util.modeler.Registry  : The MBean registry cannot be disabled because it has already been initialised
2022-03-07 13:31:15.626  WARN 25307 --- [restartedMain] o.m.s.mapper.ClassPathMapperScanner      : Skipping MapperFactoryBean with name 'appointmentMapper' and 'com.phms.mapper.AppointmentMapper' mapperInterface. Bean already defined with the same name!
2022-03-07 13:31:15.626  WARN 25307 --- [restartedMain] o.m.s.mapper.ClassPathMapperScanner      : Skipping MapperFactoryBean with name 'diagnosisMapper' and 'com.phms.mapper.DiagnosisMapper' mapperInterface. Bean already defined with the same name!
2022-03-07 13:31:15.626  WARN 25307 --- [restartedMain] o.m.s.mapper.ClassPathMapperScanner      : Skipping MapperFactoryBean with name 'noticeMapper' and 'com.phms.mapper.NoticeMapper' mapperInterface. Bean already defined with the same name!
2022-03-07 13:31:15.626  WARN 25307 --- [restartedMain] o.m.s.mapper.ClassPathMapperScanner      : Skipping MapperFactoryBean with name 'pageMapper' and 'com.phms.mapper.PageMapper' mapperInterface. Bean already defined with the same name!
2022-03-07 13:31:15.626  WARN 25307 --- [restartedMain] o.m.s.mapper.ClassPathMapperScanner      : Skipping MapperFactoryBean with name 'petDailyMapper' and 'com.phms.mapper.PetDailyMapper' mapperInterface. Bean already defined with the same name!
2022-03-07 13:31:15.626  WARN 25307 --- [restartedMain] o.m.s.mapper.ClassPathMapperScanner      : Skipping MapperFactoryBean with name 'petMapper' and 'com.phms.mapper.PetMapper' mapperInterface. Bean already defined with the same name!
2022-03-07 13:31:15.626  WARN 25307 --- [restartedMain] o.m.s.mapper.ClassPathMapperScanner      : Skipping MapperFactoryBean with name 'roleMapper' and 'com.phms.mapper.RoleMapper' mapperInterface. Bean already defined with the same name!
2022-03-07 13:31:15.626  WARN 25307 --- [restartedMain] o.m.s.mapper.ClassPathMapperScanner      : Skipping MapperFactoryBean with name 'rolePageMapper' and 'com.phms.mapper.RolePageMapper' mapperInterface. Bean already defined with the same name!
2022-03-07 13:31:15.626  WARN 25307 --- [restartedMain] o.m.s.mapper.ClassPathMapperScanner      : Skipping MapperFactoryBean with name 'standardMapper' and 'com.phms.mapper.StandardMapper' mapperInterface. Bean already defined with the same name!
2022-03-07 13:31:15.626  WARN 25307 --- [restartedMain] o.m.s.mapper.ClassPathMapperScanner      : Skipping MapperFactoryBean with name 'userMapper' and 'com.phms.mapper.UserMapper' mapperInterface. Bean already defined with the same name!
2022-03-07 13:31:15.626  WARN 25307 --- [restartedMain] o.m.s.mapper.ClassPathMapperScanner      : Skipping MapperFactoryBean with name 'userRoleMapper' and 'com.phms.mapper.UserRoleMapper' mapperInterface. Bean already defined with the same name!
2022-03-07 13:31:15.626  WARN 25307 --- [restartedMain] o.m.s.mapper.ClassPathMapperScanner      : No MyBatis mapper was found in '[com.phms.mapper]' package. Please check your configuration.
2022-03-07 13:31:15.734  WARN 25307 --- [restartedMain] org.apache.tomcat.util.modeler.Registry  : The MBean registry cannot be disabled because it has already been initialised
2022-03-07 13:36:16.020  WARN 25307 --- [restartedMain] o.m.s.mapper.ClassPathMapperScanner      : Skipping MapperFactoryBean with name 'appointmentMapper' and 'com.phms.mapper.AppointmentMapper' mapperInterface. Bean already defined with the same name!
2022-03-07 13:36:16.020  WARN 25307 --- [restartedMain] o.m.s.mapper.ClassPathMapperScanner      : Skipping MapperFactoryBean with name 'diagnosisMapper' and 'com.phms.mapper.DiagnosisMapper' mapperInterface. Bean already defined with the same name!
2022-03-07 13:36:16.020  WARN 25307 --- [restartedMain] o.m.s.mapper.ClassPathMapperScanner      : Skipping MapperFactoryBean with name 'noticeMapper' and 'com.phms.mapper.NoticeMapper' mapperInterface. Bean already defined with the same name!
2022-03-07 13:36:16.020  WARN 25307 --- [restartedMain] o.m.s.mapper.ClassPathMapperScanner      : Skipping MapperFactoryBean with name 'pageMapper' and 'com.phms.mapper.PageMapper' mapperInterface. Bean already defined with the same name!
2022-03-07 13:36:16.020  WARN 25307 --- [restartedMain] o.m.s.mapper.ClassPathMapperScanner      : Skipping MapperFactoryBean with name 'petDailyMapper' and 'com.phms.mapper.PetDailyMapper' mapperInterface. Bean already defined with the same name!
2022-03-07 13:36:16.020  WARN 25307 --- [restartedMain] o.m.s.mapper.ClassPathMapperScanner      : Skipping MapperFactoryBean with name 'petMapper' and 'com.phms.mapper.PetMapper' mapperInterface. Bean already defined with the same name!
2022-03-07 13:36:16.020  WARN 25307 --- [restartedMain] o.m.s.mapper.ClassPathMapperScanner      : Skipping MapperFactoryBean with name 'roleMapper' and 'com.phms.mapper.RoleMapper' mapperInterface. Bean already defined with the same name!
2022-03-07 13:36:16.020  WARN 25307 --- [restartedMain] o.m.s.mapper.ClassPathMapperScanner      : Skipping MapperFactoryBean with name 'rolePageMapper' and 'com.phms.mapper.RolePageMapper' mapperInterface. Bean already defined with the same name!
2022-03-07 13:36:16.021  WARN 25307 --- [restartedMain] o.m.s.mapper.ClassPathMapperScanner      : Skipping MapperFactoryBean with name 'standardMapper' and 'com.phms.mapper.StandardMapper' mapperInterface. Bean already defined with the same name!
2022-03-07 13:36:16.021  WARN 25307 --- [restartedMain] o.m.s.mapper.ClassPathMapperScanner      : Skipping MapperFactoryBean with name 'userMapper' and 'com.phms.mapper.UserMapper' mapperInterface. Bean already defined with the same name!
2022-03-07 13:36:16.021  WARN 25307 --- [restartedMain] o.m.s.mapper.ClassPathMapperScanner      : Skipping MapperFactoryBean with name 'userRoleMapper' and 'com.phms.mapper.UserRoleMapper' mapperInterface. Bean already defined with the same name!
2022-03-07 13:36:16.021  WARN 25307 --- [restartedMain] o.m.s.mapper.ClassPathMapperScanner      : No MyBatis mapper was found in '[com.phms.mapper]' package. Please check your configuration.
2022-03-07 13:36:16.114  WARN 25307 --- [restartedMain] org.apache.tomcat.util.modeler.Registry  : The MBean registry cannot be disabled because it has already been initialised
