2022-02-20 22:48:15.499  WARN 15004 --- [restartedMain] o.m.s.mapper.ClassPathMapperScanner      : Skipping MapperFactoryBean with name 'appointmentMapper' and 'com.phms.mapper.AppointmentMapper' mapperInterface. Bean already defined with the same name!
2022-02-20 22:48:15.499  WARN 15004 --- [restartedMain] o.m.s.mapper.ClassPathMapperScanner      : Skipping MapperFactoryBean with name 'diagnosisMapper' and 'com.phms.mapper.DiagnosisMapper' mapperInterface. Bean already defined with the same name!
2022-02-20 22:48:15.499  WARN 15004 --- [restartedMain] o.m.s.mapper.ClassPathMapperScanner      : Skipping MapperFactoryBean with name 'noticeMapper' and 'com.phms.mapper.NoticeMapper' mapperInterface. Bean already defined with the same name!
2022-02-20 22:48:15.499  WARN 15004 --- [restartedMain] o.m.s.mapper.ClassPathMapperScanner      : Skipping MapperFactoryBean with name 'pageMapper' and 'com.phms.mapper.PageMapper' mapperInterface. Bean already defined with the same name!
2022-02-20 22:48:15.499  WARN 15004 --- [restartedMain] o.m.s.mapper.ClassPathMapperScanner      : Skipping MapperFactoryBean with name 'petDailyMapper' and 'com.phms.mapper.PetDailyMapper' mapperInterface. Bean already defined with the same name!
2022-02-20 22:48:15.499  WARN 15004 --- [restartedMain] o.m.s.mapper.ClassPathMapperScanner      : Skipping MapperFactoryBean with name 'petMapper' and 'com.phms.mapper.PetMapper' mapperInterface. Bean already defined with the same name!
2022-02-20 22:48:15.499  WARN 15004 --- [restartedMain] o.m.s.mapper.ClassPathMapperScanner      : Skipping MapperFactoryBean with name 'roleMapper' and 'com.phms.mapper.RoleMapper' mapperInterface. Bean already defined with the same name!
2022-02-20 22:48:15.500  WARN 15004 --- [restartedMain] o.m.s.mapper.ClassPathMapperScanner      : Skipping MapperFactoryBean with name 'rolePageMapper' and 'com.phms.mapper.RolePageMapper' mapperInterface. Bean already defined with the same name!
2022-02-20 22:48:15.500  WARN 15004 --- [restartedMain] o.m.s.mapper.ClassPathMapperScanner      : Skipping MapperFactoryBean with name 'standardMapper' and 'com.phms.mapper.StandardMapper' mapperInterface. Bean already defined with the same name!
2022-02-20 22:48:15.500  WARN 15004 --- [restartedMain] o.m.s.mapper.ClassPathMapperScanner      : Skipping MapperFactoryBean with name 'userMapper' and 'com.phms.mapper.UserMapper' mapperInterface. Bean already defined with the same name!
2022-02-20 22:48:15.500  WARN 15004 --- [restartedMain] o.m.s.mapper.ClassPathMapperScanner      : Skipping MapperFactoryBean with name 'userRoleMapper' and 'com.phms.mapper.UserRoleMapper' mapperInterface. Bean already defined with the same name!
2022-02-20 22:48:15.500  WARN 15004 --- [restartedMain] o.m.s.mapper.ClassPathMapperScanner      : No MyBatis mapper was found in '[com.phms.mapper]' package. Please check your configuration.
2022-02-20 23:21:43.717  WARN 29241 --- [restartedMain] o.m.s.mapper.ClassPathMapperScanner      : Skipping MapperFactoryBean with name 'appointmentMapper' and 'com.phms.mapper.AppointmentMapper' mapperInterface. Bean already defined with the same name!
2022-02-20 23:21:43.717  WARN 29241 --- [restartedMain] o.m.s.mapper.ClassPathMapperScanner      : Skipping MapperFactoryBean with name 'diagnosisMapper' and 'com.phms.mapper.DiagnosisMapper' mapperInterface. Bean already defined with the same name!
2022-02-20 23:21:43.717  WARN 29241 --- [restartedMain] o.m.s.mapper.ClassPathMapperScanner      : Skipping MapperFactoryBean with name 'noticeMapper' and 'com.phms.mapper.NoticeMapper' mapperInterface. Bean already defined with the same name!
2022-02-20 23:21:43.718  WARN 29241 --- [restartedMain] o.m.s.mapper.ClassPathMapperScanner      : Skipping MapperFactoryBean with name 'pageMapper' and 'com.phms.mapper.PageMapper' mapperInterface. Bean already defined with the same name!
2022-02-20 23:21:43.718  WARN 29241 --- [restartedMain] o.m.s.mapper.ClassPathMapperScanner      : Skipping MapperFactoryBean with name 'petDailyMapper' and 'com.phms.mapper.PetDailyMapper' mapperInterface. Bean already defined with the same name!
2022-02-20 23:21:43.718  WARN 29241 --- [restartedMain] o.m.s.mapper.ClassPathMapperScanner      : Skipping MapperFactoryBean with name 'petMapper' and 'com.phms.mapper.PetMapper' mapperInterface. Bean already defined with the same name!
2022-02-20 23:21:43.718  WARN 29241 --- [restartedMain] o.m.s.mapper.ClassPathMapperScanner      : Skipping MapperFactoryBean with name 'roleMapper' and 'com.phms.mapper.RoleMapper' mapperInterface. Bean already defined with the same name!
2022-02-20 23:21:43.718  WARN 29241 --- [restartedMain] o.m.s.mapper.ClassPathMapperScanner      : Skipping MapperFactoryBean with name 'rolePageMapper' and 'com.phms.mapper.RolePageMapper' mapperInterface. Bean already defined with the same name!
2022-02-20 23:21:43.718  WARN 29241 --- [restartedMain] o.m.s.mapper.ClassPathMapperScanner      : Skipping MapperFactoryBean with name 'standardMapper' and 'com.phms.mapper.StandardMapper' mapperInterface. Bean already defined with the same name!
2022-02-20 23:21:43.718  WARN 29241 --- [restartedMain] o.m.s.mapper.ClassPathMapperScanner      : Skipping MapperFactoryBean with name 'userMapper' and 'com.phms.mapper.UserMapper' mapperInterface. Bean already defined with the same name!
2022-02-20 23:21:43.718  WARN 29241 --- [restartedMain] o.m.s.mapper.ClassPathMapperScanner      : Skipping MapperFactoryBean with name 'userRoleMapper' and 'com.phms.mapper.UserRoleMapper' mapperInterface. Bean already defined with the same name!
2022-02-20 23:21:43.718  WARN 29241 --- [restartedMain] o.m.s.mapper.ClassPathMapperScanner      : No MyBatis mapper was found in '[com.phms.mapper]' package. Please check your configuration.
2022-02-20 23:50:10.922  WARN 29241 --- [restartedMain] o.m.s.mapper.ClassPathMapperScanner      : Skipping MapperFactoryBean with name 'appointmentMapper' and 'com.phms.mapper.AppointmentMapper' mapperInterface. Bean already defined with the same name!
2022-02-20 23:50:10.923  WARN 29241 --- [restartedMain] o.m.s.mapper.ClassPathMapperScanner      : Skipping MapperFactoryBean with name 'diagnosisMapper' and 'com.phms.mapper.DiagnosisMapper' mapperInterface. Bean already defined with the same name!
2022-02-20 23:50:10.923  WARN 29241 --- [restartedMain] o.m.s.mapper.ClassPathMapperScanner      : Skipping MapperFactoryBean with name 'noticeMapper' and 'com.phms.mapper.NoticeMapper' mapperInterface. Bean already defined with the same name!
2022-02-20 23:50:10.923  WARN 29241 --- [restartedMain] o.m.s.mapper.ClassPathMapperScanner      : Skipping MapperFactoryBean with name 'pageMapper' and 'com.phms.mapper.PageMapper' mapperInterface. Bean already defined with the same name!
2022-02-20 23:50:10.923  WARN 29241 --- [restartedMain] o.m.s.mapper.ClassPathMapperScanner      : Skipping MapperFactoryBean with name 'petDailyMapper' and 'com.phms.mapper.PetDailyMapper' mapperInterface. Bean already defined with the same name!
2022-02-20 23:50:10.923  WARN 29241 --- [restartedMain] o.m.s.mapper.ClassPathMapperScanner      : Skipping MapperFactoryBean with name 'petMapper' and 'com.phms.mapper.PetMapper' mapperInterface. Bean already defined with the same name!
2022-02-20 23:50:10.924  WARN 29241 --- [restartedMain] o.m.s.mapper.ClassPathMapperScanner      : Skipping MapperFactoryBean with name 'roleMapper' and 'com.phms.mapper.RoleMapper' mapperInterface. Bean already defined with the same name!
2022-02-20 23:50:10.924  WARN 29241 --- [restartedMain] o.m.s.mapper.ClassPathMapperScanner      : Skipping MapperFactoryBean with name 'rolePageMapper' and 'com.phms.mapper.RolePageMapper' mapperInterface. Bean already defined with the same name!
2022-02-20 23:50:10.924  WARN 29241 --- [restartedMain] o.m.s.mapper.ClassPathMapperScanner      : Skipping MapperFactoryBean with name 'standardMapper' and 'com.phms.mapper.StandardMapper' mapperInterface. Bean already defined with the same name!
2022-02-20 23:50:10.924  WARN 29241 --- [restartedMain] o.m.s.mapper.ClassPathMapperScanner      : Skipping MapperFactoryBean with name 'userMapper' and 'com.phms.mapper.UserMapper' mapperInterface. Bean already defined with the same name!
2022-02-20 23:50:10.924  WARN 29241 --- [restartedMain] o.m.s.mapper.ClassPathMapperScanner      : Skipping MapperFactoryBean with name 'userRoleMapper' and 'com.phms.mapper.UserRoleMapper' mapperInterface. Bean already defined with the same name!
2022-02-20 23:50:10.924  WARN 29241 --- [restartedMain] o.m.s.mapper.ClassPathMapperScanner      : No MyBatis mapper was found in '[com.phms.mapper]' package. Please check your configuration.
2022-02-20 23:50:11.041  WARN 29241 --- [restartedMain] org.apache.tomcat.util.modeler.Registry  : The MBean registry cannot be disabled because it has already been initialised
